{"meta": {"format": 3, "version": "7.13.1", "timestamp": "2026-01-25T09:42:00.820275", "branch_coverage": false, "show_contexts": false}, "files": {"src/bnsyn/__init__.py": {"executed_lines": [1, 3, 5, 6, 10], "summary": {"covered_lines": 5, "num_statements": 5, "percent_covered": 100.0, "percent_covered_display": "100", "missing_lines": 0, "excluded_lines": 2, "percent_statements_covered": 100.0, "percent_statements_covered_display": "100"}, "missing_lines": [], "excluded_lines": [7, 8], "functions": {"": {"executed_lines": [1, 3, 5, 6, 10], "summary": {"covered_lines": 5, "num_statements": 5, "percent_covered": 100.0, "percent_covered_display": "100", "missing_lines": 0, "excluded_lines": 2, "percent_statements_covered": 100.0, "percent_statements_covered_display": "100"}, "missing_lines": [], "excluded_lines": [7, 8], "start_line": 1}}, "classes": {"": {"executed_lines": [1, 3, 5, 6, 10], "summary": {"covered_lines": 5, "num_statements": 5, "percent_covered": 100.0, "percent_covered_display": "100", "missing_lines": 0, "excluded_lines": 2, "percent_statements_covered": 100.0, "percent_statements_covered_display": "100"}, "missing_lines": [], "excluded_lines": [7, 8], "start_line": 1}}}, "src/bnsyn/calibration/__init__.py": {"executed_lines": [1, 3], "summary": {"covered_lines": 2, "num_statements": 2, "percent_covered": 100.0, "percent_covered_display": "100", "missing_lines": 0, "excluded_lines": 0, "percent_statements_covered": 100.0, "percent_statements_covered_display": "100"}, "missing_lines": [], "excluded_lines": [], "functions": {"": {"executed_lines": [1, 3], "summary": {"covered_lines": 2, "num_statements": 2, "percent_covered": 100.0, "percent_covered_display": "100", "missing_lines": 0, "excluded_lines": 0, "percent_statements_covered": 100.0, "percent_statements_covered_display": "100"}, "missing_lines": [], "excluded_lines": [], "start_line": 1}}, "classes": {"": {"executed_lines": [1, 3], "summary": {"covered_lines": 2, "num_statements": 2, "percent_covered": 100.0, "percent_covered_display": "100", "missing_lines": 0, "excluded_lines": 0, "percent_statements_covered": 100.0, "percent_statements_covered_display": "100"}, "missing_lines": [], "excluded_lines": [], "start_line": 1}}}, "src/bnsyn/calibration/fit.py": {"executed_lines": [1, 3, 5, 8, 9, 10, 11, 12, 15, 16, 17, 18, 20, 21, 22, 23, 24, 25, 26, 29, 31], "summary": {"covered_lines": 21, "num_statements": 22, "percent_covered": 95.45454545454545, "percent_covered_display": "95", "missing_lines": 1, "excluded_lines": 0, "percent_statements_covered": 95.45454545454545, "percent_statements_covered_display": "95"}, "missing_lines": [19], "excluded_lines": [], "functions": {"fit_line": {"executed_lines": [16, 17, 18, 20, 21, 22, 23, 24, 25, 26], "summary": {"covered_lines": 10, "num_statements": 11, "percent_covered": 90.9090909090909, "percent_covered_display": "91", "missing_lines": 1, "excluded_lines": 0, "percent_statements_covered": 90.9090909090909, "percent_statements_covered_display": "91"}, "missing_lines": [19], "excluded_lines": [], "start_line": 15}, "fit_fI_curve": {"executed_lines": [31], "summary": {"covered_lines": 1, "num_statements": 1, "percent_covered": 100.0, "percent_covered_display": "100", "missing_lines": 0, "excluded_lines": 0, "percent_statements_covered": 100.0, "percent_statements_covered_display": "100"}, "missing_lines": [], "excluded_lines": [], "start_line": 29}, "": {"executed_lines": [1, 3, 5, 8, 9, 10, 11, 12, 15, 29], "summary": {"covered_lines": 10, "num_statements": 10, "percent_covered": 100.0, "percent_covered_display": "100", "missing_lines": 0, "excluded_lines": 0, "percent_statements_covered": 100.0, "percent_statements_covered_display": "100"}, "missing_lines": [], "excluded_lines": [], "start_line": 1}}, "classes": {"LineFit": {"executed_lines": [], "summary": {"covered_lines": 0, "num_statements": 0, "percent_covered": 100.0, "percent_covered_display": "100", "missing_lines": 0, "excluded_lines": 0, "percent_statements_covered": 100.0, "percent_statements_covered_display": "100"}, "missing_lines": [], "excluded_lines": [], "start_line": 9}, "": {"executed_lines": [1, 3, 5, 8, 9, 10, 11, 12, 15, 16, 17, 18, 20, 21, 22, 23, 24, 25, 26, 29, 31], "summary": {"covered_lines": 21, "num_statements": 22, "percent_covered": 95.45454545454545, "percent_covered_display": "95", "missing_lines": 1, "excluded_lines": 0, "percent_statements_covered": 95.45454545454545, "percent_statements_covered_display": "95"}, "missing_lines": [19], "excluded_lines": [], "start_line": 1}}}, "src/bnsyn/cli.py": {"executed_lines": [6, 8, 9, 10, 12, 15, 24, 25, 26, 29, 38, 39, 41, 42, 43, 46, 48, 49, 51, 52, 53, 54, 55, 56, 58, 59, 60, 61, 62, 63, 64, 66, 67, 70], "summary": {"covered_lines": 34, "num_statements": 35, "percent_covered": 97.14285714285714, "percent_covered_display": "97", "missing_lines": 1, "excluded_lines": 0, "percent_statements_covered": 97.14285714285714, "percent_statements_covered_display": "97"}, "missing_lines": [71], "excluded_lines": [], "functions": {"_cmd_demo": {"executed_lines": [24, 25, 26], "summary": {"covered_lines": 3, "num_statements": 3, "percent_covered": 100.0, "percent_covered_display": "100", "missing_lines": 0, "excluded_lines": 0, "percent_statements_covered": 100.0, "percent_statements_covered_display": "100"}, "missing_lines": [], "excluded_lines": [], "start_line": 15}, "_cmd_dtcheck": {"executed_lines": [38, 39, 41, 42, 43], "summary": {"covered_lines": 5, "num_statements": 5, "percent_covered": 100.0, "percent_covered_display": "100", "missing_lines": 0, "excluded_lines": 0, "percent_statements_covered": 100.0, "percent_statements_covered_display": "100"}, "missing_lines": [], "excluded_lines": [], "start_line": 29}, "main": {"executed_lines": [48, 49, 51, 52, 53, 54, 55, 56, 58, 59, 60, 61, 62, 63, 64, 66, 67], "summary": {"covered_lines": 17, "num_statements": 17, "percent_covered": 100.0, "percent_covered_display": "100", "missing_lines": 0, "excluded_lines": 0, "percent_statements_covered": 100.0, "percent_statements_covered_display": "100"}, "missing_lines": [], "excluded_lines": [], "start_line": 46}, "": {"executed_lines": [6, 8, 9, 10, 12, 15, 29, 46, 70], "summary": {"covered_lines": 9, "num_statements": 10, "percent_covered": 90.0, "percent_covered_display": "90", "missing_lines": 1, "excluded_lines": 0, "percent_statements_covered": 90.0, "percent_statements_covered_display": "90"}, "missing_lines": [71], "excluded_lines": [], "start_line": 1}}, "classes": {"": {"executed_lines": [6, 8, 9, 10, 12, 15, 24, 25, 26, 29, 38, 39, 41, 42, 43, 46, 48, 49, 51, 52, 53, 54, 55, 56, 58, 59, 60, 61, 62, 63, 64, 66, 67, 70], "summary": {"covered_lines": 34, "num_statements": 35, "percent_covered": 97.14285714285714, "percent_covered_display": "97", "missing_lines": 1, "excluded_lines": 0, "percent_statements_covered": 97.14285714285714, "percent_statements_covered_display": "97"}, "missing_lines": [71], "excluded_lines": [], "start_line": 1}}}, "src/bnsyn/config.py": {"executed_lines": [6, 8, 11, 15, 16, 17, 18, 19, 20, 21, 22, 23, 24, 27, 30, 31, 32, 34, 35, 36, 38, 39, 42, 45, 46, 47, 48, 49, 50, 51, 52, 55, 58, 59, 60, 61, 64, 67, 68, 69, 70, 71, 74, 77, 78, 79, 80, 81, 82, 85, 88, 89, 90, 91], "summary": {"covered_lines": 54, "num_statements": 54, "percent_covered": 100.0, "percent_covered_display": "100", "missing_lines": 0, "excluded_lines": 0, "percent_statements_covered": 100.0, "percent_statements_covered_display": "100"}, "missing_lines": [], "excluded_lines": [], "functions": {"": {"executed_lines": [6, 8, 11, 15, 16, 17, 18, 19, 20, 21, 22, 23, 24, 27, 30, 31, 32, 34, 35, 36, 38, 39, 42, 45, 46, 47, 48, 49, 50, 51, 52, 55, 58, 59, 60, 61, 64, 67, 68, 69, 70, 71, 74, 77, 78, 79, 80, 81, 82, 85, 88, 89, 90, 91], "summary": {"covered_lines": 54, "num_statements": 54, "percent_covered": 100.0, "percent_covered_display": "100", "missing_lines": 0, "excluded_lines": 0, "percent_statements_covered": 100.0, "percent_statements_covered_display": "100"}, "missing_lines": [], "excluded_lines": [], "start_line": 1}}, "classes": {"AdExParams": {"executed_lines": [], "summary": {"covered_lines": 0, "num_statements": 0, "percent_covered": 100.0, "percent_covered_display": "100", "missing_lines": 0, "excluded_lines": 0, "percent_statements_covered": 100.0, "percent_statements_covered_display": "100"}, "missing_lines": [], "excluded_lines": [], "start_line": 11}, "SynapseParams": {"executed_lines": [], "summary": {"covered_lines": 0, "num_statements": 0, "percent_covered": 100.0, "percent_covered_display": "100", "missing_lines": 0, "excluded_lines": 0, "percent_statements_covered": 100.0, "percent_statements_covered_display": "100"}, "missing_lines": [], "excluded_lines": [], "start_line": 27}, "PlasticityParams": {"executed_lines": [], "summary": {"covered_lines": 0, "num_statements": 0, "percent_covered": 100.0, "percent_covered_display": "100", "missing_lines": 0, "excluded_lines": 0, "percent_statements_covered": 100.0, "percent_statements_covered_display": "100"}, "missing_lines": [], "excluded_lines": [], "start_line": 42}, "CriticalityParams": {"executed_lines": [], "summary": {"covered_lines": 0, "num_statements": 0, "percent_covered": 100.0, "percent_covered_display": "100", "missing_lines": 0, "excluded_lines": 0, "percent_statements_covered": 100.0, "percent_statements_covered_display": "100"}, "missing_lines": [], "excluded_lines": [], "start_line": 55}, "TemperatureParams": {"executed_lines": [], "summary": {"covered_lines": 0, "num_statements": 0, "percent_covered": 100.0, "percent_covered_display": "100", "missing_lines": 0, "excluded_lines": 0, "percent_statements_covered": 100.0, "percent_statements_covered_display": "100"}, "missing_lines": [], "excluded_lines": [], "start_line": 64}, "DualWeightParams": {"executed_lines": [], "summary": {"covered_lines": 0, "num_statements": 0, "percent_covered": 100.0, "percent_covered_display": "100", "missing_lines": 0, "excluded_lines": 0, "percent_statements_covered": 100.0, "percent_statements_covered_display": "100"}, "missing_lines": [], "excluded_lines": [], "start_line": 74}, "EnergyParams": {"executed_lines": [], "summary": {"covered_lines": 0, "num_statements": 0, "percent_covered": 100.0, "percent_covered_display": "100", "missing_lines": 0, "excluded_lines": 0, "percent_statements_covered": 100.0, "percent_statements_covered_display": "100"}, "missing_lines": [], "excluded_lines": [], "start_line": 85}, "": {"executed_lines": [6, 8, 11, 15, 16, 17, 18, 19, 20, 21, 22, 23, 24, 27, 30, 31, 32, 34, 35, 36, 38, 39, 42, 45, 46, 47, 48, 49, 50, 51, 52, 55, 58, 59, 60, 61, 64, 67, 68, 69, 70, 71, 74, 77, 78, 79, 80, 81, 82, 85, 88, 89, 90, 91], "summary": {"covered_lines": 54, "num_statements": 54, "percent_covered": 100.0, "percent_covered_display": "100", "missing_lines": 0, "excluded_lines": 0, "percent_statements_covered": 100.0, "percent_statements_covered_display": "100"}, "missing_lines": [], "excluded_lines": [], "start_line": 1}}}, "src/bnsyn/connectivity/__init__.py": {"executed_lines": [3, 5, 7], "summary": {"covered_lines": 3, "num_statements": 3, "percent_covered": 100.0, "percent_covered_display": "100", "missing_lines": 0, "excluded_lines": 0, "percent_statements_covered": 100.0, "percent_statements_covered_display": "100"}, "missing_lines": [], "excluded_lines": [], "functions": {"": {"executed_lines": [3, 5, 7], "summary": {"covered_lines": 3, "num_statements": 3, "percent_covered": 100.0, "percent_covered_display": "100", "missing_lines": 0, "excluded_lines": 0, "percent_statements_covered": 100.0, "percent_statements_covered_display": "100"}, "missing_lines": [], "excluded_lines": [], "start_line": 1}}, "classes": {"": {"executed_lines": [3, 5, 7], "summary": {"covered_lines": 3, "num_statements": 3, "percent_covered": 100.0, "percent_covered_display": "100", "missing_lines": 0, "excluded_lines": 0, "percent_statements_covered": 100.0, "percent_statements_covered_display": "100"}, "missing_lines": [], "excluded_lines": [], "start_line": 1}}}, "src/bnsyn/connectivity/sparse.py": {"executed_lines": [6, 8, 9, 11, 12, 13, 15, 18, 19, 31, 32, 33, 34, 35, 36, 39, 51, 57, 59, 62, 63, 64, 65, 67, 68, 74, 75, 77, 79, 88, 89, 90, 91, 93, 94, 95, 96, 97, 99, 108, 109, 110, 111, 113, 114, 116, 118, 119, 120, 123, 129, 137], "summary": {"covered_lines": 52, "num_statements": 69, "percent_covered": 75.3623188405797, "percent_covered_display": "75", "missing_lines": 17, "excluded_lines": 0, "percent_statements_covered": 75.3623188405797, "percent_statements_covered_display": "75"}, "missing_lines": [58, 60, 72, 112, 121, 125, 126, 127, 130, 165, 166, 167, 168, 169, 170, 171, 172], "excluded_lines": [], "functions": {"SparseConnectivity.__init__": {"executed_lines": [57, 59, 62, 63, 64, 65, 67, 68, 74, 75, 77, 79], "summary": {"covered_lines": 12, "num_statements": 15, "percent_covered": 80.0, "percent_covered_display": "80", "missing_lines": 3, "excluded_lines": 0, "percent_statements_covered": 80.0, "percent_statements_covered_display": "80"}, "missing_lines": [58, 60, 72], "excluded_lines": [], "start_line": 51}, "SparseConnectivity._estimate_sparse_size": {"executed_lines": [90, 91], "summary": {"covered_lines": 2, "num_statements": 2, "percent_covered": 100.0, "percent_covered_display": "100", "missing_lines": 0, "excluded_lines": 0, "percent_statements_covered": 100.0, "percent_statements_covered_display": "100"}, "missing_lines": [], "excluded_lines": [], "start_line": 89}, "SparseConnectivity._estimate_speedup": {"executed_lines": [95, 96, 97], "summary": {"covered_lines": 3, "num_statements": 3, "percent_covered": 100.0, "percent_covered_display": "100", "missing_lines": 0, "excluded_lines": 0, "percent_statements_covered": 100.0, "percent_statements_covered_display": "100"}, "missing_lines": [], "excluded_lines": [], "start_line": 94}, "SparseConnectivity.apply": {"executed_lines": [108, 109, 110, 111, 113, 114], "summary": {"covered_lines": 6, "num_statements": 7, "percent_covered": 85.71428571428571, "percent_covered_display": "86", "missing_lines": 1, "excluded_lines": 0, "percent_statements_covered": 85.71428571428571, "percent_statements_covered_display": "86"}, "missing_lines": [112], "excluded_lines": [], "start_line": 99}, "SparseConnectivity.to_dense": {"executed_lines": [118, 119, 120], "summary": {"covered_lines": 3, "num_statements": 4, "percent_covered": 75.0, "percent_covered_display": "75", "missing_lines": 1, "excluded_lines": 0, "percent_statements_covered": 75.0, "percent_statements_covered_display": "75"}, "missing_lines": [121], "excluded_lines": [], "start_line": 116}, "SparseConnectivity.to_sparse": {"executed_lines": [], "summary": {"covered_lines": 0, "num_statements": 3, "percent_covered": 0.0, "percent_covered_display": "0", "missing_lines": 3, "excluded_lines": 0, "percent_statements_covered": 0.0, "percent_statements_covered_display": "0"}, "missing_lines": [125, 126, 127], "excluded_lines": [], "start_line": 123}, "SparseConnectivity.__repr__": {"executed_lines": [], "summary": {"covered_lines": 0, "num_statements": 1, "percent_covered": 0.0, "percent_covered_display": "0", "missing_lines": 1, "excluded_lines": 0, "percent_statements_covered": 0.0, "percent_statements_covered_display": "0"}, "missing_lines": [130], "excluded_lines": [], "start_line": 129}, "build_random_connectivity": {"executed_lines": [], "summary": {"covered_lines": 0, "num_statements": 8, "percent_covered": 0.0, "percent_covered_display": "0", "missing_lines": 8, "excluded_lines": 0, "percent_statements_covered": 0.0, "percent_statements_covered_display": "0"}, "missing_lines": [165, 166, 167, 168, 169, 170, 171, 172], "excluded_lines": [], "start_line": 137}, "": {"executed_lines": [6, 8, 9, 11, 12, 13, 15, 18, 19, 31, 32, 33, 34, 35, 36, 39, 51, 88, 89, 93, 94, 99, 116, 123, 129, 137], "summary": {"covered_lines": 26, "num_statements": 26, "percent_covered": 100.0, "percent_covered_display": "100", "missing_lines": 0, "excluded_lines": 0, "percent_statements_covered": 100.0, "percent_statements_covered_display": "100"}, "missing_lines": [], "excluded_lines": [], "start_line": 1}}, "classes": {"SparseConnectivityMetrics": {"executed_lines": [], "summary": {"covered_lines": 0, "num_statements": 0, "percent_covered": 100.0, "percent_covered_display": "100", "missing_lines": 0, "excluded_lines": 0, "percent_statements_covered": 100.0, "percent_statements_covered_display": "100"}, "missing_lines": [], "excluded_lines": [], "start_line": 19}, "SparseConnectivity": {"executed_lines": [57, 59, 62, 63, 64, 65, 67, 68, 74, 75, 77, 79, 90, 91, 95, 96, 97, 108, 109, 110, 111, 113, 114, 118, 119, 120], "summary": {"covered_lines": 26, "num_statements": 35, "percent_covered": 74.28571428571429, "percent_covered_display": "74", "missing_lines": 9, "excluded_lines": 0, "percent_statements_covered": 74.28571428571429, "percent_statements_covered_display": "74"}, "missing_lines": [58, 60, 72, 112, 121, 125, 126, 127, 130], "excluded_lines": [], "start_line": 39}, "": {"executed_lines": [6, 8, 9, 11, 12, 13, 15, 18, 19, 31, 32, 33, 34, 35, 36, 39, 51, 88, 89, 93, 94, 99, 116, 123, 129, 137], "summary": {"covered_lines": 26, "num_statements": 34, "percent_covered": 76.47058823529412, "percent_covered_display": "76", "missing_lines": 8, "excluded_lines": 0, "percent_statements_covered": 76.47058823529412, "percent_statements_covered_display": "76"}, "missing_lines": [165, 166, 167, 168, 169, 170, 171, 172], "excluded_lines": [], "start_line": 1}}}, "src/bnsyn/consolidation/__init__.py": {"executed_lines": [1, 3], "summary": {"covered_lines": 2, "num_statements": 2, "percent_covered": 100.0, "percent_covered_display": "100", "missing_lines": 0, "excluded_lines": 0, "percent_statements_covered": 100.0, "percent_statements_covered_display": "100"}, "missing_lines": [], "excluded_lines": [], "functions": {"": {"executed_lines": [1, 3], "summary": {"covered_lines": 2, "num_statements": 2, "percent_covered": 100.0, "percent_covered_display": "100", "missing_lines": 0, "excluded_lines": 0, "percent_statements_covered": 100.0, "percent_statements_covered_display": "100"}, "missing_lines": [], "excluded_lines": [], "start_line": 1}}, "classes": {"": {"executed_lines": [1, 3], "summary": {"covered_lines": 2, "num_statements": 2, "percent_covered": 100.0, "percent_covered_display": "100", "missing_lines": 0, "excluded_lines": 0, "percent_statements_covered": 100.0, "percent_statements_covered_display": "100"}, "missing_lines": [], "excluded_lines": [], "start_line": 1}}}, "src/bnsyn/consolidation/dual_weight.py": {"executed_lines": [1, 3, 5, 7, 10, 11, 20, 21, 22, 23, 24, 26, 27, 28, 36, 42, 44, 48, 49, 52, 55, 56, 57, 58, 59, 62, 63, 65, 66, 67], "summary": {"covered_lines": 30, "num_statements": 32, "percent_covered": 93.75, "percent_covered_display": "94", "missing_lines": 2, "excluded_lines": 0, "percent_statements_covered": 93.75, "percent_statements_covered_display": "94"}, "missing_lines": [43, 45], "excluded_lines": [], "functions": {"DualWeights.init": {"executed_lines": [28], "summary": {"covered_lines": 1, "num_statements": 1, "percent_covered": 100.0, "percent_covered_display": "100", "missing_lines": 0, "excluded_lines": 0, "percent_statements_covered": 100.0, "percent_statements_covered_display": "100"}, "missing_lines": [], "excluded_lines": [], "start_line": 27}, "DualWeights.step": {"executed_lines": [42, 44, 48, 49, 52, 55, 56, 57, 58, 59, 62, 63], "summary": {"covered_lines": 12, "num_statements": 14, "percent_covered": 85.71428571428571, "percent_covered_display": "86", "missing_lines": 2, "excluded_lines": 0, "percent_statements_covered": 85.71428571428571, "percent_statements_covered_display": "86"}, "missing_lines": [43, 45], "excluded_lines": [], "start_line": 36}, "DualWeights.w_total": {"executed_lines": [67], "summary": {"covered_lines": 1, "num_statements": 1, "percent_covered": 100.0, "percent_covered_display": "100", "missing_lines": 0, "excluded_lines": 0, "percent_statements_covered": 100.0, "percent_statements_covered_display": "100"}, "missing_lines": [], "excluded_lines": [], "start_line": 66}, "": {"executed_lines": [1, 3, 5, 7, 10, 11, 20, 21, 22, 23, 24, 26, 27, 36, 65, 66], "summary": {"covered_lines": 16, "num_statements": 16, "percent_covered": 100.0, "percent_covered_display": "100", "missing_lines": 0, "excluded_lines": 0, "percent_statements_covered": 100.0, "percent_statements_covered_display": "100"}, "missing_lines": [], "excluded_lines": [], "start_line": 1}}, "classes": {"DualWeights": {"executed_lines": [28, 42, 44, 48, 49, 52, 55, 56, 57, 58, 59, 62, 63, 67], "summary": {"covered_lines": 14, "num_statements": 16, "percent_covered": 87.5, "percent_covered_display": "88", "missing_lines": 2, "excluded_lines": 0, "percent_statements_covered": 87.5, "percent_statements_covered_display": "88"}, "missing_lines": [43, 45], "excluded_lines": [], "start_line": 11}, "": {"executed_lines": [1, 3, 5, 7, 10, 11, 20, 21, 22, 23, 24, 26, 27, 36, 65, 66], "summary": {"covered_lines": 16, "num_statements": 16, "percent_covered": 100.0, "percent_covered_display": "100", "missing_lines": 0, "excluded_lines": 0, "percent_statements_covered": 100.0, "percent_statements_covered_display": "100"}, "missing_lines": [], "excluded_lines": [], "start_line": 1}}}, "src/bnsyn/criticality/__init__.py": {"executed_lines": [1, 2, 4], "summary": {"covered_lines": 3, "num_statements": 3, "percent_covered": 100.0, "percent_covered_display": "100", "missing_lines": 0, "excluded_lines": 0, "percent_statements_covered": 100.0, "percent_statements_covered_display": "100"}, "missing_lines": [], "excluded_lines": [], "functions": {"": {"executed_lines": [1, 2, 4], "summary": {"covered_lines": 3, "num_statements": 3, "percent_covered": 100.0, "percent_covered_display": "100", "missing_lines": 0, "excluded_lines": 0, "percent_statements_covered": 100.0, "percent_statements_covered_display": "100"}, "missing_lines": [], "excluded_lines": [], "start_line": 1}}, "classes": {"": {"executed_lines": [1, 2, 4], "summary": {"covered_lines": 3, "num_statements": 3, "percent_covered": 100.0, "percent_covered_display": "100", "missing_lines": 0, "excluded_lines": 0, "percent_statements_covered": 100.0, "percent_statements_covered_display": "100"}, "missing_lines": [], "excluded_lines": [], "start_line": 1}}}, "src/bnsyn/criticality/analysis.py": {"executed_lines": [1, 3, 5, 8, 9, 10, 11, 14, 20, 21, 22, 23, 24, 27, 28, 29, 30, 31, 32, 34, 35, 37, 38, 40, 43, 45, 47, 49, 50, 51, 52, 53, 54, 55], "summary": {"covered_lines": 34, "num_statements": 40, "percent_covered": 85.0, "percent_covered_display": "85", "missing_lines": 6, "excluded_lines": 0, "percent_statements_covered": 85.0, "percent_statements_covered_display": "85"}, "missing_lines": [25, 33, 36, 39, 46, 48], "excluded_lines": [], "functions": {"mr_branching_ratio": {"executed_lines": [20, 21, 22, 23, 24, 27, 28, 29, 30, 31, 32, 34, 35, 37, 38, 40], "summary": {"covered_lines": 16, "num_statements": 20, "percent_covered": 80.0, "percent_covered_display": "80", "missing_lines": 4, "excluded_lines": 0, "percent_statements_covered": 80.0, "percent_statements_covered_display": "80"}, "missing_lines": [25, 33, 36, 39], "excluded_lines": [], "start_line": 14}, "fit_power_law_mle": {"executed_lines": [45, 47, 49, 50, 51, 52, 53, 54, 55], "summary": {"covered_lines": 9, "num_statements": 11, "percent_covered": 81.81818181818181, "percent_covered_display": "82", "missing_lines": 2, "excluded_lines": 0, "percent_statements_covered": 81.81818181818181, "percent_statements_covered_display": "82"}, "missing_lines": [46, 48], "excluded_lines": [], "start_line": 43}, "": {"executed_lines": [1, 3, 5, 8, 9, 10, 11, 14, 43], "summary": {"covered_lines": 9, "num_statements": 9, "percent_covered": 100.0, "percent_covered_display": "100", "missing_lines": 0, "excluded_lines": 0, "percent_statements_covered": 100.0, "percent_statements_covered_display": "100"}, "missing_lines": [], "excluded_lines": [], "start_line": 1}}, "classes": {"PowerLawFit": {"executed_lines": [], "summary": {"covered_lines": 0, "num_statements": 0, "percent_covered": 100.0, "percent_covered_display": "100", "missing_lines": 0, "excluded_lines": 0, "percent_statements_covered": 100.0, "percent_statements_covered_display": "100"}, "missing_lines": [], "excluded_lines": [], "start_line": 9}, "": {"executed_lines": [1, 3, 5, 8, 9, 10, 11, 14, 20, 21, 22, 23, 24, 27, 28, 29, 30, 31, 32, 34, 35, 37, 38, 40, 43, 45, 47, 49, 50, 51, 52, 53, 54, 55], "summary": {"covered_lines": 34, "num_statements": 40, "percent_covered": 85.0, "percent_covered_display": "85", "missing_lines": 6, "excluded_lines": 0, "percent_statements_covered": 85.0, "percent_statements_covered_display": "85"}, "missing_lines": [25, 33, 36, 39, 46, 48], "excluded_lines": [], "start_line": 1}}}, "src/bnsyn/criticality/branching.py": {"executed_lines": [6, 8, 10, 12, 15, 16, 31, 32, 33, 35, 45, 46, 47, 48, 49, 52, 53, 68, 69, 71, 80, 81, 82, 83], "summary": {"covered_lines": 24, "num_statements": 24, "percent_covered": 100.0, "percent_covered_display": "100", "missing_lines": 0, "excluded_lines": 0, "percent_statements_covered": 100.0, "percent_statements_covered_display": "100"}, "missing_lines": [], "excluded_lines": [], "functions": {"BranchingEstimator.update": {"executed_lines": [45, 46, 47, 48, 49], "summary": {"covered_lines": 5, "num_statements": 5, "percent_covered": 100.0, "percent_covered_display": "100", "missing_lines": 0, "excluded_lines": 0, "percent_statements_covered": 100.0, "percent_statements_covered_display": "100"}, "missing_lines": [], "excluded_lines": [], "start_line": 35}, "SigmaController.step": {"executed_lines": [80, 81, 82, 83], "summary": {"covered_lines": 4, "num_statements": 4, "percent_covered": 100.0, "percent_covered_display": "100", "missing_lines": 0, "excluded_lines": 0, "percent_statements_covered": 100.0, "percent_statements_covered_display": "100"}, "missing_lines": [], "excluded_lines": [], "start_line": 71}, "": {"executed_lines": [6, 8, 10, 12, 15, 16, 31, 32, 33, 35, 52, 53, 68, 69, 71], "summary": {"covered_lines": 15, "num_statements": 15, "percent_covered": 100.0, "percent_covered_display": "100", "missing_lines": 0, "excluded_lines": 0, "percent_statements_covered": 100.0, "percent_statements_covered_display": "100"}, "missing_lines": [], "excluded_lines": [], "start_line": 1}}, "classes": {"BranchingEstimator": {"executed_lines": [45, 46, 47, 48, 49], "summary": {"covered_lines": 5, "num_statements": 5, "percent_covered": 100.0, "percent_covered_display": "100", "missing_lines": 0, "excluded_lines": 0, "percent_statements_covered": 100.0, "percent_statements_covered_display": "100"}, "missing_lines": [], "excluded_lines": [], "start_line": 16}, "SigmaController": {"executed_lines": [80, 81, 82, 83], "summary": {"covered_lines": 4, "num_statements": 4, "percent_covered": 100.0, "percent_covered_display": "100", "missing_lines": 0, "excluded_lines": 0, "percent_statements_covered": 100.0, "percent_statements_covered_display": "100"}, "missing_lines": [], "excluded_lines": [], "start_line": 53}, "": {"executed_lines": [6, 8, 10, 12, 15, 16, 31, 32, 33, 35, 52, 53, 68, 69, 71], "summary": {"covered_lines": 15, "num_statements": 15, "percent_covered": 100.0, "percent_covered_display": "100", "missing_lines": 0, "excluded_lines": 0, "percent_statements_covered": 100.0, "percent_statements_covered_display": "100"}, "missing_lines": [], "excluded_lines": [], "start_line": 1}}}, "src/bnsyn/energy/__init__.py": {"executed_lines": [1, 3], "summary": {"covered_lines": 2, "num_statements": 2, "percent_covered": 100.0, "percent_covered_display": "100", "missing_lines": 0, "excluded_lines": 0, "percent_statements_covered": 100.0, "percent_statements_covered_display": "100"}, "missing_lines": [], "excluded_lines": [], "functions": {"": {"executed_lines": [1, 3], "summary": {"covered_lines": 2, "num_statements": 2, "percent_covered": 100.0, "percent_covered_display": "100", "missing_lines": 0, "excluded_lines": 0, "percent_statements_covered": 100.0, "percent_statements_covered_display": "100"}, "missing_lines": [], "excluded_lines": [], "start_line": 1}}, "classes": {"": {"executed_lines": [1, 3], "summary": {"covered_lines": 2, "num_statements": 2, "percent_covered": 100.0, "percent_covered_display": "100", "missing_lines": 0, "excluded_lines": 0, "percent_statements_covered": 100.0, "percent_statements_covered_display": "100"}, "missing_lines": [], "excluded_lines": [], "start_line": 1}}}, "src/bnsyn/energy/regularization.py": {"executed_lines": [1, 3, 5, 8, 9, 10, 11, 12, 15, 27, 28], "summary": {"covered_lines": 11, "num_statements": 11, "percent_covered": 100.0, "percent_covered_display": "100", "missing_lines": 0, "excluded_lines": 0, "percent_statements_covered": 100.0, "percent_statements_covered_display": "100"}, "missing_lines": [], "excluded_lines": [], "functions": {"energy_cost": {"executed_lines": [9, 10, 11, 12], "summary": {"covered_lines": 4, "num_statements": 4, "percent_covered": 100.0, "percent_covered_display": "100", "missing_lines": 0, "excluded_lines": 0, "percent_statements_covered": 100.0, "percent_statements_covered_display": "100"}, "missing_lines": [], "excluded_lines": [], "start_line": 8}, "total_reward": {"executed_lines": [27, 28], "summary": {"covered_lines": 2, "num_statements": 2, "percent_covered": 100.0, "percent_covered_display": "100", "missing_lines": 0, "excluded_lines": 0, "percent_statements_covered": 100.0, "percent_statements_covered_display": "100"}, "missing_lines": [], "excluded_lines": [], "start_line": 15}, "": {"executed_lines": [1, 3, 5, 8, 15], "summary": {"covered_lines": 5, "num_statements": 5, "percent_covered": 100.0, "percent_covered_display": "100", "missing_lines": 0, "excluded_lines": 0, "percent_statements_covered": 100.0, "percent_statements_covered_display": "100"}, "missing_lines": [], "excluded_lines": [], "start_line": 1}}, "classes": {"": {"executed_lines": [1, 3, 5, 8, 9, 10, 11, 12, 15, 27, 28], "summary": {"covered_lines": 11, "num_statements": 11, "percent_covered": 100.0, "percent_covered_display": "100", "missing_lines": 0, "excluded_lines": 0, "percent_statements_covered": 100.0, "percent_statements_covered_display": "100"}, "missing_lines": [], "excluded_lines": [], "start_line": 1}}}, "src/bnsyn/neuron/__init__.py": {"executed_lines": [1, 8], "summary": {"covered_lines": 2, "num_statements": 2, "percent_covered": 100.0, "percent_covered_display": "100", "missing_lines": 0, "excluded_lines": 0, "percent_statements_covered": 100.0, "percent_statements_covered_display": "100"}, "missing_lines": [], "excluded_lines": [], "functions": {"": {"executed_lines": [1, 8], "summary": {"covered_lines": 2, "num_statements": 2, "percent_covered": 100.0, "percent_covered_display": "100", "missing_lines": 0, "excluded_lines": 0, "percent_statements_covered": 100.0, "percent_statements_covered_display": "100"}, "missing_lines": [], "excluded_lines": [], "start_line": 1}}, "classes": {"": {"executed_lines": [1, 8], "summary": {"covered_lines": 2, "num_statements": 2, "percent_covered": 100.0, "percent_covered_display": "100", "missing_lines": 0, "excluded_lines": 0, "percent_statements_covered": 100.0, "percent_statements_covered_display": "100"}, "missing_lines": [], "excluded_lines": [], "start_line": 1}}}, "src/bnsyn/neuron/adex.py": {"executed_lines": [6, 8, 10, 11, 12, 14, 15, 17, 18, 21, 22, 31, 32, 33, 36, 37, 46, 47, 48, 51, 81, 83, 84, 85, 86, 87, 88, 90, 91, 92, 96, 97, 98, 99, 100, 103, 104, 106, 107, 108, 109, 111, 114, 148, 149, 150, 151, 153, 154, 155, 157, 158, 159, 160, 161, 162, 163, 164, 166, 167, 168, 169, 170, 172, 177, 180, 215, 217, 218, 219, 220, 221, 222, 224, 225, 226, 227, 228, 230, 231, 232, 233, 234, 235, 236, 237, 238, 240, 249, 250, 251, 253, 254, 258], "summary": {"covered_lines": 94, "num_statements": 98, "percent_covered": 95.91836734693878, "percent_covered_display": "96", "missing_lines": 4, "excluded_lines": 0, "percent_statements_covered": 95.91836734693878, "percent_statements_covered_display": "96"}, "missing_lines": [82, 216, 255, 256], "excluded_lines": [], "functions": {"adex_step": {"executed_lines": [81, 83, 84, 85, 86, 87, 88, 90, 91, 92, 96, 97, 98, 99, 100, 103, 104, 106, 107, 108, 109, 111], "summary": {"covered_lines": 22, "num_statements": 23, "percent_covered": 95.65217391304348, "percent_covered_display": "96", "missing_lines": 1, "excluded_lines": 0, "percent_statements_covered": 95.65217391304348, "percent_statements_covered_display": "96"}, "missing_lines": [82], "excluded_lines": [], "start_line": 51}, "adex_step_with_error_tracking": {"executed_lines": [148, 149, 150, 151, 153, 154, 155, 157, 158, 159, 160, 161, 162, 163, 164, 166, 167, 168, 169, 170, 172, 177], "summary": {"covered_lines": 22, "num_statements": 22, "percent_covered": 100.0, "percent_covered_display": "100", "missing_lines": 0, "excluded_lines": 0, "percent_statements_covered": 100.0, "percent_statements_covered_display": "100"}, "missing_lines": [], "excluded_lines": [], "start_line": 114}, "adex_step_adaptive": {"executed_lines": [215, 217, 218, 219, 220, 221, 222, 224, 225, 226, 227, 228, 230, 240, 249, 250, 251, 253, 254, 258], "summary": {"covered_lines": 20, "num_statements": 23, "percent_covered": 86.95652173913044, "percent_covered_display": "87", "missing_lines": 3, "excluded_lines": 0, "percent_statements_covered": 86.95652173913044, "percent_statements_covered_display": "87"}, "missing_lines": [216, 255, 256], "excluded_lines": [], "start_line": 180}, "adex_step_adaptive.rhs": {"executed_lines": [231, 232, 233, 234, 235, 236, 237, 238], "summary": {"covered_lines": 8, "num_statements": 8, "percent_covered": 100.0, "percent_covered_display": "100", "missing_lines": 0, "excluded_lines": 0, "percent_statements_covered": 100.0, "percent_statements_covered_display": "100"}, "missing_lines": [], "excluded_lines": [], "start_line": 230}, "": {"executed_lines": [6, 8, 10, 11, 12, 14, 15, 17, 18, 21, 22, 31, 32, 33, 36, 37, 46, 47, 48, 51, 114, 180], "summary": {"covered_lines": 22, "num_statements": 22, "percent_covered": 100.0, "percent_covered_display": "100", "missing_lines": 0, "excluded_lines": 0, "percent_statements_covered": 100.0, "percent_statements_covered_display": "100"}, "missing_lines": [], "excluded_lines": [], "start_line": 1}}, "classes": {"AdExState": {"executed_lines": [], "summary": {"covered_lines": 0, "num_statements": 0, "percent_covered": 100.0, "percent_covered_display": "100", "missing_lines": 0, "excluded_lines": 0, "percent_statements_covered": 100.0, "percent_statements_covered_display": "100"}, "missing_lines": [], "excluded_lines": [], "start_line": 22}, "IntegrationMetrics": {"executed_lines": [], "summary": {"covered_lines": 0, "num_statements": 0, "percent_covered": 100.0, "percent_covered_display": "100", "missing_lines": 0, "excluded_lines": 0, "percent_statements_covered": 100.0, "percent_statements_covered_display": "100"}, "missing_lines": [], "excluded_lines": [], "start_line": 37}, "": {"executed_lines": [6, 8, 10, 11, 12, 14, 15, 17, 18, 21, 22, 31, 32, 33, 36, 37, 46, 47, 48, 51, 81, 83, 84, 85, 86, 87, 88, 90, 91, 92, 96, 97, 98, 99, 100, 103, 104, 106, 107, 108, 109, 111, 114, 148, 149, 150, 151, 153, 154, 155, 157, 158, 159, 160, 161, 162, 163, 164, 166, 167, 168, 169, 170, 172, 177, 180, 215, 217, 218, 219, 220, 221, 222, 224, 225, 226, 227, 228, 230, 231, 232, 233, 234, 235, 236, 237, 238, 240, 249, 250, 251, 253, 254, 258], "summary": {"covered_lines": 94, "num_statements": 98, "percent_covered": 95.91836734693878, "percent_covered_display": "96", "missing_lines": 4, "excluded_lines": 0, "percent_statements_covered": 95.91836734693878, "percent_statements_covered_display": "96"}, "missing_lines": [82, 216, 255, 256], "excluded_lines": [], "start_line": 1}}}, "src/bnsyn/numerics/__init__.py": {"executed_lines": [1, 8], "summary": {"covered_lines": 2, "num_statements": 2, "percent_covered": 100.0, "percent_covered_display": "100", "missing_lines": 0, "excluded_lines": 0, "percent_statements_covered": 100.0, "percent_statements_covered_display": "100"}, "missing_lines": [], "excluded_lines": [], "functions": {"": {"executed_lines": [1, 8], "summary": {"covered_lines": 2, "num_statements": 2, "percent_covered": 100.0, "percent_covered_display": "100", "missing_lines": 0, "excluded_lines": 0, "percent_statements_covered": 100.0, "percent_statements_covered_display": "100"}, "missing_lines": [], "excluded_lines": [], "start_line": 1}}, "classes": {"": {"executed_lines": [1, 8], "summary": {"covered_lines": 2, "num_statements": 2, "percent_covered": 100.0, "percent_covered_display": "100", "missing_lines": 0, "excluded_lines": 0, "percent_statements_covered": 100.0, "percent_statements_covered_display": "100"}, "missing_lines": [], "excluded_lines": [], "start_line": 1}}}, "src/bnsyn/numerics/integrators.py": {"executed_lines": [1, 3, 4, 6, 8, 11, 12, 15, 16, 19, 20, 21, 22, 25, 27, 28, 29], "summary": {"covered_lines": 17, "num_statements": 17, "percent_covered": 100.0, "percent_covered_display": "100", "missing_lines": 0, "excluded_lines": 0, "percent_statements_covered": 100.0, "percent_statements_covered_display": "100"}, "missing_lines": [], "excluded_lines": [], "functions": {"clamp_exp_arg": {"executed_lines": [12], "summary": {"covered_lines": 1, "num_statements": 1, "percent_covered": 100.0, "percent_covered_display": "100", "missing_lines": 0, "excluded_lines": 0, "percent_statements_covered": 100.0, "percent_statements_covered_display": "100"}, "missing_lines": [], "excluded_lines": [], "start_line": 11}, "euler_step": {"executed_lines": [16], "summary": {"covered_lines": 1, "num_statements": 1, "percent_covered": 100.0, "percent_covered_display": "100", "missing_lines": 0, "excluded_lines": 0, "percent_statements_covered": 100.0, "percent_statements_covered_display": "100"}, "missing_lines": [], "excluded_lines": [], "start_line": 15}, "rk2_step": {"executed_lines": [20, 21, 22], "summary": {"covered_lines": 3, "num_statements": 3, "percent_covered": 100.0, "percent_covered_display": "100", "missing_lines": 0, "excluded_lines": 0, "percent_statements_covered": 100.0, "percent_statements_covered_display": "100"}, "missing_lines": [], "excluded_lines": [], "start_line": 19}, "exp_decay_step": {"executed_lines": [27, 28, 29], "summary": {"covered_lines": 3, "num_statements": 3, "percent_covered": 100.0, "percent_covered_display": "100", "missing_lines": 0, "excluded_lines": 0, "percent_statements_covered": 100.0, "percent_statements_covered_display": "100"}, "missing_lines": [], "excluded_lines": [], "start_line": 25}, "": {"executed_lines": [1, 3, 4, 6, 8, 11, 15, 19, 25], "summary": {"covered_lines": 9, "num_statements": 9, "percent_covered": 100.0, "percent_covered_display": "100", "missing_lines": 0, "excluded_lines": 0, "percent_statements_covered": 100.0, "percent_statements_covered_display": "100"}, "missing_lines": [], "excluded_lines": [], "start_line": 1}}, "classes": {"": {"executed_lines": [1, 3, 4, 6, 8, 11, 12, 15, 16, 19, 20, 21, 22, 25, 27, 28, 29], "summary": {"covered_lines": 17, "num_statements": 17, "percent_covered": 100.0, "percent_covered_display": "100", "missing_lines": 0, "excluded_lines": 0, "percent_statements_covered": 100.0, "percent_statements_covered_display": "100"}, "missing_lines": [], "excluded_lines": [], "start_line": 1}}}, "src/bnsyn/plasticity/__init__.py": {"executed_lines": [1, 2, 8], "summary": {"covered_lines": 3, "num_statements": 3, "percent_covered": 100.0, "percent_covered_display": "100", "missing_lines": 0, "excluded_lines": 0, "percent_statements_covered": 100.0, "percent_statements_covered_display": "100"}, "missing_lines": [], "excluded_lines": [], "functions": {"": {"executed_lines": [1, 2, 8], "summary": {"covered_lines": 3, "num_statements": 3, "percent_covered": 100.0, "percent_covered_display": "100", "missing_lines": 0, "excluded_lines": 0, "percent_statements_covered": 100.0, "percent_statements_covered_display": "100"}, "missing_lines": [], "excluded_lines": [], "start_line": 1}}, "classes": {"": {"executed_lines": [1, 2, 8], "summary": {"covered_lines": 3, "num_statements": 3, "percent_covered": 100.0, "percent_covered_display": "100", "missing_lines": 0, "excluded_lines": 0, "percent_statements_covered": 100.0, "percent_statements_covered_display": "100"}, "missing_lines": [], "excluded_lines": [], "start_line": 1}}}, "src/bnsyn/plasticity/stdp.py": {"executed_lines": [1, 3, 5, 8, 13, 14, 15, 16, 17], "summary": {"covered_lines": 9, "num_statements": 9, "percent_covered": 100.0, "percent_covered_display": "100", "missing_lines": 0, "excluded_lines": 0, "percent_statements_covered": 100.0, "percent_statements_covered_display": "100"}, "missing_lines": [], "excluded_lines": [], "functions": {"stdp_kernel": {"executed_lines": [13, 14, 15, 16, 17], "summary": {"covered_lines": 5, "num_statements": 5, "percent_covered": 100.0, "percent_covered_display": "100", "missing_lines": 0, "excluded_lines": 0, "percent_statements_covered": 100.0, "percent_statements_covered_display": "100"}, "missing_lines": [], "excluded_lines": [], "start_line": 8}, "": {"executed_lines": [1, 3, 5, 8], "summary": {"covered_lines": 4, "num_statements": 4, "percent_covered": 100.0, "percent_covered_display": "100", "missing_lines": 0, "excluded_lines": 0, "percent_statements_covered": 100.0, "percent_statements_covered_display": "100"}, "missing_lines": [], "excluded_lines": [], "start_line": 1}}, "classes": {"": {"executed_lines": [1, 3, 5, 8, 13, 14, 15, 16, 17], "summary": {"covered_lines": 9, "num_statements": 9, "percent_covered": 100.0, "percent_covered_display": "100", "missing_lines": 0, "excluded_lines": 0, "percent_statements_covered": 100.0, "percent_statements_covered_display": "100"}, "missing_lines": [], "excluded_lines": [], "start_line": 1}}}, "src/bnsyn/plasticity/three_factor.py": {"executed_lines": [6, 8, 10, 11, 13, 15, 16, 19, 20, 27, 30, 31, 38, 41, 52, 55, 89, 91, 93, 95, 97, 100, 104, 107, 109, 110, 112, 115], "summary": {"covered_lines": 28, "num_statements": 35, "percent_covered": 80.0, "percent_covered_display": "80", "missing_lines": 7, "excluded_lines": 0, "percent_statements_covered": 80.0, "percent_statements_covered_display": "80"}, "missing_lines": [90, 92, 94, 96, 98, 130, 131], "excluded_lines": [], "functions": {"decay": {"executed_lines": [52], "summary": {"covered_lines": 1, "num_statements": 1, "percent_covered": 100.0, "percent_covered_display": "100", "missing_lines": 0, "excluded_lines": 0, "percent_statements_covered": 100.0, "percent_statements_covered_display": "100"}, "missing_lines": [], "excluded_lines": [], "start_line": 41}, "three_factor_update": {"executed_lines": [89, 91, 93, 95, 97, 100, 104, 107, 109, 110, 112], "summary": {"covered_lines": 11, "num_statements": 16, "percent_covered": 68.75, "percent_covered_display": "69", "missing_lines": 5, "excluded_lines": 0, "percent_statements_covered": 68.75, "percent_statements_covered_display": "69"}, "missing_lines": [90, 92, 94, 96, 98], "excluded_lines": [], "start_line": 55}, "neuromod_step": {"executed_lines": [], "summary": {"covered_lines": 0, "num_statements": 2, "percent_covered": 0.0, "percent_covered_display": "0", "missing_lines": 2, "excluded_lines": 0, "percent_statements_covered": 0.0, "percent_statements_covered_display": "0"}, "missing_lines": [130, 131], "excluded_lines": [], "start_line": 115}, "": {"executed_lines": [6, 8, 10, 11, 13, 15, 16, 19, 20, 27, 30, 31, 38, 41, 55, 115], "summary": {"covered_lines": 16, "num_statements": 16, "percent_covered": 100.0, "percent_covered_display": "100", "missing_lines": 0, "excluded_lines": 0, "percent_statements_covered": 100.0, "percent_statements_covered_display": "100"}, "missing_lines": [], "excluded_lines": [], "start_line": 1}}, "classes": {"EligibilityTraces": {"executed_lines": [], "summary": {"covered_lines": 0, "num_statements": 0, "percent_covered": 100.0, "percent_covered_display": "100", "missing_lines": 0, "excluded_lines": 0, "percent_statements_covered": 100.0, "percent_statements_covered_display": "100"}, "missing_lines": [], "excluded_lines": [], "start_line": 20}, "NeuromodulatorTrace": {"executed_lines": [], "summary": {"covered_lines": 0, "num_statements": 0, "percent_covered": 100.0, "percent_covered_display": "100", "missing_lines": 0, "excluded_lines": 0, "percent_statements_covered": 100.0, "percent_statements_covered_display": "100"}, "missing_lines": [], "excluded_lines": [], "start_line": 31}, "": {"executed_lines": [6, 8, 10, 11, 13, 15, 16, 19, 20, 27, 30, 31, 38, 41, 52, 55, 89, 91, 93, 95, 97, 100, 104, 107, 109, 110, 112, 115], "summary": {"covered_lines": 28, "num_statements": 35, "percent_covered": 80.0, "percent_covered_display": "80", "missing_lines": 7, "excluded_lines": 0, "percent_statements_covered": 80.0, "percent_statements_covered_display": "80"}, "missing_lines": [90, 92, 94, 96, 98, 130, 131], "excluded_lines": [], "start_line": 1}}}, "src/bnsyn/production/__init__.py": {"executed_lines": [7, 8, 10], "summary": {"covered_lines": 3, "num_statements": 3, "percent_covered": 100.0, "percent_covered_display": "100", "missing_lines": 0, "excluded_lines": 0, "percent_statements_covered": 100.0, "percent_statements_covered_display": "100"}, "missing_lines": [], "excluded_lines": [], "functions": {"": {"executed_lines": [7, 8, 10], "summary": {"covered_lines": 3, "num_statements": 3, "percent_covered": 100.0, "percent_covered_display": "100", "missing_lines": 0, "excluded_lines": 0, "percent_statements_covered": 100.0, "percent_statements_covered_display": "100"}, "missing_lines": [], "excluded_lines": [], "start_line": 1}}, "classes": {"": {"executed_lines": [7, 8, 10], "summary": {"covered_lines": 3, "num_statements": 3, "percent_covered": 100.0, "percent_covered_display": "100", "missing_lines": 0, "excluded_lines": 0, "percent_statements_covered": 100.0, "percent_statements_covered_display": "100"}, "missing_lines": [], "excluded_lines": [], "start_line": 1}}}, "src/bnsyn/production/adex.py": {"executed_lines": [12, 14, 15, 17, 20, 21, 23, 24, 25, 26, 27, 30, 31, 32, 35, 36, 39, 42, 43, 46, 47, 48, 49, 51, 52, 55, 56, 57, 58, 59, 60, 62, 74, 75, 76, 77, 82, 83, 85, 86, 87, 89, 90, 91, 93, 94, 99, 100, 101], "summary": {"covered_lines": 49, "num_statements": 52, "percent_covered": 94.23076923076923, "percent_covered_display": "94", "missing_lines": 3, "excluded_lines": 0, "percent_statements_covered": 94.23076923076923, "percent_statements_covered_display": "94"}, "missing_lines": [95, 96, 97], "excluded_lines": [], "functions": {"AdExNeuron.init": {"executed_lines": [55, 56, 57, 58, 59, 60], "summary": {"covered_lines": 6, "num_statements": 6, "percent_covered": 100.0, "percent_covered_display": "100", "missing_lines": 0, "excluded_lines": 0, "percent_statements_covered": 100.0, "percent_statements_covered_display": "100"}, "missing_lines": [], "excluded_lines": [], "start_line": 52}, "AdExNeuron.step": {"executed_lines": [74, 75, 76, 77, 82, 83, 85, 86, 87, 89, 90, 91, 93, 94, 99, 100, 101], "summary": {"covered_lines": 17, "num_statements": 20, "percent_covered": 85.0, "percent_covered_display": "85", "missing_lines": 3, "excluded_lines": 0, "percent_statements_covered": 85.0, "percent_statements_covered_display": "85"}, "missing_lines": [95, 96, 97], "excluded_lines": [], "start_line": 62}, "": {"executed_lines": [12, 14, 15, 17, 20, 21, 23, 24, 25, 26, 27, 30, 31, 32, 35, 36, 39, 42, 43, 46, 47, 48, 49, 51, 52, 62], "summary": {"covered_lines": 26, "num_statements": 26, "percent_covered": 100.0, "percent_covered_display": "100", "missing_lines": 0, "excluded_lines": 0, "percent_statements_covered": 100.0, "percent_statements_covered_display": "100"}, "missing_lines": [], "excluded_lines": [], "start_line": 1}}, "classes": {"AdExParams": {"executed_lines": [], "summary": {"covered_lines": 0, "num_statements": 0, "percent_covered": 100.0, "percent_covered_display": "100", "missing_lines": 0, "excluded_lines": 0, "percent_statements_covered": 100.0, "percent_statements_covered_display": "100"}, "missing_lines": [], "excluded_lines": [], "start_line": 21}, "AdExNeuron": {"executed_lines": [55, 56, 57, 58, 59, 60, 74, 75, 76, 77, 82, 83, 85, 86, 87, 89, 90, 91, 93, 94, 99, 100, 101], "summary": {"covered_lines": 23, "num_statements": 26, "percent_covered": 88.46153846153847, "percent_covered_display": "88", "missing_lines": 3, "excluded_lines": 0, "percent_statements_covered": 88.46153846153847, "percent_statements_covered_display": "88"}, "missing_lines": [95, 96, 97], "excluded_lines": [], "start_line": 43}, "": {"executed_lines": [12, 14, 15, 17, 20, 21, 23, 24, 25, 26, 27, 30, 31, 32, 35, 36, 39, 42, 43, 46, 47, 48, 49, 51, 52, 62], "summary": {"covered_lines": 26, "num_statements": 26, "percent_covered": 100.0, "percent_covered_display": "100", "missing_lines": 0, "excluded_lines": 0, "percent_statements_covered": 100.0, "percent_statements_covered_display": "100"}, "missing_lines": [], "excluded_lines": [], "start_line": 1}}}, "src/bnsyn/production/connectivity.py": {"executed_lines": [6, 8, 9, 12, 13, 14, 15, 16, 17, 20, 29, 30, 31, 32, 33, 34, 35, 36], "summary": {"covered_lines": 18, "num_statements": 18, "percent_covered": 100.0, "percent_covered_display": "100", "missing_lines": 0, "excluded_lines": 0, "percent_statements_covered": 100.0, "percent_statements_covered_display": "100"}, "missing_lines": [], "excluded_lines": [], "functions": {"build_connectivity": {"executed_lines": [29, 30, 31, 32, 33, 34, 35, 36], "summary": {"covered_lines": 8, "num_statements": 8, "percent_covered": 100.0, "percent_covered_display": "100", "missing_lines": 0, "excluded_lines": 0, "percent_statements_covered": 100.0, "percent_statements_covered_display": "100"}, "missing_lines": [], "excluded_lines": [], "start_line": 20}, "": {"executed_lines": [6, 8, 9, 12, 13, 14, 15, 16, 17, 20], "summary": {"covered_lines": 10, "num_statements": 10, "percent_covered": 100.0, "percent_covered_display": "100", "missing_lines": 0, "excluded_lines": 0, "percent_statements_covered": 100.0, "percent_statements_covered_display": "100"}, "missing_lines": [], "excluded_lines": [], "start_line": 1}}, "classes": {"ConnectivityConfig": {"executed_lines": [], "summary": {"covered_lines": 0, "num_statements": 0, "percent_covered": 100.0, "percent_covered_display": "100", "missing_lines": 0, "excluded_lines": 0, "percent_statements_covered": 100.0, "percent_statements_covered_display": "100"}, "missing_lines": [], "excluded_lines": [], "start_line": 13}, "": {"executed_lines": [6, 8, 9, 12, 13, 14, 15, 16, 17, 20, 29, 30, 31, 32, 33, 34, 35, 36], "summary": {"covered_lines": 18, "num_statements": 18, "percent_covered": 100.0, "percent_covered_display": "100", "missing_lines": 0, "excluded_lines": 0, "percent_statements_covered": 100.0, "percent_statements_covered_display": "100"}, "missing_lines": [], "excluded_lines": [], "start_line": 1}}}, "src/bnsyn/production/jax_backend.py": {"executed_lines": [6, 8, 10, 11], "summary": {"covered_lines": 4, "num_statements": 14, "percent_covered": 28.571428571428573, "percent_covered_display": "29", "missing_lines": 10, "excluded_lines": 2, "percent_statements_covered": 28.571428571428573, "percent_statements_covered_display": "29"}, "missing_lines": [18, 56, 57, 58, 59, 60, 61, 62, 63, 64], "excluded_lines": [12, 13], "functions": {"adex_step_jax": {"executed_lines": [], "summary": {"covered_lines": 0, "num_statements": 9, "percent_covered": 0.0, "percent_covered_display": "0", "missing_lines": 9, "excluded_lines": 0, "percent_statements_covered": 0.0, "percent_statements_covered_display": "0"}, "missing_lines": [56, 57, 58, 59, 60, 61, 62, 63, 64], "excluded_lines": [], "start_line": 18}, "": {"executed_lines": [6, 8, 10, 11], "summary": {"covered_lines": 4, "num_statements": 5, "percent_covered": 80.0, "percent_covered_display": "80", "missing_lines": 1, "excluded_lines": 2, "percent_statements_covered": 80.0, "percent_statements_covered_display": "80"}, "missing_lines": [18], "excluded_lines": [12, 13], "start_line": 1}}, "classes": {"": {"executed_lines": [6, 8, 10, 11], "summary": {"covered_lines": 4, "num_statements": 14, "percent_covered": 28.571428571428573, "percent_covered_display": "29", "missing_lines": 10, "excluded_lines": 2, "percent_statements_covered": 28.571428571428573, "percent_statements_covered_display": "29"}, "missing_lines": [18, 56, 57, 58, 59, 60, 61, 62, 63, 64], "excluded_lines": [12, 13], "start_line": 1}}}, "src/bnsyn/rng.py": {"executed_lines": [6, 8, 9, 10, 13, 14, 22, 23, 26, 46, 47, 48, 49, 51, 52, 53, 56, 72, 73, 74, 75], "summary": {"covered_lines": 21, "num_statements": 21, "percent_covered": 100.0, "percent_covered_display": "100", "missing_lines": 0, "excluded_lines": 0, "percent_statements_covered": 100.0, "percent_statements_covered_display": "100"}, "missing_lines": [], "excluded_lines": [], "functions": {"seed_all": {"executed_lines": [46, 47, 48, 49, 51, 52, 53], "summary": {"covered_lines": 7, "num_statements": 7, "percent_covered": 100.0, "percent_covered_display": "100", "missing_lines": 0, "excluded_lines": 0, "percent_statements_covered": 100.0, "percent_statements_covered_display": "100"}, "missing_lines": [], "excluded_lines": [], "start_line": 26}, "split": {"executed_lines": [72, 73, 74, 75], "summary": {"covered_lines": 4, "num_statements": 4, "percent_covered": 100.0, "percent_covered_display": "100", "missing_lines": 0, "excluded_lines": 0, "percent_statements_covered": 100.0, "percent_statements_covered_display": "100"}, "missing_lines": [], "excluded_lines": [], "start_line": 56}, "": {"executed_lines": [6, 8, 9, 10, 13, 14, 22, 23, 26, 56], "summary": {"covered_lines": 10, "num_statements": 10, "percent_covered": 100.0, "percent_covered_display": "100", "missing_lines": 0, "excluded_lines": 0, "percent_statements_covered": 100.0, "percent_statements_covered_display": "100"}, "missing_lines": [], "excluded_lines": [], "start_line": 1}}, "classes": {"RNGPack": {"executed_lines": [], "summary": {"covered_lines": 0, "num_statements": 0, "percent_covered": 100.0, "percent_covered_display": "100", "missing_lines": 0, "excluded_lines": 0, "percent_statements_covered": 100.0, "percent_statements_covered_display": "100"}, "missing_lines": [], "excluded_lines": [], "start_line": 14}, "": {"executed_lines": [6, 8, 9, 10, 13, 14, 22, 23, 26, 46, 47, 48, 49, 51, 52, 53, 56, 72, 73, 74, 75], "summary": {"covered_lines": 21, "num_statements": 21, "percent_covered": 100.0, "percent_covered_display": "100", "missing_lines": 0, "excluded_lines": 0, "percent_statements_covered": 100.0, "percent_statements_covered_display": "100"}, "missing_lines": [], "excluded_lines": [], "start_line": 1}}}, "src/bnsyn/sim/__init__.py": {"executed_lines": [1, 7], "summary": {"covered_lines": 2, "num_statements": 2, "percent_covered": 100.0, "percent_covered_display": "100", "missing_lines": 0, "excluded_lines": 0, "percent_statements_covered": 100.0, "percent_statements_covered_display": "100"}, "missing_lines": [], "excluded_lines": [], "functions": {"": {"executed_lines": [1, 7], "summary": {"covered_lines": 2, "num_statements": 2, "percent_covered": 100.0, "percent_covered_display": "100", "missing_lines": 0, "excluded_lines": 0, "percent_statements_covered": 100.0, "percent_statements_covered_display": "100"}, "missing_lines": [], "excluded_lines": [], "start_line": 1}}, "classes": {"": {"executed_lines": [1, 7], "summary": {"covered_lines": 2, "num_statements": 2, "percent_covered": 100.0, "percent_covered_display": "100", "missing_lines": 0, "excluded_lines": 0, "percent_statements_covered": 100.0, "percent_statements_covered_display": "100"}, "missing_lines": [], "excluded_lines": [], "start_line": 1}}}, "src/bnsyn/sim/network.py": {"executed_lines": [6, 8, 9, 11, 12, 14, 15, 16, 17, 18, 19, 20, 22, 23, 24, 31, 32, 47, 48, 49, 50, 51, 52, 53, 56, 57, 60, 82, 91, 93, 95, 98, 99, 100, 101, 102, 104, 105, 106, 107, 108, 109, 112, 113, 115, 117, 119, 120, 122, 123, 126, 127, 128, 131, 132, 133, 136, 137, 138, 139, 140, 141, 142, 143, 145, 152, 164, 165, 168, 169, 170, 173, 174, 175, 177, 184, 185, 188, 189, 190, 193, 194, 195, 198, 199, 200, 207, 208, 210, 213, 220, 221, 222, 223, 225, 227, 235, 320, 341, 343, 344, 345, 346, 347, 349, 350, 351, 352, 353, 354, 356], "summary": {"covered_lines": 111, "num_statements": 162, "percent_covered": 68.51851851851852, "percent_covered_display": "69", "missing_lines": 51, "excluded_lines": 2, "percent_statements_covered": 68.51851851851852, "percent_statements_covered_display": "69"}, "missing_lines": [28, 92, 94, 96, 146, 147, 148, 149, 150, 178, 179, 180, 181, 182, 217, 248, 249, 251, 252, 253, 255, 256, 257, 259, 260, 261, 262, 263, 264, 266, 267, 269, 270, 271, 273, 274, 275, 277, 278, 279, 285, 286, 288, 298, 302, 304, 305, 306, 307, 309, 311], "excluded_lines": [25, 26], "functions": {"Network.__init__": {"executed_lines": [91, 93, 95, 98, 99, 100, 101, 102, 104, 105, 106, 107, 108, 109, 112, 113, 115, 117, 119, 120, 122, 123, 126, 127, 128, 131, 132, 133, 136, 137, 138, 139, 140, 141, 142, 143, 145], "summary": {"covered_lines": 37, "num_statements": 45, "percent_covered": 82.22222222222223, "percent_covered_display": "82", "missing_lines": 8, "excluded_lines": 0, "percent_statements_covered": 82.22222222222223, "percent_statements_covered_display": "82"}, "missing_lines": [92, 94, 96, 146, 147, 148, 149, 150], "excluded_lines": [], "start_line": 82}, "Network.step": {"executed_lines": [164, 165, 168, 169, 170, 173, 174, 175, 177, 184, 185, 188, 189, 190, 193, 194, 195, 198, 199, 200, 207, 208, 210, 213, 220, 221, 222, 223, 225, 227], "summary": {"covered_lines": 30, "num_statements": 36, "percent_covered": 83.33333333333333, "percent_covered_display": "83", "missing_lines": 6, "excluded_lines": 0, "percent_statements_covered": 83.33333333333333, "percent_statements_covered_display": "83"}, "missing_lines": [178, 179, 180, 181, 182, 217], "excluded_lines": [], "start_line": 152}, "Network.step_adaptive": {"executed_lines": [], "summary": {"covered_lines": 0, "num_statements": 36, "percent_covered": 0.0, "percent_covered_display": "0", "missing_lines": 36, "excluded_lines": 0, "percent_statements_covered": 0.0, "percent_statements_covered_display": "0"}, "missing_lines": [248, 249, 251, 252, 253, 255, 256, 257, 259, 260, 261, 262, 263, 264, 266, 267, 269, 270, 271, 273, 274, 275, 277, 278, 279, 285, 286, 288, 298, 302, 304, 305, 306, 307, 309, 311], "excluded_lines": [], "start_line": 235}, "run_simulation": {"executed_lines": [341, 343, 344, 345, 346, 347, 349, 350, 351, 352, 353, 354, 356], "summary": {"covered_lines": 13, "num_statements": 13, "percent_covered": 100.0, "percent_covered_display": "100", "missing_lines": 0, "excluded_lines": 0, "percent_statements_covered": 100.0, "percent_statements_covered_display": "100"}, "missing_lines": [], "excluded_lines": [], "start_line": 320}, "": {"executed_lines": [6, 8, 9, 11, 12, 14, 15, 16, 17, 18, 19, 20, 22, 23, 24, 31, 32, 47, 48, 49, 50, 51, 52, 53, 56, 57, 60, 82, 152, 235, 320], "summary": {"covered_lines": 31, "num_statements": 32, "percent_covered": 96.875, "percent_covered_display": "97", "missing_lines": 1, "excluded_lines": 2, "percent_statements_covered": 96.875, "percent_statements_covered_display": "97"}, "missing_lines": [28], "excluded_lines": [25, 26], "start_line": 1}}, "classes": {"NetworkParams": {"executed_lines": [], "summary": {"covered_lines": 0, "num_statements": 0, "percent_covered": 100.0, "percent_covered_display": "100", "missing_lines": 0, "excluded_lines": 0, "percent_statements_covered": 100.0, "percent_statements_covered_display": "100"}, "missing_lines": [], "excluded_lines": [], "start_line": 32}, "Network": {"executed_lines": [91, 93, 95, 98, 99, 100, 101, 102, 104, 105, 106, 107, 108, 109, 112, 113, 115, 117, 119, 120, 122, 123, 126, 127, 128, 131, 132, 133, 136, 137, 138, 139, 140, 141, 142, 143, 145, 164, 165, 168, 169, 170, 173, 174, 175, 177, 184, 185, 188, 189, 190, 193, 194, 195, 198, 199, 200, 207, 208, 210, 213, 220, 221, 222, 223, 225, 227], "summary": {"covered_lines": 67, "num_statements": 117, "percent_covered": 57.26495726495727, "percent_covered_display": "57", "missing_lines": 50, "excluded_lines": 0, "percent_statements_covered": 57.26495726495727, "percent_statements_covered_display": "57"}, "missing_lines": [92, 94, 96, 146, 147, 148, 149, 150, 178, 179, 180, 181, 182, 217, 248, 249, 251, 252, 253, 255, 256, 257, 259, 260, 261, 262, 263, 264, 266, 267, 269, 270, 271, 273, 274, 275, 277, 278, 279, 285, 286, 288, 298, 302, 304, 305, 306, 307, 309, 311], "excluded_lines": [], "start_line": 60}, "": {"executed_lines": [6, 8, 9, 11, 12, 14, 15, 16, 17, 18, 19, 20, 22, 23, 24, 31, 32, 47, 48, 49, 50, 51, 52, 53, 56, 57, 60, 82, 152, 235, 320, 341, 343, 344, 345, 346, 347, 349, 350, 351, 352, 353, 354, 356], "summary": {"covered_lines": 44, "num_statements": 45, "percent_covered": 97.77777777777777, "percent_covered_display": "98", "missing_lines": 1, "excluded_lines": 2, "percent_statements_covered": 97.77777777777777, "percent_statements_covered_display": "98"}, "missing_lines": [28], "excluded_lines": [25, 26], "start_line": 1}}}, "src/bnsyn/synapse/__init__.py": {"executed_lines": [1, 6], "summary": {"covered_lines": 2, "num_statements": 2, "percent_covered": 100.0, "percent_covered_display": "100", "missing_lines": 0, "excluded_lines": 0, "percent_statements_covered": 100.0, "percent_statements_covered_display": "100"}, "missing_lines": [], "excluded_lines": [], "functions": {"": {"executed_lines": [1, 6], "summary": {"covered_lines": 2, "num_statements": 2, "percent_covered": 100.0, "percent_covered_display": "100", "missing_lines": 0, "excluded_lines": 0, "percent_statements_covered": 100.0, "percent_statements_covered_display": "100"}, "missing_lines": [], "excluded_lines": [], "start_line": 1}}, "classes": {"": {"executed_lines": [1, 6], "summary": {"covered_lines": 2, "num_statements": 2, "percent_covered": 100.0, "percent_covered_display": "100", "missing_lines": 0, "excluded_lines": 0, "percent_statements_covered": 100.0, "percent_statements_covered_display": "100"}, "missing_lines": [], "excluded_lines": [], "start_line": 1}}}, "src/bnsyn/synapse/conductance.py": {"executed_lines": [6, 8, 10, 11, 13, 14, 16, 19, 20, 29, 30, 31, 34, 51, 54, 76, 77, 79, 81, 82, 83, 85, 86, 87, 88, 90, 96, 97, 100, 112, 114, 116, 126, 127, 128, 132, 133, 134, 136, 137, 138, 139, 140, 144, 146, 147], "summary": {"covered_lines": 46, "num_statements": 53, "percent_covered": 86.79245283018868, "percent_covered_display": "87", "missing_lines": 7, "excluded_lines": 0, "percent_statements_covered": 86.79245283018868, "percent_statements_covered_display": "87"}, "missing_lines": [78, 80, 98, 113, 173, 174, 180], "excluded_lines": [], "functions": {"nmda_mg_block": {"executed_lines": [51], "summary": {"covered_lines": 1, "num_statements": 1, "percent_covered": 100.0, "percent_covered_display": "100", "missing_lines": 0, "excluded_lines": 0, "percent_statements_covered": 100.0, "percent_statements_covered_display": "100"}, "missing_lines": [], "excluded_lines": [], "start_line": 34}, "ConductanceSynapses.__init__": {"executed_lines": [77, 79, 81, 82, 83, 85, 86, 87, 88, 90], "summary": {"covered_lines": 10, "num_statements": 12, "percent_covered": 83.33333333333333, "percent_covered_display": "83", "missing_lines": 2, "excluded_lines": 0, "percent_statements_covered": 83.33333333333333, "percent_statements_covered_display": "83"}, "missing_lines": [78, 80], "excluded_lines": [], "start_line": 76}, "ConductanceSynapses.delay_steps": {"executed_lines": [], "summary": {"covered_lines": 0, "num_statements": 1, "percent_covered": 0.0, "percent_covered_display": "0", "missing_lines": 1, "excluded_lines": 0, "percent_statements_covered": 0.0, "percent_statements_covered_display": "0"}, "missing_lines": [98], "excluded_lines": [], "start_line": 97}, "ConductanceSynapses.queue_events": {"executed_lines": [112, 114], "summary": {"covered_lines": 2, "num_statements": 3, "percent_covered": 66.66666666666667, "percent_covered_display": "67", "missing_lines": 1, "excluded_lines": 0, "percent_statements_covered": 66.66666666666667, "percent_statements_covered_display": "67"}, "missing_lines": [113], "excluded_lines": [], "start_line": 100}, "ConductanceSynapses.step": {"executed_lines": [126, 127, 128, 132, 133, 134, 136, 137, 138, 139, 140, 144], "summary": {"covered_lines": 12, "num_statements": 12, "percent_covered": 100.0, "percent_covered_display": "100", "missing_lines": 0, "excluded_lines": 0, "percent_statements_covered": 100.0, "percent_statements_covered_display": "100"}, "missing_lines": [], "excluded_lines": [], "start_line": 116}, "ConductanceSynapses.current_pA": {"executed_lines": [], "summary": {"covered_lines": 0, "num_statements": 3, "percent_covered": 0.0, "percent_covered_display": "0", "missing_lines": 3, "excluded_lines": 0, "percent_statements_covered": 0.0, "percent_statements_covered_display": "0"}, "missing_lines": [173, 174, 180], "excluded_lines": [], "start_line": 147}, "": {"executed_lines": [6, 8, 10, 11, 13, 14, 16, 19, 20, 29, 30, 31, 34, 54, 76, 96, 97, 100, 116, 146, 147], "summary": {"covered_lines": 21, "num_statements": 21, "percent_covered": 100.0, "percent_covered_display": "100", "missing_lines": 0, "excluded_lines": 0, "percent_statements_covered": 100.0, "percent_statements_covered_display": "100"}, "missing_lines": [], "excluded_lines": [], "start_line": 1}}, "classes": {"ConductanceState": {"executed_lines": [], "summary": {"covered_lines": 0, "num_statements": 0, "percent_covered": 100.0, "percent_covered_display": "100", "missing_lines": 0, "excluded_lines": 0, "percent_statements_covered": 100.0, "percent_statements_covered_display": "100"}, "missing_lines": [], "excluded_lines": [], "start_line": 20}, "ConductanceSynapses": {"executed_lines": [77, 79, 81, 82, 83, 85, 86, 87, 88, 90, 112, 114, 126, 127, 128, 132, 133, 134, 136, 137, 138, 139, 140, 144], "summary": {"covered_lines": 24, "num_statements": 31, "percent_covered": 77.41935483870968, "percent_covered_display": "77", "missing_lines": 7, "excluded_lines": 0, "percent_statements_covered": 77.41935483870968, "percent_statements_covered_display": "77"}, "missing_lines": [78, 80, 98, 113, 173, 174, 180], "excluded_lines": [], "start_line": 54}, "": {"executed_lines": [6, 8, 10, 11, 13, 14, 16, 19, 20, 29, 30, 31, 34, 51, 54, 76, 96, 97, 100, 116, 146, 147], "summary": {"covered_lines": 22, "num_statements": 22, "percent_covered": 100.0, "percent_covered_display": "100", "missing_lines": 0, "excluded_lines": 0, "percent_statements_covered": 100.0, "percent_statements_covered_display": "100"}, "missing_lines": [], "excluded_lines": [], "start_line": 1}}}, "src/bnsyn/temperature/__init__.py": {"executed_lines": [1, 3], "summary": {"covered_lines": 2, "num_statements": 2, "percent_covered": 100.0, "percent_covered_display": "100", "missing_lines": 0, "excluded_lines": 0, "percent_statements_covered": 100.0, "percent_statements_covered_display": "100"}, "missing_lines": [], "excluded_lines": [], "functions": {"": {"executed_lines": [1, 3], "summary": {"covered_lines": 2, "num_statements": 2, "percent_covered": 100.0, "percent_covered_display": "100", "missing_lines": 0, "excluded_lines": 0, "percent_statements_covered": 100.0, "percent_statements_covered_display": "100"}, "missing_lines": [], "excluded_lines": [], "start_line": 1}}, "classes": {"": {"executed_lines": [1, 3], "summary": {"covered_lines": 2, "num_statements": 2, "percent_covered": 100.0, "percent_covered_display": "100", "missing_lines": 0, "excluded_lines": 0, "percent_statements_covered": 100.0, "percent_statements_covered_display": "100"}, "missing_lines": [], "excluded_lines": [], "start_line": 1}}}, "src/bnsyn/temperature/schedule.py": {"executed_lines": [6, 8, 10, 12, 15, 33, 36, 37, 49, 50, 52, 53, 54, 56, 62, 63, 64, 65, 67, 73, 74, 75], "summary": {"covered_lines": 22, "num_statements": 22, "percent_covered": 100.0, "percent_covered_display": "100", "missing_lines": 0, "excluded_lines": 0, "percent_statements_covered": 100.0, "percent_statements_covered_display": "100"}, "missing_lines": [], "excluded_lines": [], "functions": {"gate_sigmoid": {"executed_lines": [33], "summary": {"covered_lines": 1, "num_statements": 1, "percent_covered": 100.0, "percent_covered_display": "100", "missing_lines": 0, "excluded_lines": 0, "percent_statements_covered": 100.0, "percent_statements_covered_display": "100"}, "missing_lines": [], "excluded_lines": [], "start_line": 15}, "TemperatureSchedule.__post_init__": {"executed_lines": [53, 54], "summary": {"covered_lines": 2, "num_statements": 2, "percent_covered": 100.0, "percent_covered_display": "100", "missing_lines": 0, "excluded_lines": 0, "percent_statements_covered": 100.0, "percent_statements_covered_display": "100"}, "missing_lines": [], "excluded_lines": [], "start_line": 52}, "TemperatureSchedule.step_geometric": {"executed_lines": [62, 63, 64, 65], "summary": {"covered_lines": 4, "num_statements": 4, "percent_covered": 100.0, "percent_covered_display": "100", "missing_lines": 0, "excluded_lines": 0, "percent_statements_covered": 100.0, "percent_statements_covered_display": "100"}, "missing_lines": [], "excluded_lines": [], "start_line": 56}, "TemperatureSchedule.plasticity_gate": {"executed_lines": [73, 74, 75], "summary": {"covered_lines": 3, "num_statements": 3, "percent_covered": 100.0, "percent_covered_display": "100", "missing_lines": 0, "excluded_lines": 0, "percent_statements_covered": 100.0, "percent_statements_covered_display": "100"}, "missing_lines": [], "excluded_lines": [], "start_line": 67}, "": {"executed_lines": [6, 8, 10, 12, 15, 36, 37, 49, 50, 52, 56, 67], "summary": {"covered_lines": 12, "num_statements": 12, "percent_covered": 100.0, "percent_covered_display": "100", "missing_lines": 0, "excluded_lines": 0, "percent_statements_covered": 100.0, "percent_statements_covered_display": "100"}, "missing_lines": [], "excluded_lines": [], "start_line": 1}}, "classes": {"TemperatureSchedule": {"executed_lines": [53, 54, 62, 63, 64, 65, 73, 74, 75], "summary": {"covered_lines": 9, "num_statements": 9, "percent_covered": 100.0, "percent_covered_display": "100", "missing_lines": 0, "excluded_lines": 0, "percent_statements_covered": 100.0, "percent_statements_covered_display": "100"}, "missing_lines": [], "excluded_lines": [], "start_line": 37}, "": {"executed_lines": [6, 8, 10, 12, 15, 33, 36, 37, 49, 50, 52, 56, 67], "summary": {"covered_lines": 13, "num_statements": 13, "percent_covered": 100.0, "percent_covered_display": "100", "missing_lines": 0, "excluded_lines": 0, "percent_statements_covered": 100.0, "percent_statements_covered_display": "100"}, "missing_lines": [], "excluded_lines": [], "start_line": 1}}}, "src/bnsyn/validation/__init__.py": {"executed_lines": [3, 5, 12], "summary": {"covered_lines": 3, "num_statements": 3, "percent_covered": 100.0, "percent_covered_display": "100", "missing_lines": 0, "excluded_lines": 0, "percent_statements_covered": 100.0, "percent_statements_covered_display": "100"}, "missing_lines": [], "excluded_lines": [], "functions": {"": {"executed_lines": [3, 5, 12], "summary": {"covered_lines": 3, "num_statements": 3, "percent_covered": 100.0, "percent_covered_display": "100", "missing_lines": 0, "excluded_lines": 0, "percent_statements_covered": 100.0, "percent_statements_covered_display": "100"}, "missing_lines": [], "excluded_lines": [], "start_line": 1}}, "classes": {"": {"executed_lines": [3, 5, 12], "summary": {"covered_lines": 3, "num_statements": 3, "percent_covered": 100.0, "percent_covered_display": "100", "missing_lines": 0, "excluded_lines": 0, "percent_statements_covered": 100.0, "percent_statements_covered_display": "100"}, "missing_lines": [], "excluded_lines": [], "start_line": 1}}}, "src/bnsyn/validation/inputs.py": {"executed_lines": [3, 5, 7, 8, 9, 11, 13, 14, 17, 20, 22, 23, 24, 25, 26, 27, 28, 29, 31, 32, 33, 36, 37, 39, 42, 44, 45, 47, 49, 53, 55, 56, 58, 62, 68, 69, 71, 73], "summary": {"covered_lines": 38, "num_statements": 47, "percent_covered": 80.85106382978724, "percent_covered_display": "81", "missing_lines": 9, "excluded_lines": 0, "percent_statements_covered": 80.85106382978724, "percent_statements_covered_display": "81"}, "missing_lines": [38, 46, 48, 50, 57, 59, 70, 72, 74], "excluded_lines": [], "functions": {"_ensure_ndarray": {"executed_lines": [37, 39], "summary": {"covered_lines": 2, "num_statements": 3, "percent_covered": 66.66666666666667, "percent_covered_display": "67", "missing_lines": 1, "excluded_lines": 0, "percent_statements_covered": 66.66666666666667, "percent_statements_covered_display": "67"}, "missing_lines": [38], "excluded_lines": [], "start_line": 36}, "validate_state_vector": {"executed_lines": [44, 45, 47, 49], "summary": {"covered_lines": 4, "num_statements": 7, "percent_covered": 57.142857142857146, "percent_covered_display": "57", "missing_lines": 3, "excluded_lines": 0, "percent_statements_covered": 57.142857142857146, "percent_statements_covered_display": "57"}, "missing_lines": [46, 48, 50], "excluded_lines": [], "start_line": 42}, "validate_spike_array": {"executed_lines": [55, 56, 58], "summary": {"covered_lines": 3, "num_statements": 5, "percent_covered": 60.0, "percent_covered_display": "60", "missing_lines": 2, "excluded_lines": 0, "percent_statements_covered": 60.0, "percent_statements_covered_display": "60"}, "missing_lines": [57, 59], "excluded_lines": [], "start_line": 53}, "validate_connectivity_matrix": {"executed_lines": [68, 69, 71, 73], "summary": {"covered_lines": 4, "num_statements": 7, "percent_covered": 57.142857142857146, "percent_covered_display": "57", "missing_lines": 3, "excluded_lines": 0, "percent_statements_covered": 57.142857142857146, "percent_statements_covered_display": "57"}, "missing_lines": [70, 72, 74], "excluded_lines": [], "start_line": 62}, "": {"executed_lines": [3, 5, 7, 8, 9, 11, 13, 14, 17, 20, 22, 23, 24, 25, 26, 27, 28, 29, 31, 32, 33, 36, 42, 53, 62], "summary": {"covered_lines": 25, "num_statements": 25, "percent_covered": 100.0, "percent_covered_display": "100", "missing_lines": 0, "excluded_lines": 0, "percent_statements_covered": 100.0, "percent_statements_covered_display": "100"}, "missing_lines": [], "excluded_lines": [], "start_line": 1}}, "classes": {"NetworkValidationConfig": {"executed_lines": [], "summary": {"covered_lines": 0, "num_statements": 0, "percent_covered": 100.0, "percent_covered_display": "100", "missing_lines": 0, "excluded_lines": 0, "percent_statements_covered": 100.0, "percent_statements_covered_display": "100"}, "missing_lines": [], "excluded_lines": [], "start_line": 17}, "": {"executed_lines": [3, 5, 7, 8, 9, 11, 13, 14, 17, 20, 22, 23, 24, 25, 26, 27, 28, 29, 31, 32, 33, 36, 37, 39, 42, 44, 45, 47, 49, 53, 55, 56, 58, 62, 68, 69, 71, 73], "summary": {"covered_lines": 38, "num_statements": 47, "percent_covered": 80.85106382978724, "percent_covered_display": "81", "missing_lines": 9, "excluded_lines": 0, "percent_statements_covered": 80.85106382978724, "percent_statements_covered_display": "81"}, "missing_lines": [38, 46, 48, 50, 57, 59, 70, 72, 74], "excluded_lines": [], "start_line": 1}}}, "src/bnsyn/vcg.py": {"executed_lines": [1, 3, 5, 8, 9, 10, 11, 12, 13, 15, 16, 18, 20, 24, 26, 28, 29, 30, 33, 35, 37, 40, 44, 46, 51], "summary": {"covered_lines": 25, "num_statements": 31, "percent_covered": 80.64516129032258, "percent_covered_display": "81", "missing_lines": 6, "excluded_lines": 0, "percent_statements_covered": 80.64516129032258, "percent_statements_covered_display": "81"}, "missing_lines": [17, 19, 21, 27, 36, 45], "excluded_lines": [], "functions": {"VCGParams.__post_init__": {"executed_lines": [16, 18, 20], "summary": {"covered_lines": 3, "num_statements": 6, "percent_covered": 50.0, "percent_covered_display": "50", "missing_lines": 3, "excluded_lines": 0, "percent_statements_covered": 50.0, "percent_statements_covered_display": "50"}, "missing_lines": [17, 19, 21], "excluded_lines": [], "start_line": 15}, "update_support_level": {"executed_lines": [26, 28, 29, 30], "summary": {"covered_lines": 4, "num_statements": 5, "percent_covered": 80.0, "percent_covered_display": "80", "missing_lines": 1, "excluded_lines": 0, "percent_statements_covered": 80.0, "percent_statements_covered_display": "80"}, "missing_lines": [27], "excluded_lines": [], "start_line": 24}, "allocation_multiplier": {"executed_lines": [35, 37], "summary": {"covered_lines": 2, "num_statements": 3, "percent_covered": 66.66666666666667, "percent_covered_display": "67", "missing_lines": 1, "excluded_lines": 0, "percent_statements_covered": 66.66666666666667, "percent_statements_covered_display": "67"}, "missing_lines": [36], "excluded_lines": [], "start_line": 33}, "update_support_vector": {"executed_lines": [44, 46, 51], "summary": {"covered_lines": 3, "num_statements": 4, "percent_covered": 75.0, "percent_covered_display": "75", "missing_lines": 1, "excluded_lines": 0, "percent_statements_covered": 75.0, "percent_statements_covered_display": "75"}, "missing_lines": [45], "excluded_lines": [], "start_line": 40}, "": {"executed_lines": [1, 3, 5, 8, 9, 10, 11, 12, 13, 15, 24, 33, 40], "summary": {"covered_lines": 13, "num_statements": 13, "percent_covered": 100.0, "percent_covered_display": "100", "missing_lines": 0, "excluded_lines": 0, "percent_statements_covered": 100.0, "percent_statements_covered_display": "100"}, "missing_lines": [], "excluded_lines": [], "start_line": 1}}, "classes": {"VCGParams": {"executed_lines": [16, 18, 20], "summary": {"covered_lines": 3, "num_statements": 6, "percent_covered": 50.0, "percent_covered_display": "50", "missing_lines": 3, "excluded_lines": 0, "percent_statements_covered": 50.0, "percent_statements_covered_display": "50"}, "missing_lines": [17, 19, 21], "excluded_lines": [], "start_line": 9}, "": {"executed_lines": [1, 3, 5, 8, 9, 10, 11, 12, 13, 15, 24, 26, 28, 29, 30, 33, 35, 37, 40, 44, 46, 51], "summary": {"covered_lines": 22, "num_statements": 25, "percent_covered": 88.0, "percent_covered_display": "88", "missing_lines": 3, "excluded_lines": 0, "percent_statements_covered": 88.0, "percent_statements_covered_display": "88"}, "missing_lines": [27, 36, 45], "excluded_lines": [], "start_line": 1}}}}, "totals": {"covered_lines": 778, "num_statements": 902, "percent_covered": 86.25277161862527, "percent_covered_display": "86", "missing_lines": 124, "excluded_lines": 6, "percent_statements_covered": 86.25277161862527, "percent_statements_covered_display": "86"}}