============================= test session starts ==============================
platform linux -- Python 3.12.12, pytest-9.0.2, pluggy-1.6.0 -- /root/.pyenv/versions/3.12.12/bin/python
cachedir: .pytest_cache
hypothesis profile 'default'
rootdir: /workspace/bnsyn-phase-controlled-emergent-dynamics
configfile: pyproject.toml
testpaths: tests
plugins: cov-7.0.0, hypothesis-6.151.5
collecting ... [Hypothesis] Using default profile
collected 944 items / 245 deselected / 699 selected

tests/benchmarks/test_regression.py::test_benchmark_regression[small_network] PASSED [  0%]
tests/benchmarks/test_regression.py::test_benchmark_regression[medium_network] PASSED [  0%]
tests/benchmarks/test_regression.py::test_benchmark_regression[large_network] PASSED [  0%]
tests/properties/test_adex_properties.py::test_adex_outputs_finite PASSED [  0%]
tests/properties/test_adex_properties.py::test_adex_adaptation_nonnegative PASSED [  0%]
tests/properties/test_adex_properties.py::test_adex_excitatory_input_increases_voltage PASSED [  0%]
tests/properties/test_adex_properties.py::test_adex_vectorized_consistency PASSED [  1%]
tests/properties/test_adex_properties.py::test_adex_resting_state_stability PASSED [  1%]
tests/properties/test_adex_properties.py::test_adex_spike_reset PASSED   [  1%]
tests/properties/test_adex_properties.py::test_adex_adaptation_increases_on_spike PASSED [  1%]
tests/properties/test_adex_properties.py::test_adex_deterministic PASSED [  1%]
tests/properties/test_adex_properties.py::test_adex_handles_edge_case_inputs PASSED [  1%]
tests/properties/test_adex_properties.py::test_adex_timestep_independence PASSED [  1%]
tests/properties/test_hypothesis_profiles.py::test_hypothesis_profile_env_var_must_be_valid PASSED [  2%]
tests/properties/test_hypothesis_profiles.py::test_hypothesis_profile_loads_without_error PASSED [  2%]
tests/properties/test_manifest_tooling_properties.py::test_workflow_metrics_property_matches_declared_triggers PASSED [  2%]
tests/properties/test_manifest_tooling_properties.py::test_ci_manifest_reference_scope_fuzz PASSED [  2%]
tests/properties/test_manifest_tooling_properties.py::test_workflow_metrics_fuzz_ignores_non_yaml_extensions PASSED [  2%]
tests/properties/test_properties_bnsyn.py::test_determinism_property_universal PASSED [  2%]
tests/properties/test_properties_bnsyn.py::test_finite_outputs_property PASSED [  2%]
tests/properties/test_properties_bnsyn.py::test_network_size_monotonicity PASSED [  3%]
tests/properties/test_properties_bnsyn.py::test_bounded_spike_rates_property PASSED [  3%]
tests/properties/test_properties_bnsyn.py::test_different_seeds_produce_different_results PASSED [  3%]
tests/properties/test_properties_bnsyn.py::test_reproducibility_across_runs PASSED [  3%]
tests/properties/test_properties_bnsyn.py::test_dt_stability_property PASSED [  3%]
tests/properties/test_properties_determinism.py::test_determinism_property_all_sizes PASSED [  3%]
tests/properties/test_properties_determinism.py::test_seed_controls_rng_stream PASSED [  3%]
tests/properties/test_validation_inputs_properties.py::test_state_validator_property_rejects_non_finite PASSED [  4%]
tests/test_actions_pinning.py::test_all_external_workflow_actions_are_sha_pinned PASSED [  4%]
tests/test_adex_smoke.py::test_adex_step_spikes_and_resets PASSED        [  4%]
tests/test_adex_smoke.py::test_adex_step_with_error_tracking_reports_metrics PASSED [  4%]
tests/test_adex_smoke.py::test_adex_step_uses_previous_voltage_for_adaptation PASSED [  4%]
tests/test_api_contract_command.py::test_api_contract_command_runs_from_repo_root PASSED [  4%]
tests/test_api_contract_semver.py::test_api_contract_detects_breaking_changes PASSED [  4%]
tests/test_api_contract_semver.py::test_semver_major_bump_allows_breaking_change PASSED [  5%]
tests/test_api_contract_semver.py::test_collect_public_api_uses_contract_symbols_only PASSED [  5%]
tests/test_api_contract_semver.py::test_signature_normalization_typing_prefix PASSED [  5%]
tests/test_api_maturity.py::test_api_maturity_file_is_valid PASSED       [  5%]
tests/test_api_maturity.py::test_api_maturity_rejects_invalid_status PASSED [  5%]
tests/test_api_surface_reexports.py::test_control_reexports PASSED       [  5%]
tests/test_api_surface_reexports.py::test_neurons_reexports PASSED       [  5%]
tests/test_api_surface_reexports.py::test_simulation_reexports PASSED    [  6%]
tests/test_api_surface_reexports.py::test_synapses_reexports PASSED      [  6%]
tests/test_attractor_crystallizer.py::test_crystallizer_initialization PASSED [  6%]
tests/test_attractor_crystallizer.py::test_state_subsampling PASSED      [  6%]
tests/test_attractor_crystallizer.py::test_two_cluster_detection PASSED  [  6%]
tests/test_attractor_crystallizer.py::test_crystallization_phases PASSED [  6%]
tests/test_attractor_crystallizer.py::test_determinism PASSED            [  6%]
tests/test_attractor_crystallizer.py::test_attractor_callbacks PASSED    [  7%]
tests/test_attractor_crystallizer.py::test_ring_buffer_wraparound PASSED [  7%]
tests/test_attractor_crystallizer.py::test_crystallizer_growth_phase_for_small_attractor_counts PASSED [  7%]
tests/test_attractor_crystallizer.py::test_crystallizer_nucleation_phase_transition_callback PASSED [  7%]
tests/test_attractor_crystallizer.py::test_crystallizer_growth_phase_when_not_crystallized PASSED [  7%]
tests/test_attractor_crystallizer.py::test_crystallizer_rejects_duplicate_attractors_within_eps PASSED [  7%]
tests/test_attractor_crystallizer.py::test_crystallization_progress_and_state_snapshot PASSED [  7%]
tests/test_audit_suite_artifacts.py::test_audit_outputs_exist PASSED     [  8%]
tests/test_audit_suite_artifacts.py::test_report_contains_required_top_level_sections PASSED [  8%]
tests/test_audit_suite_artifacts.py::test_all_nonzero_module_scores_have_evidence PASSED [  8%]
tests/test_audit_suite_artifacts.py::test_executive_summary_word_budget PASSED [  8%]
tests/test_audit_suite_artifacts.py::test_proof_bundle_index_hashes_match_files PASSED [  8%]
tests/test_audit_suite_artifacts.py::test_command_logs_have_required_metadata_fields PASSED [  8%]
tests/test_benchmark_regression_gate.py::test_regression_gate_detects_degradation PASSED [  8%]
tests/test_benchmarks_smoke.py::test_benchmarks_smoke[benchmark_scale.py] PASSED [  9%]
tests/test_benchmarks_smoke.py::test_benchmarks_smoke[benchmark_dt.py] PASSED [  9%]
tests/test_benchmarks_smoke.py::test_benchmarks_smoke[benchmark_plasticity.py] PASSED [  9%]
tests/test_benchmarks_smoke.py::test_benchmarks_deterministic[benchmark_scale.py-spike_count] PASSED [  9%]
tests/test_benchmarks_smoke.py::test_benchmarks_deterministic[benchmark_dt.py-spike_count] PASSED [  9%]
tests/test_benchmarks_smoke.py::test_benchmarks_deterministic[benchmark_plasticity.py-weight_sum] PASSED [  9%]
tests/test_calibration_accuracy_speed.py::test_integrator_accuracy_order PASSED [  9%]
tests/test_calibration_fit_edge.py::test_fit_line_shape_mismatch PASSED  [ 10%]
tests/test_calibration_smoke.py::test_fit_fI_curve_r2 PASSED             [ 10%]
tests/test_claims_enforcement.py::test_clm_0011_normative_claims_have_complete_evidence PASSED [ 10%]
tests/test_claims_enforcement.py::test_claims_file_structure PASSED      [ 10%]
tests/test_claims_enforcement.py::test_all_claims_have_required_basic_fields PASSED [ 10%]
tests/test_cli_interactive.py::test_cmd_demo_interactive_launch PASSED   [ 10%]
tests/test_cli_interactive.py::test_cmd_demo_interactive_keyboard_interrupt PASSED [ 10%]
tests/test_cli_interactive.py::test_cmd_demo_interactive_missing_script PASSED [ 11%]
tests/test_cli_interactive.py::test_cmd_demo_interactive_missing_streamlit PASSED [ 11%]
tests/test_cli_interactive.py::test_cmd_demo_interactive_nonzero_returncode PASSED [ 11%]
tests/test_cli_interactive.py::test_cmd_demo_interactive_exception PASSED [ 11%]
tests/test_cli_interactive.py::test_cli_module_main_executes PASSED      [ 11%]
tests/test_cli_interactive.py::test_package_module_main_executes PASSED  [ 11%]
tests/test_cli_interactive.py::test_cmd_run_experiment_success PASSED    [ 11%]
tests/test_cli_interactive.py::test_cmd_run_experiment_failure PASSED    [ 12%]
tests/test_cli_sleep_stack_backend_and_N_unit.py::test_cmd_sleep_stack_passes_backend_and_n PASSED [ 12%]
tests/test_cli_sleep_stack_branches.py::test_cmd_sleep_stack_git_sha_failure PASSED [ 12%]
tests/test_cli_sleep_stack_branches.py::test_cmd_sleep_stack_transitions_and_figure_error PASSED [ 12%]
tests/test_cli_sleep_stack_figure.py::test_cmd_sleep_stack_generates_figure PASSED [ 12%]
tests/test_cli_smoke.py::test_cli_demo_runs PASSED                       [ 12%]
tests/test_cli_smoke.py::test_cli_dtcheck_runs PASSED                    [ 12%]
tests/test_cli_smoke.py::test_cli_sleep_stack_runs PASSED                [ 13%]
tests/test_cli_unit.py::test_cmd_demo_direct PASSED                      [ 13%]
tests/test_cli_unit.py::test_cmd_dtcheck_direct PASSED                   [ 13%]
tests/test_cli_unit.py::test_cmd_sleep_stack_direct PASSED               [ 13%]
tests/test_cli_unit.py::test_cmd_sleep_stack_with_custom_sleep_duration PASSED [ 13%]
tests/test_cli_versioning.py::test_get_package_version_from_metadata PASSED [ 13%]
tests/test_cli_versioning.py::test_get_package_version_falls_back_to_pyproject PASSED [ 13%]
tests/test_cli_versioning.py::test_get_package_version_unknown_when_pyproject_missing PASSED [ 14%]
tests/test_cli_versioning.py::test_get_package_version_unknown_on_invalid_pyproject PASSED [ 14%]
tests/test_connectivity_sparse.py::test_sparse_connectivity_dense_roundtrip PASSED [ 14%]
tests/test_connectivity_sparse.py::test_sparse_connectivity_sparse_roundtrip PASSED [ 14%]
tests/test_connectivity_sparse.py::test_sparse_connectivity_sparse_internal_type_errors PASSED [ 14%]
tests/test_connectivity_sparse.py::test_sparse_connectivity_sparse_returns_sparse_y PASSED [ 14%]
tests/test_connectivity_sparse.py::test_sparse_connectivity_auto_density_threshold PASSED [ 14%]
tests/test_connectivity_sparse.py::test_sparse_connectivity_repr_contains_metrics PASSED [ 15%]
tests/test_connectivity_sparse.py::test_sparse_connectivity_invalid_shape PASSED [ 15%]
tests/test_connectivity_sparse.py::test_build_random_connectivity_validation PASSED [ 15%]
tests/test_connectivity_sparse.py::test_build_random_connectivity_deterministic PASSED [ 15%]
tests/test_consolidation_smoke.py::test_dual_weight_updates PASSED       [ 15%]
tests/test_coverage_gap_extensions.py::test_calibration_accuracy_speed_validation_errors[kwargs0] PASSED [ 15%]
tests/test_coverage_gap_extensions.py::test_calibration_accuracy_speed_validation_errors[kwargs1] PASSED [ 15%]
tests/test_coverage_gap_extensions.py::test_calibration_accuracy_speed_validation_errors[kwargs2] PASSED [ 16%]
tests/test_coverage_gap_extensions.py::test_calibration_accuracy_speed_validation_errors[kwargs3] PASSED [ 16%]
tests/test_coverage_gap_extensions.py::test_calibration_accuracy_speed_validation_errors[kwargs4] PASSED [ 16%]
tests/test_coverage_gap_extensions.py::test_dual_weight_step_validation_errors PASSED [ 16%]
tests/test_coverage_gap_extensions.py::test_phase_transition_sigma_derivative_edges PASSED [ 16%]
tests/test_coverage_gap_extensions.py::test_crystallizer_edges_and_callbacks PASSED [ 16%]
tests/test_coverage_gap_extensions.py::test_consolidation_ledger_validation_and_state PASSED [ 16%]
tests/test_coverage_gap_extensions.py::test_memory_consolidator_eviction_and_validation PASSED [ 17%]
tests/test_coverage_gap_extensions.py::test_adex_validation_and_spike_reset PASSED [ 17%]
tests/test_coverage_gap_extensions.py::test_manifest_fallback_import_path PASSED [ 17%]
tests/test_coverage_gap_extensions.py::test_network_module_import_with_torch_available PASSED [ 17%]
tests/test_coverage_gap_extensions.py::test_network_torch_paths PASSED   [ 17%]
tests/test_coverage_gap_extensions.py::test_sleep_cycle_validation_and_callbacks PASSED [ 17%]
tests/test_coverage_gap_extensions.py::test_sleep_cycle_sleep_and_dream_paths PASSED [ 17%]
tests/test_coverage_gap_extensions.py::test_viz_interactive_optional_dependency_errors PASSED [ 18%]
tests/test_coverage_gate.py::test_read_coverage_percent_parses_valid_xml PASSED [ 18%]
tests/test_coverage_gate.py::test_read_coverage_percent_missing_file_fails PASSED [ 18%]
tests/test_coverage_gate.py::test_read_coverage_percent_missing_line_rate_fails PASSED [ 18%]
tests/test_coverage_gate.py::test_read_baseline_missing_required_keys_fails PASSED [ 18%]
tests/test_coverage_gate.py::test_read_baseline_invalid_json_fails PASSED [ 18%]
tests/test_coverage_gate.py::test_check_gate_fails_when_baseline_below_minimum PASSED [ 18%]
tests/test_coverage_gate.py::test_check_gate_fails_when_below_baseline_beyond_tolerance PASSED [ 19%]
tests/test_coverage_gate.py::test_check_gate_fails_when_below_minimum_beyond_tolerance PASSED [ 19%]
tests/test_coverage_gate.py::test_check_gate_passes_within_tolerance PASSED [ 19%]
tests/test_coverage_gate.py::test_main_fails_when_baseline_missing PASSED [ 19%]
tests/test_coverage_gate.py::test_main_fails_when_coverage_xml_missing PASSED [ 19%]
tests/test_coverage_gate.py::test_main_fails_when_baseline_json_invalid PASSED [ 19%]
tests/test_coverage_paths.py::test_cli_commands_direct PASSED            [ 19%]
tests/test_coverage_paths.py::test_criticality_analysis_paths PASSED     [ 20%]
tests/test_coverage_paths.py::test_integrators_and_stdp PASSED           [ 20%]
tests/test_coverage_paths.py::test_rng_seed_and_split PASSED             [ 20%]
tests/test_coverage_paths.py::test_production_adex_step_paths PASSED     [ 20%]
tests/test_coverage_paths.py::test_production_connectivity_paths PASSED  [ 20%]
tests/test_coverage_paths.py::test_jax_backend_import_error PASSED       [ 20%]
tests/test_coverage_paths.py::test_adex_error_tracking_and_adaptive PASSED [ 20%]
tests/test_criticality_analysis_edge.py::test_estimate_branching_ratio_negative_activity PASSED [ 21%]
tests/test_criticality_analysis_edge.py::test_estimate_branching_ratio_zero_denominator PASSED [ 21%]
tests/test_criticality_analysis_edge.py::test_estimate_branching_ratio_nonpositive_slope PASSED [ 21%]
tests/test_criticality_analysis_edge.py::test_fit_power_law_mle_invalid_inputs PASSED [ 21%]
tests/test_criticality_smoke.py::test_sigma_estimator_and_controller PASSED [ 21%]
tests/test_crystallizer_edge_cases.py::test_crystallizer_invalid_params PASSED [ 21%]
tests/test_crystallizer_edge_cases.py::test_crystallizer_subsample_shape_validation PASSED [ 21%]
tests/test_crystallizer_edge_cases.py::test_crystallizer_transform_default_passthrough PASSED [ 22%]
tests/test_crystallizer_edge_cases.py::test_crystallizer_pca_failure_retains_previous PASSED [ 22%]
tests/test_crystallizer_edge_cases.py::test_crystallizer_dbscan_detects_cluster PASSED [ 22%]
tests/test_determinism.py::test_determinism_same_seed_same_metrics PASSED [ 22%]
tests/test_determinism.py::test_no_global_numpy_rng_usage PASSED         [ 22%]
tests/test_dt_invariance.py::test_dt_invariance_rate_sigma_close PASSED  [ 22%]
tests/test_edge_cases_adex.py::TestAdExEdgeCases::test_voltage_initialization[1e-10] PASSED [ 22%]
tests/test_edge_cases_adex.py::TestAdExEdgeCases::test_voltage_initialization[1e-06] PASSED [ 23%]
tests/test_edge_cases_adex.py::TestAdExEdgeCases::test_voltage_initialization[0.0] PASSED [ 23%]
tests/test_edge_cases_adex.py::TestAdExEdgeCases::test_voltage_initialization[-70.0] PASSED [ 23%]
tests/test_edge_cases_adex.py::TestAdExEdgeCases::test_voltage_initialization[30.0] PASSED [ 23%]
tests/test_edge_cases_adex.py::TestAdExEdgeCases::test_voltage_initialization[30.000001] PASSED [ 23%]
tests/test_edge_cases_adex.py::TestAdExEdgeCases::test_voltage_initialization[40.0] PASSED [ 23%]
tests/test_edge_cases_adex.py::TestAdExEdgeCases::test_voltage_initialization[-1000.0] PASSED [ 23%]
tests/test_edge_cases_adex.py::TestAdExEdgeCases::test_adaptation_initialization[-100.0] PASSED [ 24%]
tests/test_edge_cases_adex.py::TestAdExEdgeCases::test_adaptation_initialization[-1e-06] PASSED [ 24%]
tests/test_edge_cases_adex.py::TestAdExEdgeCases::test_adaptation_initialization[0.0] PASSED [ 24%]
tests/test_edge_cases_adex.py::TestAdExEdgeCases::test_adaptation_initialization[1.0] PASSED [ 24%]
tests/test_edge_cases_adex.py::TestAdExEdgeCases::test_adaptation_initialization[1000.0] PASSED [ 24%]
tests/test_edge_cases_adex.py::TestAdExEdgeCases::test_dt_stability[1e-06] PASSED [ 24%]
tests/test_edge_cases_adex.py::TestAdExEdgeCases::test_dt_stability[0.0001] PASSED [ 24%]
tests/test_edge_cases_adex.py::TestAdExEdgeCases::test_dt_stability[0.1] PASSED [ 25%]
tests/test_edge_cases_adex.py::TestAdExEdgeCases::test_dt_stability[1.0] PASSED [ 25%]
tests/test_edge_cases_criticality.py::TestCriticalityEdgeCases::test_sigma_controller_bounds[0.1] PASSED [ 25%]
tests/test_edge_cases_criticality.py::TestCriticalityEdgeCases::test_sigma_controller_bounds[0.5] PASSED [ 25%]
tests/test_edge_cases_criticality.py::TestCriticalityEdgeCases::test_sigma_controller_bounds[1.0] PASSED [ 25%]
tests/test_edge_cases_criticality.py::TestCriticalityEdgeCases::test_sigma_controller_bounds[1.5] PASSED [ 25%]
tests/test_edge_cases_criticality.py::TestCriticalityEdgeCases::test_sigma_controller_bounds[2.0] PASSED [ 25%]
tests/test_edge_cases_criticality.py::TestCriticalityEdgeCases::test_sigma_controller_bounds[5.0] PASSED [ 26%]
tests/test_edge_cases_criticality.py::TestCriticalityEdgeCases::test_sigma_edge_values[0.0] PASSED [ 26%]
tests/test_edge_cases_criticality.py::TestCriticalityEdgeCases::test_sigma_edge_values[0.5] PASSED [ 26%]
tests/test_edge_cases_criticality.py::TestCriticalityEdgeCases::test_sigma_edge_values[1.0] PASSED [ 26%]
tests/test_edge_cases_criticality.py::TestCriticalityEdgeCases::test_sigma_edge_values[1.5] PASSED [ 26%]
tests/test_edge_cases_criticality.py::TestCriticalityEdgeCases::test_sigma_edge_values[2.0] PASSED [ 26%]
tests/test_edge_cases_criticality.py::TestCriticalityEdgeCases::test_sigma_edge_values[100.0] PASSED [ 26%]
tests/test_edge_cases_synapse.py::TestSynapseEdgeCases::test_nmda_block_all_voltages[-200.0] PASSED [ 27%]
tests/test_edge_cases_synapse.py::TestSynapseEdgeCases::test_nmda_block_all_voltages[-100.0] PASSED [ 27%]
tests/test_edge_cases_synapse.py::TestSynapseEdgeCases::test_nmda_block_all_voltages[-80.0] PASSED [ 27%]
tests/test_edge_cases_synapse.py::TestSynapseEdgeCases::test_nmda_block_all_voltages[-40.0] PASSED [ 27%]
tests/test_edge_cases_synapse.py::TestSynapseEdgeCases::test_nmda_block_all_voltages[0.0] PASSED [ 27%]
tests/test_edge_cases_synapse.py::TestSynapseEdgeCases::test_nmda_block_all_voltages[40.0] PASSED [ 27%]
tests/test_edge_cases_synapse.py::TestSynapseEdgeCases::test_nmda_block_all_voltages[100.0] PASSED [ 27%]
tests/test_edge_cases_synapse.py::TestSynapseEdgeCases::test_nmda_block_all_voltages[200.0] PASSED [ 28%]
tests/test_edge_cases_synapse.py::TestSynapseEdgeCases::test_nmda_block_mg_concentrations[0.0] PASSED [ 28%]
tests/test_edge_cases_synapse.py::TestSynapseEdgeCases::test_nmda_block_mg_concentrations[0.1] PASSED [ 28%]
tests/test_edge_cases_synapse.py::TestSynapseEdgeCases::test_nmda_block_mg_concentrations[1.0] PASSED [ 28%]
tests/test_edge_cases_synapse.py::TestSynapseEdgeCases::test_nmda_block_mg_concentrations[5.0] PASSED [ 28%]
tests/test_edge_cases_synapse.py::TestSynapseEdgeCases::test_nmda_block_mg_concentrations[10.0] PASSED [ 28%]
tests/test_edge_cases_synapse.py::TestSynapseEdgeCases::test_conductance_zero_events PASSED [ 28%]
tests/test_edge_cases_synapse.py::TestSynapseEdgeCases::test_conductance_large_spike_train PASSED [ 29%]
tests/test_edge_cases_temperature.py::TestTemperatureEdgeCases::test_temperature_schedule_bounds[0.1-0.01] PASSED [ 29%]
tests/test_edge_cases_temperature.py::TestTemperatureEdgeCases::test_temperature_schedule_bounds[1.0-0.1] PASSED [ 29%]
tests/test_edge_cases_temperature.py::TestTemperatureEdgeCases::test_temperature_schedule_bounds[10.0-0.01] PASSED [ 29%]
tests/test_edge_cases_temperature.py::TestTemperatureEdgeCases::test_temperature_schedule_bounds[100.0-1.0] PASSED [ 29%]
tests/test_edge_cases_temperature.py::TestTemperatureEdgeCases::test_cooling_rate[0.1] PASSED [ 29%]
tests/test_edge_cases_temperature.py::TestTemperatureEdgeCases::test_cooling_rate[0.5] PASSED [ 29%]
tests/test_edge_cases_temperature.py::TestTemperatureEdgeCases::test_cooling_rate[0.9] PASSED [ 30%]
tests/test_edge_cases_temperature.py::TestTemperatureEdgeCases::test_cooling_rate[0.99] PASSED [ 30%]
tests/test_edge_cases_temperature.py::TestTemperatureEdgeCases::test_cooling_rate[0.999] PASSED [ 30%]
tests/test_edge_cases_temperature.py::TestTemperatureEdgeCases::test_gate_closes_over_time PASSED [ 30%]
tests/test_energy_smoke.py::test_energy_cost_finite PASSED               [ 30%]
tests/test_entropy_artifacts_guard.py::test_entropy_artifacts_guard_passes PASSED [ 30%]
tests/test_entropy_gate.py::test_entropy_gate_no_regressions PASSED      [ 30%]
tests/test_experiment_manifest.py::test_generate_manifest_includes_spec_hypothesis_metadata PASSED [ 31%]
tests/test_experiments_declarative.py::test_load_config_missing_file PASSED [ 31%]
tests/test_experiments_declarative.py::test_load_config_invalid_yaml PASSED [ 31%]
tests/test_experiments_declarative.py::test_load_config_requires_mapping PASSED [ 31%]
tests/test_experiments_declarative.py::test_load_config_validation_error PASSED [ 31%]
tests/test_experiments_declarative.py::test_run_experiment_collects_runs PASSED [ 31%]
tests/test_experiments_declarative.py::test_run_from_yaml_writes_output PASSED [ 31%]
tests/test_experiments_declarative.py::test_run_from_yaml_prints_when_no_output PASSED [ 32%]
tests/test_experiments_temperature_ablation.py::test_get_experiment_config PASSED [ 32%]
tests/test_experiments_temperature_ablation.py::test_get_experiment_config_unknown_raises PASSED [ 32%]
tests/test_experiments_temperature_ablation.py::test_run_single_trial_deterministic PASSED [ 32%]
tests/test_experiments_temperature_ablation.py::test_run_single_trial_produces_expected_keys PASSED [ 32%]
tests/test_experiments_temperature_ablation.py::test_run_temperature_ablation_experiment_smoke PASSED [ 32%]
tests/test_experiments_temperature_ablation.py::test_experiment_runner_cli_smoke PASSED [ 32%]
tests/test_experiments_temperature_ablation.py::test_get_experiment_config_v2 PASSED [ 33%]
tests/test_experiments_temperature_ablation.py::test_run_single_trial_v2_piecewise_cooling PASSED [ 33%]
tests/test_experiments_temperature_ablation.py::test_run_temperature_ablation_experiment_v2_smoke PASSED [ 33%]
tests/test_experiments_temperature_ablation.py::test_experiment_runner_cli_v2_smoke PASSED [ 33%]
tests/test_faults.py::test_inject_numeric_fault_nan PASSED               [ 33%]
tests/test_faults.py::test_inject_numeric_fault_inf PASSED               [ 33%]
tests/test_faults.py::test_inject_numeric_fault_neg_inf PASSED           [ 33%]
tests/test_faults.py::test_clamp_numeric_replaces_invalid PASSED         [ 34%]
tests/test_faults.py::test_inject_timing_fault_bounds PASSED             [ 34%]
tests/test_faults.py::test_inject_faults_disabled_paths_return_inputs PASSED [ 34%]
tests/test_faults.py::test_inject_stochastic_fault_behavior PASSED       [ 34%]
tests/test_faults.py::test_inject_io_fault_modes PASSED                  [ 34%]
tests/test_generate_coverage_trend.py::test_normalize_coverage_percent_rounds PASSED [ 34%]
tests/test_generate_coverage_trend.py::test_normalize_coverage_percent_rejects_out_of_scale[-0.01] PASSED [ 34%]
tests/test_generate_coverage_trend.py::test_normalize_coverage_percent_rejects_out_of_scale[100.01] PASSED [ 35%]
tests/test_generate_coverage_trend.py::test_validate_state_thresholds_accepts_default PASSED [ 35%]
tests/test_generate_coverage_trend.py::test_validate_state_thresholds_rejects_invalid[thresholds0] PASSED [ 35%]
tests/test_generate_coverage_trend.py::test_validate_state_thresholds_rejects_invalid[thresholds1] PASSED [ 35%]
tests/test_generate_coverage_trend.py::test_validate_state_thresholds_rejects_invalid[thresholds2] PASSED [ 35%]
tests/test_generate_coverage_trend.py::test_quantize_coverage_state_boundaries[0.0-critical] PASSED [ 35%]
tests/test_generate_coverage_trend.py::test_quantize_coverage_state_boundaries[49.9999-critical] PASSED [ 35%]
tests/test_generate_coverage_trend.py::test_quantize_coverage_state_boundaries[50.0-low] PASSED [ 36%]
tests/test_generate_coverage_trend.py::test_quantize_coverage_state_boundaries[69.9999-low] PASSED [ 36%]
tests/test_generate_coverage_trend.py::test_quantize_coverage_state_boundaries[70.0-moderate] PASSED [ 36%]
tests/test_generate_coverage_trend.py::test_quantize_coverage_state_boundaries[84.9999-moderate] PASSED [ 36%]
tests/test_generate_coverage_trend.py::test_quantize_coverage_state_boundaries[85.0-high] PASSED [ 36%]
tests/test_generate_coverage_trend.py::test_quantize_coverage_state_boundaries[94.9999-high] PASSED [ 36%]
tests/test_generate_coverage_trend.py::test_quantize_coverage_state_boundaries[95.0-excellent] PASSED [ 36%]
tests/test_generate_coverage_trend.py::test_quantize_coverage_state_boundaries[100.0-excellent] PASSED [ 37%]
tests/test_generate_coverage_trend.py::test_load_total_coverage_rejects_missing_numeric PASSED [ 37%]
tests/test_generate_coverage_trend.py::test_main_writes_json_and_csv PASSED [ 37%]
tests/test_generate_inventory.py::test_inventory_json_matches_repository_state PASSED [ 37%]
tests/test_generate_inventory.py::test_build_inventory_render_matches_file PASSED [ 37%]
tests/test_imports.py::test_public_imports PASSED                        [ 37%]
tests/test_imports.py::test_network_module_exports PASSED                [ 37%]
tests/test_incremental_cache.py::test_compute_file_hash_changes PASSED   [ 38%]
tests/test_incremental_cache.py::test_cached_respects_dependency_hash PASSED [ 38%]
tests/test_integration_examples.py::test_library_integration_example_runs PASSED [ 38%]
tests/test_integration_examples.py::test_cli_integration_example_runs PASSED [ 38%]
tests/test_integration_experiment_flow.py::test_run_from_yaml_end_to_end PASSED [ 38%]
tests/test_intelligence_cycle.py::test_run_cycle_pipeline_is_deterministic PASSED [ 38%]
tests/test_intelligence_cycle.py::test_main_writes_json_output PASSED    [ 38%]
tests/test_interactive_smoke.py::test_interactive_import SKIPPED (St...) [ 39%]
tests/test_interactive_smoke.py::test_interactive_helper_functions SKIPPED [ 39%]
tests/test_interactive_smoke.py::test_declarative_load_config PASSED     [ 39%]
tests/test_interactive_smoke.py::test_declarative_invalid_config PASSED  [ 39%]
tests/test_interactive_smoke.py::test_incremental_cache_decorator PASSED [ 39%]
tests/test_interactive_smoke.py::test_schema_validation PASSED           [ 39%]
tests/test_interactive_smoke.py::test_dashboard_ui_no_simulation SKIPPED [ 39%]
tests/test_interactive_smoke.py::test_dashboard_simulation_flow SKIPPED  [ 40%]
tests/test_jax_backend.py::test_jax_backend_import_safe_without_jax PASSED [ 40%]
tests/test_jax_backend.py::test_adex_step_jax_with_numpy_shim PASSED     [ 40%]
tests/test_jax_backend.py::test_jax_backend_handles_find_spec_value_error PASSED [ 40%]
tests/test_manifest_builder.py::test_get_git_commit_handles_errors PASSED [ 40%]
tests/test_manifest_builder.py::test_extract_spec_version_falls_back_to_hash PASSED [ 40%]
tests/test_manifest_builder.py::test_extract_hypothesis_version_falls_back_to_hash PASSED [ 40%]
tests/test_manifest_builder.py::test_extract_spec_version_reads_header_version PASSED [ 41%]
tests/test_manifest_builder.py::test_extract_hypothesis_version_reads_header_version PASSED [ 41%]
tests/test_manifest_builder.py::test_build_experiment_manifest_filters_manifest_json PASSED [ 41%]
tests/test_manifest_builder.py::test_resolve_package_version_fallback_from_pyproject PASSED [ 41%]
tests/test_manifest_builder.py::test_resolve_package_version_invalid_toml_returns_default PASSED [ 41%]
tests/test_manifest_builder.py::test_build_sleep_stack_manifest_uses_fallback_git_id PASSED [ 41%]
tests/test_manifest_consistency.py::test_manifest_git_consistency PASSED [ 41%]
tests/test_manifest_tooling.py::test_workflow_metrics_supports_yml_yaml_and_on_shapes PASSED [ 42%]
tests/test_manifest_tooling.py::test_repo_fingerprint_is_path_invariant PASSED [ 42%]
tests/test_manifest_tooling.py::test_ci_manifest_reference_count_respects_declared_scope PASSED [ 42%]
tests/test_manifest_tooling_regression.py::test_validate_fails_on_computed_drift PASSED [ 42%]
tests/test_manifest_tooling_regression.py::test_generate_summary_hashes_match_outputs PASSED [ 42%]
tests/test_manifest_tooling_regression.py::test_validate_fails_when_ci_manifest_references_present PASSED [ 42%]
tests/test_manifest_tooling_regression.py::test_repo_fingerprint_invariant_to_file_creation_order PASSED [ 42%]
tests/test_manifest_tools.py::test_manifest_generation_and_validation[tool_path0] PASSED [ 43%]
tests/test_manifest_tools.py::test_manifest_generation_and_validation[tool_path1] PASSED [ 43%]
tests/test_manifest_tools.py::test_manifest_includes_expected_sha[tool_path0] PASSED [ 43%]
tests/test_manifest_tools.py::test_manifest_includes_expected_sha[tool_path1] PASSED [ 43%]
tests/test_manifest_tools.py::test_manifest_ordering_is_deterministic[tool_path0] PASSED [ 43%]
tests/test_manifest_tools.py::test_manifest_ordering_is_deterministic[tool_path1] PASSED [ 43%]
tests/test_manifest_tools.py::test_manifest_allows_empty_directory[tool_path0] PASSED [ 43%]
tests/test_manifest_tools.py::test_manifest_allows_empty_directory[tool_path1] PASSED [ 44%]
tests/test_manifest_tools.py::test_manifest_rejects_symlinks[tool_path0] PASSED [ 44%]
tests/test_manifest_tools.py::test_manifest_rejects_symlinks[tool_path1] PASSED [ 44%]
tests/test_manifest_tools.py::test_manifest_rejects_unreadable_file[tool_path0] PASSED [ 44%]
tests/test_manifest_tools.py::test_manifest_rejects_unreadable_file[tool_path1] PASSED [ 44%]
tests/test_math_invariants.py::TestContractNegativeCases::test_non_empty_text_rejects_blank PASSED [ 44%]
tests/test_math_invariants.py::TestContractNegativeCases::test_numeric_finite_rejects_inf PASSED [ 44%]
tests/test_math_invariants.py::TestContractNegativeCases::test_dt_stability_rejects_unstable PASSED [ 45%]
tests/test_math_invariants.py::TestContractNegativeCases::test_state_finite_rejects_nan PASSED [ 45%]
tests/test_math_invariants.py::TestContractNegativeCases::test_energy_rejects_growth PASSED [ 45%]
tests/test_math_invariants.py::TestContractNegativeCases::test_tolerance_rejects_bad_atol PASSED [ 45%]
tests/test_math_invariants.py::TestContractNegativeCases::test_phase_range_rejects_invalid PASSED [ 45%]
tests/test_math_invariants.py::TestContractNegativeCases::test_order_parameter_range_rejects PASSED [ 45%]
tests/test_math_invariants.py::TestContractNegativeCases::test_order_parameter_computation_rejects PASSED [ 45%]
tests/test_math_invariants.py::TestContractNegativeCases::test_phase_velocity_rejects_inf PASSED [ 46%]
tests/test_math_invariants.py::TestContractNegativeCases::test_coupling_matrix_rejects_asymmetry PASSED [ 46%]
tests/test_math_invariants.py::TestContractNegativeCases::test_adjacency_rejects_self_loops PASSED [ 46%]
tests/test_math_invariants.py::TestContractNegativeCases::test_weight_matrix_rejects_negative PASSED [ 46%]
tests/test_math_invariants.py::TestContractNegativeCases::test_cancellation_contract_rejects_precision_loss PASSED [ 46%]
tests/test_math_invariants.py::TestContractNegativeCases::test_log_domain_rejects_non_positive PASSED [ 46%]
tests/test_math_invariants.py::TestContractNegativeCases::test_exp_overflow_rejects_large_values PASSED [ 46%]
tests/test_math_invariants.py::TestContractNegativeCases::test_division_by_zero_rejects_tiny_denominator PASSED [ 47%]
tests/test_math_invariants.py::TestContractNegativeCases::test_dtype_consistency_rejects_mixed PASSED [ 47%]
tests/test_math_invariants.py::TestContractNegativeCases::test_nan_dataset_rejects PASSED [ 47%]
tests/test_math_invariants.py::TestContractNegativeCases::test_duplicate_rows_rejects PASSED [ 47%]
tests/test_math_invariants.py::TestContractNegativeCases::test_column_ranges_rejects PASSED [ 47%]
tests/test_math_invariants.py::TestContractNegativeCases::test_probability_normalization_rejects PASSED [ 47%]
tests/test_math_invariants.py::TestContractNegativeCases::test_timeseries_monotonic_rejects PASSED [ 47%]
tests/test_math_invariants.py::test_order_parameter_always_in_unit_interval PASSED [ 48%]
tests/test_math_invariants.py::test_symmetric_coupling_stays_symmetric PASSED [ 48%]
tests/test_math_invariants.py::test_manifest_covers_scoped_files PASSED  [ 48%]
tests/test_math_invariants.py::test_validator_reports_no_failures_current_manifest PASSED [ 48%]
tests/test_math_invariants.py::test_validator_detects_untrusted_provenance PASSED [ 48%]
tests/test_math_invariants.py::test_build_manifest_has_no_untrusted_entries PASSED [ 48%]
tests/test_memory.py::test_memory_trace_basic PASSED                     [ 48%]
tests/test_memory.py::test_memory_trace_invalid_capacity PASSED          [ 49%]
tests/test_memory.py::test_memory_tag_validation PASSED                  [ 49%]
tests/test_memory.py::test_memory_capacity PASSED                        [ 49%]
tests/test_memory.py::test_memory_recall PASSED                          [ 49%]
tests/test_memory.py::test_memory_recall_validation PASSED               [ 49%]
tests/test_memory.py::test_memory_recall_shape_mismatch_and_zero_norm PASSED [ 49%]
tests/test_memory.py::test_memory_consolidation PASSED                   [ 49%]
tests/test_memory.py::test_memory_consolidation_validation PASSED        [ 50%]
tests/test_memory.py::test_ledger_basic PASSED                           [ 50%]
tests/test_memory.py::test_ledger_hash PASSED                            [ 50%]
tests/test_memory.py::test_ledger_with_dualweights PASSED                [ 50%]
tests/test_memory_consolidator.py::test_consolidator_creation PASSED     [ 50%]
tests/test_memory_consolidator.py::test_tag_and_stats PASSED             [ 50%]
tests/test_memory_consolidator.py::test_tag_validation PASSED            [ 50%]
tests/test_memory_consolidator.py::test_consolidation PASSED             [ 51%]
tests/test_memory_consolidator.py::test_recall PASSED                    [ 51%]
tests/test_memory_consolidator.py::test_recall_validation PASSED         [ 51%]
tests/test_memory_consolidator.py::test_eviction_at_capacity PASSED      [ 51%]
tests/test_memory_consolidator.py::test_determinism PASSED               [ 51%]
tests/test_memory_ledger_unit.py::test_ledger_empty_init_invariants PASSED [ 51%]
tests/test_memory_ledger_unit.py::test_record_event_preserves_count_and_order PASSED [ 51%]
tests/test_memory_ledger_unit.py::test_duplicate_step_is_recorded_as_separate_event PASSED [ 52%]
tests/test_memory_ledger_unit.py::test_ledger_history_roundtrip_via_get_history PASSED [ 52%]
tests/test_memory_ledger_unit.py::test_compute_hash_is_deterministic_for_identical_sequences PASSED [ 52%]
tests/test_memory_trace_unit.py::test_trace_empty_buffer_behavior PASSED [ 52%]
tests/test_memory_trace_unit.py::test_trace_tagging_to_capacity_preserves_order PASSED [ 52%]
tests/test_memory_trace_unit.py::test_trace_overflow_drops_oldest_pattern PASSED [ 52%]
tests/test_memory_trace_unit.py::test_trace_recall_is_deterministic_and_updates_counters PASSED [ 52%]
tests/test_memory_trace_unit.py::test_trace_rejects_invalid_pattern_shape PASSED [ 53%]
tests/test_mutation_ci_summary_contract.py::test_mutation_ci_summary_requires_target_flags PASSED [ 53%]
tests/test_mutation_ci_summary_contract.py::test_mutation_ci_summary_writes_output_file PASSED [ 53%]
tests/test_mutation_ci_summary_contract.py::test_mutation_ci_summary_missing_github_output_env PASSED [ 53%]
tests/test_mutation_ci_summary_contract.py::test_mutation_ci_summary_missing_github_summary_env PASSED [ 53%]
tests/test_mutation_ci_summary_contract.py::test_mutation_ci_summary_missing_env_does_not_load_baseline PASSED [ 53%]
tests/test_mutation_ci_summary_contract.py::test_mutation_ci_summary_invalid_baseline_payload_is_best_effort PASSED [ 53%]
tests/test_mutation_ci_summary_contract.py::test_mutation_ci_summary_mutmut_failure_is_best_effort PASSED [ 54%]
tests/test_mutation_ci_summary_contract.py::test_mutation_ci_summary_missing_baseline_file_is_best_effort PASSED [ 54%]
tests/test_mutation_ci_summary_contract.py::test_mutation_ci_summary_write_failure PASSED [ 54%]
tests/test_mutation_counts_contract.py::test_mutation_baseline_structure PASSED [ 54%]
tests/test_mutation_counts_contract.py::test_mutation_baseline_factuality PASSED [ 54%]
tests/test_mutation_counts_contract.py::test_calculate_mutation_score PASSED [ 54%]
tests/test_mutation_counts_contract.py::test_read_mutation_counts_uses_result_ids PASSED [ 54%]
tests/test_mutation_counts_contract.py::test_load_mutation_baseline_and_assessment PASSED [ 55%]
tests/test_mutation_counts_contract.py::test_render_ci_summary_markdown_uses_canonical_metrics PASSED [ 55%]
tests/test_mutation_counts_contract.py::test_render_github_output_lines_contract PASSED [ 55%]
tests/test_mutation_counts_contract.py::test_validate_mutation_baseline_script PASSED [ 55%]
tests/test_mutation_counts_contract.py::test_check_mutation_score_handles_missing_mutmut PASSED [ 55%]
tests/test_mutation_counts_contract.py::test_parse_mutmut_results_subprocess_failure PASSED [ 55%]
tests/test_mutation_counts_contract.py::test_validate_mutation_baseline_invariant_mismatch PASSED [ 55%]
tests/test_mutation_counts_contract.py::test_validate_mutation_baseline_rejects_invalid_status PASSED [ 56%]
tests/test_mutation_killers.py::test_adex_boundary_vpeak_triggers_spike PASSED [ 56%]
tests/test_mutation_killers.py::test_adex_dt_validation_and_upper_bound_inclusive PASSED [ 56%]
tests/test_mutation_killers.py::test_adex_overflow_clamp_keeps_state_finite PASSED [ 56%]
tests/test_mutation_killers.py::test_adex_non_finite_input_current_rejected PASSED [ 56%]
tests/test_mutation_killers.py::test_stdp_kernel_positive_negative_and_zero PASSED [ 56%]
tests/test_mutation_killers.py::test_three_factor_decay_and_exact_update_with_clip PASSED [ 56%]
tests/test_mutation_killers.py::test_three_factor_validation_errors PASSED [ 57%]
tests/test_mutation_killers.py::test_neuromod_step_exact_formula PASSED  [ 57%]
tests/test_mutation_killers.py::test_temperature_schedule_and_gate_equations PASSED [ 57%]
tests/test_mutation_run_pipeline_contract.py::test_run_pipeline_accepts_survivor_exit_code PASSED [ 57%]
tests/test_mutation_run_pipeline_contract.py::test_run_pipeline_fails_when_results_unavailable PASSED [ 57%]
tests/test_mutation_run_pipeline_contract.py::test_run_pipeline_fails_when_results_stdout_empty PASSED [ 57%]
tests/test_mutation_survivors_summary.py::test_mutation_survivors_summary_no_file PASSED [ 57%]
tests/test_mutation_survivors_summary.py::test_mutation_survivors_summary_with_entries PASSED [ 58%]
tests/test_network_allocation_buffers.py::test_i_ext_buffer_reuse_and_reset PASSED [ 58%]
tests/test_network_allocation_buffers.py::test_i_ext_buffer_step_adaptive_resets PASSED [ 58%]
tests/test_network_external_input.py::test_external_input_zero_matches_default PASSED [ 58%]
tests/test_network_external_input.py::test_external_input_zero_matches_default_adaptive PASSED [ 58%]
tests/test_network_external_input.py::test_external_input_shape_validation PASSED [ 58%]
tests/test_network_external_input.py::test_external_input_nonzero_changes_dynamics PASSED [ 58%]
tests/test_network_smoke.py::test_network_runs PASSED                    [ 59%]
tests/test_network_smoke.py::test_network_step_adaptive PASSED           [ 59%]
tests/test_network_smoke.py::test_network_backend_parameter PASSED       [ 59%]
tests/test_network_validation_edges.py::test_network_param_validation PASSED [ 59%]
tests/test_network_validation_edges.py::test_network_external_current_shape_validation PASSED [ 59%]
tests/test_network_validation_edges.py::test_network_voltage_bounds_violation PASSED [ 59%]
tests/test_network_validation_edges.py::test_network_voltage_bounds_violation_adaptive PASSED [ 59%]
tests/test_neuron_adex_validation.py::test_adex_step_rejects_large_dt PASSED [ 60%]
tests/test_neuron_adex_validation.py::test_adex_step_rejects_non_positive_dt PASSED [ 60%]
tests/test_neuron_adex_validation.py::test_adex_step_rejects_nonfinite_external_current PASSED [ 60%]
tests/test_no_escape_tripwires.py::test_no_bare_except_handlers_in_production_paths PASSED [ 60%]
tests/test_no_escape_tripwires.py::test_no_todo_or_fixme_in_production_paths PASSED [ 60%]
tests/test_no_escape_tripwires.py::test_markdown_local_links_resolve PASSED [ 60%]
tests/test_performance.py::test_adex_step_performance PASSED             [ 60%]
tests/test_performance.py::test_nmda_block_performance PASSED            [ 61%]
tests/test_performance.py::test_network_step_performance PASSED          [ 61%]
tests/test_performance.py::test_sparse_matmul_performance PASSED         [ 61%]
tests/test_phase_transition.py::test_phase_classification PASSED         [ 61%]
tests/test_phase_transition.py::test_detector_initialization PASSED      [ 61%]
tests/test_phase_transition.py::test_transition_detection PASSED         [ 61%]
tests/test_phase_transition.py::test_transition_callbacks PASSED         [ 61%]
tests/test_phase_transition.py::test_sigma_derivative PASSED             [ 62%]
tests/test_phase_transition.py::test_time_in_phase PASSED                [ 62%]
tests/test_phase_transition.py::test_history_size_limit PASSED           [ 62%]
tests/test_phase_transition.py::test_determinism PASSED                  [ 62%]
tests/test_phase_transition_detector.py::test_detector_creation PASSED   [ 62%]
tests/test_phase_transition_detector.py::test_phase_classification PASSED [ 62%]
tests/test_phase_transition_detector.py::test_transition_recording PASSED [ 62%]
tests/test_phase_transition_detector.py::test_transition_callbacks PASSED [ 63%]
tests/test_phase_transition_detector.py::test_sigma_derivative PASSED    [ 63%]
tests/test_phase_transition_detector.py::test_time_in_phase PASSED       [ 63%]
tests/test_phase_transition_detector.py::test_history_tracking PASSED    [ 63%]
tests/test_phase_transition_detector.py::test_determinism PASSED         [ 63%]
tests/test_plasticity_smoke.py::test_three_factor_bounds PASSED          [ 63%]
tests/test_plasticity_three_factor_edge.py::test_three_factor_update_shape_checks PASSED [ 63%]
tests/test_plasticity_three_factor_edge.py::test_neuromod_step_decay_and_drive PASSED [ 64%]
tests/test_pr_description_policy_template.py::test_pull_request_template_contains_required_policy_sections PASSED [ 64%]
tests/test_pr_description_policy_workflow.py::test_pr_description_policy_accepts_stable_aliases PASSED [ 64%]
tests/test_principal_test_hardening.py::TestEntropyMonotonicity::test_entropy_current_does_not_exceed_baseline PASSED [ 64%]
tests/test_principal_test_hardening.py::TestDeterministicExecutionChain::test_generate_inventory_is_deterministic PASSED [ 64%]
tests/test_principal_test_hardening.py::TestArtifactProvenanceInvariant::test_repo_manifest_entries_are_sorted_and_sha_addressed PASSED [ 64%]
tests/test_production_adex_spike.py::test_production_adex_spike_resets_state PASSED [ 64%]
tests/test_production_adex_spike.py::test_production_adex_refractory_clamp_holds_reset PASSED [ 65%]
tests/test_provenance_manifest.py::test_manifest_initialization PASSED   [ 65%]
tests/test_provenance_manifest.py::test_manifest_to_dict PASSED          [ 65%]
tests/test_provenance_manifest.py::test_manifest_to_json PASSED          [ 65%]
tests/test_provenance_manifest.py::test_manifest_hash_determinism PASSED [ 65%]
tests/test_provenance_manifest.py::test_manifest_round_trip PASSED       [ 65%]
tests/test_provenance_manifest.py::test_manifest_type_validation PASSED  [ 65%]
tests/test_provenance_manifest.py::test_manifest_capture_git_sha_warning PASSED [ 66%]
tests/test_provenance_manifest.py::test_manifest_capture_dependencies_warning PASSED [ 66%]
tests/test_provenance_manifest.py::test_output_hash PASSED               [ 66%]
tests/test_provenance_manifest.py::test_output_hash_type_validation PASSED [ 66%]
tests/test_provenance_manifest.py::test_manifest_from_dict_type_validation PASSED [ 66%]
tests/test_pytest_collection_contract.py::test_non_property_collection_without_hypothesis_dependency PASSED [ 66%]
tests/test_pytest_collection_contract.py::test_property_collection_fails_clearly_without_hypothesis PASSED [ 66%]
tests/test_pytest_collection_contract.py::test_property_collection_with_hypothesis_profile PASSED [ 67%]
tests/test_quickstart_consistency_script.py::test_quickstart_consistency_script_passes PASSED [ 67%]
tests/test_quickstart_consistency_script.py::test_quickstart_consistency_script_fails_when_docs_missing PASSED [ 67%]
tests/test_quickstart_contract.py::test_quickstart_contract_demo_command PASSED [ 67%]
tests/test_readiness_artifact_schemas.py::test_readiness_report_matches_schema PASSED [ 67%]
tests/test_readiness_artifact_schemas.py::test_attack_paths_graph_matches_schema PASSED [ 67%]
tests/test_readiness_artifact_schemas.py::test_audit_reproducibility_matches_schema PASSED [ 67%]
tests/test_readiness_artifact_schemas.py::test_readiness_summary_word_budget_120 PASSED [ 68%]
tests/test_readme_quickstart_contract.py::test_readme_quickstart_contract_matches_make_target PASSED [ 68%]
tests/test_release_pipeline.py::test_bump_semver_modes PASSED            [ 68%]
tests/test_release_pipeline.py::test_changelog_has_current_version PASSED [ 68%]
tests/test_release_readiness.py::test_check_mutation_baseline_rejects_trivial_baseline PASSED [ 68%]
tests/test_release_readiness.py::test_check_entropy_gate_passes_when_metrics_match PASSED [ 68%]
tests/test_run_simulation_external_current.py::test_run_simulation_with_external_current PASSED [ 68%]
tests/test_run_simulation_validation.py::test_run_simulation_rejects_zero_steps PASSED [ 69%]
tests/test_run_simulation_validation.py::test_run_simulation_rejects_negative_steps PASSED [ 69%]
tests/test_run_simulation_validation.py::test_run_simulation_rejects_non_integer_steps PASSED [ 69%]
tests/test_run_simulation_validation.py::test_run_simulation_rejects_non_real_external_current PASSED [ 69%]
tests/test_run_simulation_validation.py::test_run_simulation_rejects_non_finite_external_current[nan] PASSED [ 69%]
tests/test_run_simulation_validation.py::test_run_simulation_rejects_non_finite_external_current[inf] PASSED [ 69%]
tests/test_run_simulation_validation.py::test_run_simulation_rejects_non_finite_external_current[-inf] PASSED [ 69%]
tests/test_scan_governed_docs_script.py::test_scan_governed_docs_main_success PASSED [ 70%]
tests/test_scan_placeholders.py::test_scan_placeholders_json_contract PASSED [ 70%]
tests/test_scan_placeholders.py::test_registry_covers_all_scan_findings PASSED [ 70%]
tests/test_scan_placeholders.py::test_registry_closed_entries_include_evidence_ref PASSED [ 70%]
tests/test_scan_placeholders.py::test_scan_python_detects_not_implemented_variants_and_script_kind PASSED [ 70%]
tests/test_scan_placeholders.py::test_scan_placeholders_cli_json_output PASSED [ 70%]
tests/test_scan_placeholders.py::test_placeholder_scan_and_registry_have_no_open_entries PASSED [ 70%]
tests/test_schema_contracts.py::test_tests_inventory_schema_contract PASSED [ 71%]
tests/test_schema_contracts.py::test_acceptance_map_contains_no_escape_contract PASSED [ 71%]
tests/test_schema_experiment_contracts.py::test_experiment_config_rejects_invalid_dt PASSED [ 71%]
tests/test_schema_experiment_contracts.py::test_experiment_config_rejects_extra_fields PASSED [ 71%]
tests/test_schema_experiment_contracts.py::test_experiment_config_requires_seed_list PASSED [ 71%]
tests/test_schema_experiment_contracts.py::test_experiment_config_requires_name_pattern PASSED [ 71%]
tests/test_schema_experiment_contracts.py::test_experiment_config_rejects_duration_not_multiple_of_dt PASSED [ 71%]
tests/test_sleep_cycle.py::test_sleep_stage_creation PASSED              [ 72%]
tests/test_sleep_cycle.py::test_sleep_cycle_creation PASSED              [ 72%]
tests/test_sleep_cycle.py::test_memory_recording PASSED                  [ 72%]
tests/test_sleep_cycle.py::test_wake_phase_determinism PASSED            [ 72%]
tests/test_sleep_cycle.py::test_sleep_stages_progression PASSED          [ 72%]
tests/test_sleep_cycle.py::test_replay_determinism PASSED                [ 72%]
tests/test_sleep_cycle.py::test_stage_callbacks PASSED                   [ 72%]
tests/test_sleep_cycle.py::test_wake_rejects_non_integer_record_interval PASSED [ 73%]
tests/test_sleep_cycle.py::test_dream_noise_validation_matches_replay_helper PASSED [ 73%]
tests/test_sleep_cycle.py::test_sleep_stage_config_fields_affect_runtime_or_removed PASSED [ 73%]
tests/test_sleep_cycle_integration.py::test_dream_returns_empty_for_empty_memories PASSED [ 73%]
tests/test_sleep_cycle_integration.py::test_dream_zero_importance_memories_executes_with_uniform_fallback PASSED [ 73%]
tests/test_sleep_cycle_integration.py::test_dream_rejects_negative_importance_via_replay_helper PASSED [ 73%]
tests/test_sleep_cycle_integration.py::test_dream_rejects_nonfinite_importance_via_replay_helper PASSED [ 73%]
tests/test_sleep_cycle_integration.py::test_record_memory_subsamples_when_population_exceeds_threshold PASSED [ 74%]
tests/test_sleep_cycle_integration.py::test_wake_sleep_dream_cycle_preserves_state_invariants PASSED [ 74%]
tests/test_sleep_cycle_integration.py::test_sleep_cycle_reproducibility_with_fixed_seed PASSED [ 74%]
tests/test_sleep_replay.py::test_weighted_pattern_selection_rejects_non_1d_importance PASSED [ 74%]
tests/test_sleep_replay.py::test_weighted_pattern_selection_rejects_non_finite_importance PASSED [ 74%]
tests/test_sleep_replay.py::test_weighted_pattern_selection_rejects_negative_importance PASSED [ 74%]
tests/test_sleep_replay.py::test_weighted_pattern_selection_rejects_empty_patterns PASSED [ 74%]
tests/test_sleep_replay.py::test_weighted_pattern_selection_rejects_length_mismatch PASSED [ 75%]
tests/test_sleep_replay.py::test_weighted_pattern_selection_uniform_weights_is_deterministic PASSED [ 75%]
tests/test_sleep_replay.py::test_weighted_pattern_selection_returns_copy PASSED [ 75%]
tests/test_sleep_replay.py::test_validate_noise_level_rejects_out_of_range PASSED [ 75%]
tests/test_sleep_replay.py::test_add_replay_noise_zero_level_returns_copy PASSED [ 75%]
tests/test_sleep_replay.py::test_add_replay_noise_rejects_out_of_range_level PASSED [ 75%]
tests/test_sleep_replay.py::test_add_replay_noise_applies_noise PASSED   [ 75%]
tests/test_sleep_stage_validation.py::test_sleep_stage_replay_noise_bounds PASSED [ 76%]
tests/test_spec_mapping_guard.py::test_tla_spec_contains_invariant_ids PASSED [ 76%]
tests/test_spec_mapping_guard.py::test_vcg_spec_contains_invariant_ids PASSED [ 76%]
tests/test_synapse_conductance_edge.py::test_conductance_synapses_invalid_params PASSED [ 76%]
tests/test_synapse_conductance_edge.py::test_conductance_synapses_queue_shape PASSED [ 76%]
tests/test_synapse_conductance_edge.py::test_conductance_delay_steps_property PASSED [ 76%]
tests/test_synapse_conductance_edge.py::test_compute_synaptic_current_values PASSED [ 76%]
tests/test_synapse_smoke.py::test_nmda_block_monotone PASSED             [ 77%]
tests/test_synapse_smoke.py::test_conductance_decay_nonnegative PASSED   [ 77%]
tests/test_sync_required_status_contexts.py::test_build_payload_matches_contract PASSED [ 77%]
tests/test_sync_required_status_contexts.py::test_sync_required_status_contexts_check_and_update PASSED [ 77%]
tests/test_sync_required_status_contexts.py::test_expected_required_status_contexts_rejects_pr_gates_unknown_keys PASSED [ 77%]
tests/test_sync_required_status_contexts.py::test_expected_required_status_contexts_rejects_duplicate_required_job_ids PASSED [ 77%]
tests/test_temperature_smoke.py::test_temperature_cools_and_gate_changes PASSED [ 77%]
tests/test_temperature_smoke.py::test_gate_sigmoid_is_monotone_in_temperature[0.015] PASSED [ 78%]
tests/test_temperature_smoke.py::test_gate_sigmoid_is_monotone_in_temperature[0.02] PASSED [ 78%]
tests/test_temperature_smoke.py::test_gate_sigmoid_is_monotone_in_temperature[0.05] PASSED [ 78%]
tests/test_temperature_smoke.py::test_gate_sigmoid_is_monotone_in_temperature[0.08] PASSED [ 78%]
tests/test_temperature_smoke.py::test_gate_tau_controls_transition_width[0.015-0.02] PASSED [ 78%]
tests/test_temperature_smoke.py::test_gate_tau_controls_transition_width[0.02-0.05] PASSED [ 78%]
tests/test_temperature_smoke.py::test_gate_tau_controls_transition_width[0.05-0.08] PASSED [ 78%]
tests/test_temperature_smoke.py::test_recommended_gate_tau_range_avoids_near_binary_behavior[0.015] PASSED [ 79%]
tests/test_temperature_smoke.py::test_recommended_gate_tau_range_avoids_near_binary_behavior[0.02] PASSED [ 79%]
tests/test_temperature_smoke.py::test_recommended_gate_tau_range_avoids_near_binary_behavior[0.05] PASSED [ 79%]
tests/test_temperature_smoke.py::test_recommended_gate_tau_range_avoids_near_binary_behavior[0.08] PASSED [ 79%]
tests/test_temperature_smoke.py::test_gate_tau_changes_gate_slope_not_cooling_dynamics PASSED [ 79%]
tests/test_temperature_smoke.py::test_default_cooling_gate_trace_is_not_impulse_switch PASSED [ 79%]
tests/test_tla_invariants_guard.py::TestTLAInvariantINV1_GainClamp::test_gain_bounds_enforced_at_initialization PASSED [ 79%]
tests/test_tla_invariants_guard.py::TestTLAInvariantINV1_GainClamp::test_gain_clamp_extreme_values PASSED [ 80%]
tests/test_tla_invariants_guard.py::TestTLAInvariantINV1_GainClamp::test_gain_invariant_preserved_across_updates PASSED [ 80%]
tests/test_tla_invariants_guard.py::TestTLAInvariantINV2_TemperatureBounds::test_temperature_initialization_within_bounds PASSED [ 80%]
tests/test_tla_invariants_guard.py::TestTLAInvariantINV2_TemperatureBounds::test_temperature_cooling_preserves_bounds PASSED [ 80%]
tests/test_tla_invariants_guard.py::TestTLAInvariantINV2_TemperatureBounds::test_temperature_never_goes_negative PASSED [ 80%]
tests/test_tla_invariants_guard.py::TestTLAInvariantINV3_GateBounds::test_gate_within_unit_interval PASSED [ 80%]
tests/test_tla_invariants_guard.py::TestTLAInvariantINV3_GateBounds::test_gate_sigmoid_boundary_conditions PASSED [ 80%]
tests/test_tla_invariants_guard.py::TestTLAInvariantComposite::test_all_invariants_hold_simultaneously PASSED [ 81%]
tests/test_tools_benchmark_sleep_stack_scale_unit.py::test_bench_returns_expected_keys PASSED [ 81%]
tests/test_tools_benchmark_sleep_stack_scale_unit.py::test_main_writes_metrics PASSED [ 81%]
tests/test_tools_run_scaled_sleep_stack_unit.py::test_main_single_run_skip_paths PASSED [ 81%]
tests/test_tools_run_scaled_sleep_stack_unit.py::test_main_multi_run_with_equivalence_and_outputs PASSED [ 81%]
tests/test_tools_run_scaled_sleep_stack_unit.py::test_validation_errors PASSED [ 81%]
tests/test_tools_run_scaled_sleep_stack_unit.py::test_write_raster_and_plot_paths PASSED [ 81%]
tests/test_tools_run_scaled_sleep_stack_unit.py::test_tool_package_exports PASSED [ 82%]
tests/test_tools_run_scaled_sleep_stack_unit.py::test_run_once_internal_paths PASSED [ 82%]
tests/test_tools_run_scaled_sleep_stack_unit.py::test_write_plot_empty_raster PASSED [ 82%]
tests/test_tools_scaled_sleep_stack_smoke.py::test_scaled_sleep_stack_module_smoke PASSED [ 82%]
tests/test_update_manifest_tools.py::test_manifest_generation_and_validation[tool_path0] PASSED [ 82%]
tests/test_update_manifest_tools.py::test_manifest_generation_and_validation[tool_path1] PASSED [ 82%]
tests/test_update_manifest_tools.py::test_manifest_empty_directory[tool_path0] PASSED [ 82%]
tests/test_update_manifest_tools.py::test_manifest_empty_directory[tool_path1] PASSED [ 83%]
tests/test_update_manifest_tools.py::test_manifest_unreadable_file[tool_path0] PASSED [ 83%]
tests/test_update_manifest_tools.py::test_manifest_unreadable_file[tool_path1] PASSED [ 83%]
tests/test_update_manifest_tools.py::test_manifest_validation_detects_stale_entries[tool_path0] PASSED [ 83%]
tests/test_update_manifest_tools.py::test_manifest_validation_detects_stale_entries[tool_path1] PASSED [ 83%]
tests/test_update_manifest_tools.py::test_manifest_ordering_stability[tool_path0] PASSED [ 83%]
tests/test_update_manifest_tools.py::test_manifest_ordering_stability[tool_path1] PASSED [ 83%]
tests/test_validate_bibliography_script.py::test_parse_bibtex_extracts_url_from_howpublished PASSED [ 84%]
tests/test_validate_bibliography_script.py::test_load_mapping_rejects_unknown_tier PASSED [ 84%]
tests/test_validate_bibliography_script.py::test_load_claims_rejects_duplicate_ids PASSED [ 84%]
tests/test_validate_bibliography_script.py::test_parse_lock_accepts_valid_rows PASSED [ 84%]
tests/test_validate_codebase_readiness_audit.py::test_current_audit_report_is_valid PASSED [ 84%]
tests/test_validate_codebase_readiness_audit.py::test_detects_readiness_percent_mismatch PASSED [ 84%]
tests/test_validate_codebase_readiness_audit.py::test_detects_invalid_evidence_format PASSED [ 84%]
tests/test_validate_codebase_readiness_audit.py::test_detects_missing_category PASSED [ 85%]
tests/test_validate_long_running_triggers.py::test_long_running_pull_request_violation PASSED [ 85%]
tests/test_validate_long_running_triggers.py::test_long_running_push_violation PASSED [ 85%]
tests/test_validate_long_running_triggers.py::test_long_running_combined_violation PASSED [ 85%]
tests/test_validate_long_running_triggers.py::test_long_running_missing_schedule_violation PASSED [ 85%]
tests/test_validate_long_running_triggers.py::test_long_running_missing_workflow_dispatch_violation PASSED [ 85%]
tests/test_validate_long_running_triggers.py::test_long_running_extra_trigger_violation PASSED [ 85%]
tests/test_validate_long_running_triggers.py::test_long_running_non_reusable_ok PASSED [ 86%]
tests/test_validate_long_running_triggers.py::test_reusable_long_running_schedule_violation PASSED [ 86%]
tests/test_validate_long_running_triggers.py::test_reusable_long_running_allows_workflow_call PASSED [ 86%]
tests/test_validate_long_running_triggers.py::test_reusable_long_running_allows_dispatch PASSED [ 86%]
tests/test_validate_long_running_triggers.py::test_reusable_long_running_missing_workflow_call PASSED [ 86%]
tests/test_validate_long_running_triggers.py::test_reusable_prefix_workflow_dispatch_violation PASSED [ 86%]
tests/test_validate_long_running_triggers.py::test_reusable_prefix_ok PASSED [ 86%]
tests/test_validate_long_running_triggers.py::test_pr_gate_allows_push_and_pull_request PASSED [ 87%]
tests/test_validate_long_running_triggers.py::test_pr_gate_requires_pull_request_without_exception PASSED [ 87%]
tests/test_validate_long_running_triggers.py::test_missing_inventory_row PASSED [ 87%]
tests/test_validate_long_running_triggers.py::test_extra_inventory_row PASSED [ 87%]
tests/test_validate_long_running_triggers.py::test_invalid_gate_class_value PASSED [ 87%]
tests/test_validate_long_running_triggers.py::test_on_section_forms PASSED [ 87%]
tests/test_validate_long_running_triggers.py::test_missing_on_section PASSED [ 87%]
tests/test_validate_long_running_triggers.py::test_empty_on_dict PASSED  [ 88%]
tests/test_validate_long_running_triggers.py::test_empty_on_list PASSED  [ 88%]
tests/test_validate_long_running_triggers.py::test_null_on_section PASSED [ 88%]
tests/test_validate_long_running_triggers.py::test_duplicate_inventory_rows PASSED [ 88%]
tests/test_validate_long_running_triggers.py::test_invalid_reusable_value PASSED [ 88%]
tests/test_validate_long_running_triggers.py::test_dry_run_masks_violations PASSED [ 88%]
tests/test_validate_long_running_triggers.py::test_python_version_unsupported PASSED [ 88%]
tests/test_validate_pr_gates.py::test_missing_workflow_file_violation PASSED [ 89%]
tests/test_validate_pr_gates.py::test_name_mismatch_violation PASSED     [ 89%]
tests/test_validate_pr_gates.py::test_missing_job_id_violation PASSED    [ 89%]
tests/test_validate_pr_gates.py::test_missing_pull_request_violation PASSED [ 89%]
tests/test_validate_pr_gates.py::test_extra_pr_gate_in_contracts_violation PASSED [ 89%]
tests/test_validate_pr_gates.py::test_load_workflow_data_rejects_missing_jobs_mapping PASSED [ 89%]
tests/test_validate_required_checks.py::test_load_required_checks_rejects_duplicate_workflow_file PASSED [ 89%]
tests/test_validate_required_checks.py::test_load_required_checks_rejects_non_mapping_yaml_root PASSED [ 90%]
tests/test_validate_status_claims.py::test_validate_status_claims_pass PASSED [ 90%]
tests/test_validate_status_claims.py::test_validate_status_claims_missing_required_line PASSED [ 90%]
tests/test_validate_status_claims.py::test_validate_status_claims_forbidden_phrase PASSED [ 90%]
tests/test_validate_workflow_contracts.py::test_missing_row_violation PASSED [ 90%]
tests/test_validate_workflow_contracts.py::test_invalid_gate_class_violation PASSED [ 90%]
tests/test_validate_workflow_contracts.py::test_pr_gate_requires_pull_request PASSED [ 90%]
tests/test_validate_workflow_contracts.py::test_counts_mismatch_violation PASSED [ 91%]
tests/test_validate_workflow_contracts.py::test_parse_inventory_table_rejects_duplicate_workflow_rows PASSED [ 91%]
tests/test_validate_workflow_contracts.py::test_validate_contracts_rejects_workflow_without_jobs PASSED [ 91%]
tests/test_validation_inputs.py::test_validate_state_vector_type_and_dtype PASSED [ 91%]
tests/test_validation_inputs.py::test_validate_state_vector_shape_and_nan PASSED [ 91%]
tests/test_validation_inputs.py::test_validate_state_vector_rejects_infinite_values PASSED [ 91%]
tests/test_validation_inputs.py::test_validate_spike_array_dtype_and_shape PASSED [ 91%]
tests/test_validation_inputs.py::test_validate_connectivity_matrix_dtype_shape_nan PASSED [ 92%]
tests/test_validation_inputs.py::test_validate_connectivity_matrix_rejects_infinite_values PASSED [ 92%]
tests/test_validation_inputs.py::test_state_validator_fuzz_entrypoint_fast PASSED [ 92%]
tests/test_vcg_invariants_guard.py::TestVCGInvariantI1_Determinism::test_deterministic_replay_identical_logs PASSED [ 92%]
tests/test_vcg_invariants_guard.py::TestVCGInvariantI1_Determinism::test_deterministic_with_different_initial_states PASSED [ 92%]
tests/test_vcg_invariants_guard.py::TestVCGInvariantI1_Determinism::test_determinism_under_seed_control PASSED [ 92%]
tests/test_vcg_invariants_guard.py::TestVCGInvariantI2_MonotonicDecrease::test_monotonic_decrease_below_threshold PASSED [ 92%]
tests/test_vcg_invariants_guard.py::TestVCGInvariantI2_MonotonicDecrease::test_no_decrease_at_floor PASSED [ 93%]
tests/test_vcg_invariants_guard.py::TestVCGInvariantI2_MonotonicDecrease::test_strict_decrease_away_from_floor PASSED [ 93%]
tests/test_vcg_invariants_guard.py::TestVCGInvariantI3_RecoveryPossible::test_recovery_from_low_support PASSED [ 93%]
tests/test_vcg_invariants_guard.py::TestVCGInvariantI3_RecoveryPossible::test_no_permanent_exclusion PASSED [ 93%]
tests/test_vcg_invariants_guard.py::TestVCGInvariantI3_RecoveryPossible::test_recovery_is_gradual PASSED [ 93%]
tests/test_vcg_invariants_guard.py::TestVCGInvariantI4_SideEffectFree::test_vcg_does_not_mutate_external_state PASSED [ 93%]
tests/test_vcg_invariants_guard.py::TestVCGInvariantI4_SideEffectFree::test_vcg_is_query_safe PASSED [ 93%]
tests/test_vcg_invariants_guard.py::TestVCGInvariantI4_SideEffectFree::test_vcg_disabling_preserves_core_simulation PASSED [ 94%]
tests/test_vcg_invariants_guard.py::TestVCGInvariantComposite::test_all_vcg_invariants_hold_simultaneously PASSED [ 94%]
tests/test_vcg_invariants_guard.py::TestVCGAcceptanceCriteria::test_A1_bitwise_replay PASSED [ 94%]
tests/test_vcg_invariants_guard.py::TestVCGAcceptanceCriteria::test_A2_strictly_decreasing_below_threshold PASSED [ 94%]
tests/test_vcg_invariants_guard.py::TestVCGAcceptanceCriteria::test_A3_regain_support_to_one PASSED [ 94%]
tests/test_vcg_invariants_guard.py::TestVCGAcceptanceCriteria::test_A4_disabling_vcg_yields_identity PASSED [ 94%]
tests/test_vcg_smoke.py::test_vcg_support_updates PASSED                 [ 94%]
tests/test_vcg_smoke.py::test_vcg_vector_update PASSED                   [ 95%]
tests/test_vcg_validation.py::test_vcg_params_validation PASSED          [ 95%]
tests/test_vcg_validation.py::test_vcg_support_bounds_validation PASSED  [ 95%]
tests/test_vcg_validation.py::test_vcg_vector_shape_validation PASSED    [ 95%]
tests/test_verify_hypothesis_v2.py::test_verify_hypothesis_v2_bundled_results PASSED [ 95%]
tests/test_verify_hypothesis_v2.py::test_verify_hypothesis_v1_bundled_results PASSED [ 95%]
tests/test_verify_reproducible_artifacts.py::test_verify_reproducible_artifacts_passes PASSED [ 95%]
tests/test_verify_reproducible_artifacts.py::test_verify_reproducible_artifacts_fails_on_drift PASSED [ 96%]
tests/test_viz_interactive.py::test_interactive_helpers_raise_without_streamlit PASSED [ 96%]
tests/test_viz_interactive.py::test_interactive_helpers_with_fake_plotly PASSED [ 96%]
tests/test_viz_interactive_main.py::test_interactive_main_info_path PASSED [ 96%]
tests/test_viz_interactive_main.py::test_interactive_main_run_path PASSED [ 96%]
tests/test_viz_optional_import.py::test_viz_module_imports_without_matplotlib PASSED [ 96%]
tests/test_viz_optional_import.py::test_interactive_module_imports_without_streamlit PASSED [ 96%]
tests/test_viz_optional_import.py::test_viz_runtime_error_when_matplotlib_missing PASSED [ 97%]
tests/test_viz_optional_import.py::test_viz_load_matplotlib_caching PASSED [ 97%]
tests/test_viz_optional_import.py::test_dashboard_creation_without_matplotlib PASSED [ 97%]
tests/test_viz_optional_import.py::test_save_animation_requires_matplotlib PASSED [ 97%]
tests/test_viz_smoke_coverage.py::test_dashboard_attach_and_update PASSED [ 97%]
tests/test_viz_smoke_coverage.py::test_dashboard_full_cycle_mocked PASSED [ 97%]
tests/test_viz_smoke_coverage.py::test_dashboard_save_animation_mocked PASSED [ 97%]
tests/test_viz_smoke_coverage.py::test_dashboard_rendering_methods_with_data PASSED [ 98%]
tests/test_viz_smoke_coverage.py::test_dashboard_empty_data_rendering PASSED [ 98%]
tests/test_viz_smoke_coverage.py::test_dashboard_ensure_figure_idempotent PASSED [ 98%]
tests/test_wheelhouse_tools.py::test_parse_locked_requirements_ignores_hashes_comments_and_continuations PASSED [ 98%]
tests/test_wheelhouse_tools.py::test_parse_locked_requirements_evaluates_markers_against_target_not_host PASSED [ 98%]
tests/test_wheelhouse_tools.py::test_parse_locked_requirements_reports_duplicates PASSED [ 98%]
tests/test_wheelhouse_tools.py::test_wheelhouse_coverage_excludes_incompatible_wheels PASSED [ 98%]
tests/test_wheelhouse_tools.py::test_wheelhouse_coverage_reports_malformed_wheels PASSED [ 99%]
tests/test_wheelhouse_tools.py::test_validate_wheelhouse_reports_missing_locked_wheels PASSED [ 99%]
tests/test_wheelhouse_tools.py::test_validate_wheelhouse_fails_on_unsupported_lock_entries PASSED [ 99%]
tests/test_wheelhouse_tools.py::test_validate_wheelhouse_fails_on_duplicate_entries PASSED [ 99%]
tests/test_wheelhouse_tools.py::test_validate_wheelhouse_raises_for_missing_lock_file PASSED [ 99%]
tests/test_wheelhouse_tools.py::test_validate_wheelhouse_raises_for_missing_wheelhouse PASSED [ 99%]
tests/test_wheelhouse_tools.py::test_validate_wheelhouse_writes_deterministic_report PASSED [100%]

=============================== warnings summary ===============================
tests/test_cli_interactive.py::test_cli_module_main_executes
  <frozen runpy>:128: RuntimeWarning: 'bnsyn.cli' found in sys.modules after import of package 'bnsyn', but prior to execution of 'bnsyn.cli'; this may result in unpredictable behaviour

tests/test_coverage_gap_extensions.py::test_viz_interactive_optional_dependency_errors
  <frozen runpy>:128: RuntimeWarning: 'bnsyn.viz.interactive' found in sys.modules after import of package 'bnsyn.viz', but prior to execution of 'bnsyn.viz.interactive'; this may result in unpredictable behaviour

tests/test_manifest_builder.py::test_build_experiment_manifest_filters_manifest_json
  /workspace/bnsyn-phase-controlled-emergent-dynamics/src/bnsyn/provenance/manifest_builder.py:145: UserWarning: Failed to capture git SHA: Command '['/usr/bin/git', 'rev-parse', 'HEAD']' returned non-zero exit status 128.
    "git_commit": _get_git_commit(resolved_root, resolved_version),

tests/test_manifest_builder.py::test_build_experiment_manifest_filters_manifest_json
  /workspace/bnsyn-phase-controlled-emergent-dynamics/src/bnsyn/provenance/manifest_builder.py:145: UserWarning: Using fallback git identifier: release-0.2.0
    "git_commit": _get_git_commit(resolved_root, resolved_version),

-- Docs: https://docs.pytest.org/en/stable/how-to/capture-warnings.html
==== 695 passed, 4 skipped, 245 deselected, 4 warnings in 188.01s (0:03:08) ====
