cmd: python -m pytest tests/test_ci_policy_contract.py tests/test_required_checks_manifest.py tests/test_actions_pinned.py tests/test_ci_pr_gate_completeness.py -q
.F......                                                                 [100%]
=================================== FAILURES ===================================
_________________ test_p0_modules_importable_for_python_tools __________________

    def test_p0_modules_importable_for_python_tools() -> None:
        policy = yaml.safe_load((REPO_ROOT / '.github' / 'ci_policy.yml').read_text(encoding='utf-8'))
        p0 = set(policy['tiers']['P0'])
        for name, tool in policy['tools'].items():
            if name not in p0:
                continue
>           importlib.import_module(str(tool['module']).replace('-', '_'))

tests/test_ci_policy_contract.py:30: 
_ _ _ _ _ _ _ _ _ _ _ _ _ _ _ _ _ _ _ _ _ _ _ _ _ _ _ _ _ _ _ _ _ _ _ _ _ _ _ _ 
/root/.pyenv/versions/3.12.12/lib/python3.12/importlib/__init__.py:90: in import_module
    return _bootstrap._gcd_import(name[level:], package, level)
           ^^^^^^^^^^^^^^^^^^^^^^^^^^^^^^^^^^^^^^^^^^^^^^^^^^^^
<frozen importlib._bootstrap>:1387: in _gcd_import
    ???
<frozen importlib._bootstrap>:1360: in _find_and_load
    ???
_ _ _ _ _ _ _ _ _ _ _ _ _ _ _ _ _ _ _ _ _ _ _ _ _ _ _ _ _ _ _ _ _ _ _ _ _ _ _ _ 

name = 'build', import_ = <function _gcd_import at 0x7ff57bbe80e0>

>   ???
E   ModuleNotFoundError: No module named 'build'

<frozen importlib._bootstrap>:1324: ModuleNotFoundError
=========================== short test summary info ============================
FAILED tests/test_ci_policy_contract.py::test_p0_modules_importable_for_python_tools
