timestamp_utc: 2026-02-16T12:04:48.668030+00:00
cmd: python -m pytest tests -q
exit: 1
stdout:
[Hypothesis] Using default profile
...........................................................F............ [  7%]
........................................................................ [ 15%]
........................................................................ [ 23%]
........................................................ss....ss........ [ 30%]
........................................................................ [ 38%]
........................................................................ [ 46%]
........................................................................ [ 53%]
........................................................................ [ 61%]
........................................................................ [ 69%]
........................................................................ [ 77%]
........................................................................ [ 84%]
........................................................................ [ 92%]
....................................................................ss.  [100%]
=================================== FAILURES ===================================
__________________ test_proof_bundle_index_hashes_match_files __________________

    def test_proof_bundle_index_hashes_match_files() -> None:
        proof_entries = json.loads(PROOF_INDEX_PATH.read_text(encoding="utf-8"))
        assert proof_entries, "proof bundle index is empty"
    
        for entry in proof_entries:
>           rel_path = entry["path"]
                       ^^^^^^^^^^^^^
E           TypeError: string indices must be integers, not 'str'

tests/test_audit_suite_artifacts.py:76: TypeError
=============================== warnings summary ===============================
tests/test_cli_interactive.py::test_cli_module_main_executes
  <frozen runpy>:128: RuntimeWarning: 'bnsyn.cli' found in sys.modules after import of package 'bnsyn', but prior to execution of 'bnsyn.cli'; this may result in unpredictable behaviour

tests/test_coverage_gap_extensions.py::test_viz_interactive_optional_dependency_errors
  <frozen runpy>:128: RuntimeWarning: 'bnsyn.viz.interactive' found in sys.modules after import of package 'bnsyn.viz', but prior to execution of 'bnsyn.viz.interactive'; this may result in unpredictable behaviour

tests/test_manifest_builder.py::test_build_experiment_manifest_filters_manifest_json
  /workspace/bnsyn-phase-controlled-emergent-dynamics/src/bnsyn/provenance/manifest_builder.py:145: UserWarning: Failed to capture git SHA: Command '['/usr/bin/git', 'rev-parse', 'HEAD']' returned non-zero exit status 128.
    "git_commit": _get_git_commit(resolved_root, resolved_version),

tests/test_manifest_builder.py::test_build_experiment_manifest_filters_manifest_json
  /workspace/bnsyn-phase-controlled-emergent-dynamics/src/bnsyn/provenance/manifest_builder.py:145: UserWarning: Using fallback git identifier: release-0.2.0
    "git_commit": _get_git_commit(resolved_root, resolved_version),

-- Docs: https://docs.pytest.org/en/stable/how-to/capture-warnings.html
=========================== short test summary info ============================
FAILED tests/test_audit_suite_artifacts.py::test_proof_bundle_index_hashes_match_files

stderr:
