{"meta": {"format": 3, "version": "7.13.2", "timestamp": "2026-01-30T19:15:00.206282", "branch_coverage": false, "show_contexts": false}, "files": {"src/bnsyn/__init__.py": {"executed_lines": [21, 23, 25, 26, 30], "summary": {"covered_lines": 5, "num_statements": 5, "percent_covered": 100.0, "percent_covered_display": "100", "missing_lines": 0, "excluded_lines": 2, "percent_statements_covered": 100.0, "percent_statements_covered_display": "100"}, "missing_lines": [], "excluded_lines": [27, 28], "functions": {"": {"executed_lines": [21, 23, 25, 26, 30], "summary": {"covered_lines": 5, "num_statements": 5, "percent_covered": 100.0, "percent_covered_display": "100", "missing_lines": 0, "excluded_lines": 2, "percent_statements_covered": 100.0, "percent_statements_covered_display": "100"}, "missing_lines": [], "excluded_lines": [27, 28], "start_line": 1}}, "classes": {"": {"executed_lines": [21, 23, 25, 26, 30], "summary": {"covered_lines": 5, "num_statements": 5, "percent_covered": 100.0, "percent_covered_display": "100", "missing_lines": 0, "excluded_lines": 2, "percent_statements_covered": 100.0, "percent_statements_covered_display": "100"}, "missing_lines": [], "excluded_lines": [27, 28], "start_line": 1}}}, "src/bnsyn/calibration/__init__.py": {"executed_lines": [20, 24, 26], "summary": {"covered_lines": 3, "num_statements": 3, "percent_covered": 100.0, "percent_covered_display": "100", "missing_lines": 0, "excluded_lines": 0, "percent_statements_covered": 100.0, "percent_statements_covered_display": "100"}, "missing_lines": [], "excluded_lines": [], "functions": {"": {"executed_lines": [20, 24, 26], "summary": {"covered_lines": 3, "num_statements": 3, "percent_covered": 100.0, "percent_covered_display": "100", "missing_lines": 0, "excluded_lines": 0, "percent_statements_covered": 100.0, "percent_statements_covered_display": "100"}, "missing_lines": [], "excluded_lines": [], "start_line": 1}}, "classes": {"": {"executed_lines": [20, 24, 26], "summary": {"covered_lines": 3, "num_statements": 3, "percent_covered": 100.0, "percent_covered_display": "100", "missing_lines": 0, "excluded_lines": 0, "percent_statements_covered": 100.0, "percent_statements_covered_display": "100"}, "missing_lines": [], "excluded_lines": [], "start_line": 1}}}, "src/bnsyn/calibration/accuracy_speed.py": {"executed_lines": [21, 23, 24, 25, 27, 28, 30, 32, 33, 36, 37, 60, 61, 62, 63, 64, 65, 66, 67, 70, 71, 73, 74, 76, 79, 88, 89, 90, 91, 92, 93, 95, 96, 97, 98, 99, 100, 101, 102, 103, 105, 106, 108, 120, 153, 154, 155, 156, 157, 158, 159, 160, 162, 167, 168, 169, 170, 172, 174, 185], "summary": {"covered_lines": 60, "num_statements": 60, "percent_covered": 100.0, "percent_covered_display": "100", "missing_lines": 0, "excluded_lines": 0, "percent_statements_covered": 100.0, "percent_statements_covered_display": "100"}, "missing_lines": [], "excluded_lines": [], "functions": {"_decay_rhs": {"executed_lines": [71, 73, 76], "summary": {"covered_lines": 3, "num_statements": 3, "percent_covered": 100.0, "percent_covered_display": "100", "missing_lines": 0, "excluded_lines": 0, "percent_statements_covered": 100.0, "percent_statements_covered_display": "100"}, "missing_lines": [], "excluded_lines": [], "start_line": 70}, "_decay_rhs.rhs": {"executed_lines": [74], "summary": {"covered_lines": 1, "num_statements": 1, "percent_covered": 100.0, "percent_covered_display": "100", "missing_lines": 0, "excluded_lines": 0, "percent_statements_covered": 100.0, "percent_statements_covered_display": "100"}, "missing_lines": [], "excluded_lines": [], "start_line": 73}, "_run_integrator": {"executed_lines": [88, 89, 90, 91, 92, 93, 95, 96, 97, 98, 99, 100, 101, 102, 103, 105, 106, 108], "summary": {"covered_lines": 18, "num_statements": 18, "percent_covered": 100.0, "percent_covered_display": "100", "missing_lines": 0, "excluded_lines": 0, "percent_statements_covered": 100.0, "percent_statements_covered_display": "100"}, "missing_lines": [], "excluded_lines": [], "start_line": 79}, "calibrate_integrator_accuracy_speed": {"executed_lines": [153, 154, 155, 156, 157, 158, 159, 160, 162, 167, 168, 169, 170, 172, 174, 185], "summary": {"covered_lines": 16, "num_statements": 16, "percent_covered": 100.0, "percent_covered_display": "100", "missing_lines": 0, "excluded_lines": 0, "percent_statements_covered": 100.0, "percent_statements_covered_display": "100"}, "missing_lines": [], "excluded_lines": [], "start_line": 120}, "": {"executed_lines": [21, 23, 24, 25, 27, 28, 30, 32, 33, 36, 37, 60, 61, 62, 63, 64, 65, 66, 67, 70, 79, 120], "summary": {"covered_lines": 22, "num_statements": 22, "percent_covered": 100.0, "percent_covered_display": "100", "missing_lines": 0, "excluded_lines": 0, "percent_statements_covered": 100.0, "percent_statements_covered_display": "100"}, "missing_lines": [], "excluded_lines": [], "start_line": 1}}, "classes": {"IntegratorCalibrationResult": {"executed_lines": [], "summary": {"covered_lines": 0, "num_statements": 0, "percent_covered": 100.0, "percent_covered_display": "100", "missing_lines": 0, "excluded_lines": 0, "percent_statements_covered": 100.0, "percent_statements_covered_display": "100"}, "missing_lines": [], "excluded_lines": [], "start_line": 37}, "": {"executed_lines": [21, 23, 24, 25, 27, 28, 30, 32, 33, 36, 37, 60, 61, 62, 63, 64, 65, 66, 67, 70, 71, 73, 74, 76, 79, 88, 89, 90, 91, 92, 93, 95, 96, 97, 98, 99, 100, 101, 102, 103, 105, 106, 108, 120, 153, 154, 155, 156, 157, 158, 159, 160, 162, 167, 168, 169, 170, 172, 174, 185], "summary": {"covered_lines": 60, "num_statements": 60, "percent_covered": 100.0, "percent_covered_display": "100", "missing_lines": 0, "excluded_lines": 0, "percent_statements_covered": 100.0, "percent_statements_covered_display": "100"}, "missing_lines": [], "excluded_lines": [], "start_line": 1}}}, "src/bnsyn/calibration/fit.py": {"executed_lines": [20, 22, 24, 27, 28, 41, 42, 43, 46, 66, 67, 68, 69, 70, 71, 72, 73, 74, 75, 76, 79, 98], "summary": {"covered_lines": 22, "num_statements": 22, "percent_covered": 100.0, "percent_covered_display": "100", "missing_lines": 0, "excluded_lines": 0, "percent_statements_covered": 100.0, "percent_statements_covered_display": "100"}, "missing_lines": [], "excluded_lines": [], "functions": {"fit_line": {"executed_lines": [66, 67, 68, 69, 70, 71, 72, 73, 74, 75, 76], "summary": {"covered_lines": 11, "num_statements": 11, "percent_covered": 100.0, "percent_covered_display": "100", "missing_lines": 0, "excluded_lines": 0, "percent_statements_covered": 100.0, "percent_statements_covered_display": "100"}, "missing_lines": [], "excluded_lines": [], "start_line": 46}, "fit_fI_curve": {"executed_lines": [98], "summary": {"covered_lines": 1, "num_statements": 1, "percent_covered": 100.0, "percent_covered_display": "100", "missing_lines": 0, "excluded_lines": 0, "percent_statements_covered": 100.0, "percent_statements_covered_display": "100"}, "missing_lines": [], "excluded_lines": [], "start_line": 79}, "": {"executed_lines": [20, 22, 24, 27, 28, 41, 42, 43, 46, 79], "summary": {"covered_lines": 10, "num_statements": 10, "percent_covered": 100.0, "percent_covered_display": "100", "missing_lines": 0, "excluded_lines": 0, "percent_statements_covered": 100.0, "percent_statements_covered_display": "100"}, "missing_lines": [], "excluded_lines": [], "start_line": 1}}, "classes": {"LineFit": {"executed_lines": [], "summary": {"covered_lines": 0, "num_statements": 0, "percent_covered": 100.0, "percent_covered_display": "100", "missing_lines": 0, "excluded_lines": 0, "percent_statements_covered": 100.0, "percent_statements_covered_display": "100"}, "missing_lines": [], "excluded_lines": [], "start_line": 28}, "": {"executed_lines": [20, 22, 24, 27, 28, 41, 42, 43, 46, 66, 67, 68, 69, 70, 71, 72, 73, 74, 75, 76, 79, 98], "summary": {"covered_lines": 22, "num_statements": 22, "percent_covered": 100.0, "percent_covered_display": "100", "missing_lines": 0, "excluded_lines": 0, "percent_statements_covered": 100.0, "percent_statements_covered_display": "100"}, "missing_lines": [], "excluded_lines": [], "start_line": 1}}}, "src/bnsyn/cli.py": {"executed_lines": [22, 24, 25, 26, 27, 29, 30, 33, 56, 58, 59, 60, 63, 64, 65, 66, 68, 69, 70, 71, 72, 73, 74, 75, 76, 77, 78, 80, 81, 82, 85, 106, 107, 109, 110, 111, 114, 136, 138, 139, 140, 141, 142, 143, 146, 170, 171, 172, 173, 174, 175, 176, 177, 180, 181, 182, 183, 186, 187, 190, 191, 192, 202, 205, 208, 211, 214, 222, 223, 224, 225, 226, 229, 230, 231, 232, 235, 238, 241, 242, 244, 245, 246, 259, 262, 263, 264, 265, 267, 297, 298, 299, 300, 303, 312, 313, 314, 315, 318, 319, 320, 322, 323, 326, 327, 328, 329, 330, 331, 332, 333, 334, 337, 338, 339, 340, 341, 342, 343, 346, 347, 348, 349, 350, 351, 352, 353, 354, 355, 356, 359, 360, 361, 362, 363, 364, 366, 367, 368, 369, 370, 371, 372, 376, 377, 379, 380, 381, 382, 383, 384, 386, 389, 431, 432, 434, 435, 436, 437, 438, 439, 440, 442, 443, 444, 445, 447, 448, 449, 450, 451, 452, 453, 455, 456, 457, 458, 459, 465, 467, 468, 471, 472], "summary": {"covered_lines": 183, "num_statements": 183, "percent_covered": 100.0, "percent_covered_display": "100", "missing_lines": 0, "excluded_lines": 0, "percent_statements_covered": 100.0, "percent_statements_covered_display": "100"}, "missing_lines": [], "excluded_lines": [], "functions": {"_cmd_demo": {"executed_lines": [56, 58, 59, 60, 63, 64, 65, 66, 68, 69, 70, 71, 72, 73, 74, 75, 76, 77, 78, 80, 81, 82], "summary": {"covered_lines": 22, "num_statements": 22, "percent_covered": 100.0, "percent_covered_display": "100", "missing_lines": 0, "excluded_lines": 0, "percent_statements_covered": 100.0, "percent_statements_covered_display": "100"}, "missing_lines": [], "excluded_lines": [], "start_line": 33}, "_cmd_dtcheck": {"executed_lines": [106, 107, 109, 110, 111], "summary": {"covered_lines": 5, "num_statements": 5, "percent_covered": 100.0, "percent_covered_display": "100", "missing_lines": 0, "excluded_lines": 0, "percent_statements_covered": 100.0, "percent_statements_covered_display": "100"}, "missing_lines": [], "excluded_lines": [], "start_line": 85}, "_cmd_run_experiment": {"executed_lines": [136, 138, 139, 140, 141, 142, 143], "summary": {"covered_lines": 7, "num_statements": 7, "percent_covered": 100.0, "percent_covered_display": "100", "missing_lines": 0, "excluded_lines": 0, "percent_statements_covered": 100.0, "percent_statements_covered_display": "100"}, "missing_lines": [], "excluded_lines": [], "start_line": 114}, "_cmd_sleep_stack": {"executed_lines": [170, 171, 172, 173, 174, 175, 176, 177, 180, 181, 182, 183, 186, 187, 190, 191, 192, 202, 205, 208, 211, 214, 222, 223, 224, 225, 226, 229, 230, 231, 232, 235, 238, 241, 242, 244, 245, 246, 259, 262, 263, 264, 265, 267, 297, 298, 299, 300, 303, 312, 313, 314, 315, 318, 319, 320, 322, 323, 326, 327, 328, 329, 330, 331, 332, 333, 334, 337, 338, 339, 340, 341, 342, 343, 346, 347, 348, 349, 350, 351, 352, 353, 354, 355, 356, 359, 360, 361, 362, 363, 364, 366, 367, 368, 369, 370, 371, 372, 376, 377, 379, 380, 381, 382, 383, 384, 386], "summary": {"covered_lines": 107, "num_statements": 107, "percent_covered": 100.0, "percent_covered_display": "100", "missing_lines": 0, "excluded_lines": 0, "percent_statements_covered": 100.0, "percent_statements_covered_display": "100"}, "missing_lines": [], "excluded_lines": [], "start_line": 146}, "main": {"executed_lines": [431, 432, 434, 435, 436, 437, 438, 439, 440, 442, 443, 444, 445, 447, 448, 449, 450, 451, 452, 453, 455, 456, 457, 458, 459, 465, 467, 468], "summary": {"covered_lines": 28, "num_statements": 28, "percent_covered": 100.0, "percent_covered_display": "100", "missing_lines": 0, "excluded_lines": 0, "percent_statements_covered": 100.0, "percent_statements_covered_display": "100"}, "missing_lines": [], "excluded_lines": [], "start_line": 389}, "": {"executed_lines": [22, 24, 25, 26, 27, 29, 30, 33, 85, 114, 146, 389, 471, 472], "summary": {"covered_lines": 14, "num_statements": 14, "percent_covered": 100.0, "percent_covered_display": "100", "missing_lines": 0, "excluded_lines": 0, "percent_statements_covered": 100.0, "percent_statements_covered_display": "100"}, "missing_lines": [], "excluded_lines": [], "start_line": 1}}, "classes": {"": {"executed_lines": [22, 24, 25, 26, 27, 29, 30, 33, 56, 58, 59, 60, 63, 64, 65, 66, 68, 69, 70, 71, 72, 73, 74, 75, 76, 77, 78, 80, 81, 82, 85, 106, 107, 109, 110, 111, 114, 136, 138, 139, 140, 141, 142, 143, 146, 170, 171, 172, 173, 174, 175, 176, 177, 180, 181, 182, 183, 186, 187, 190, 191, 192, 202, 205, 208, 211, 214, 222, 223, 224, 225, 226, 229, 230, 231, 232, 235, 238, 241, 242, 244, 245, 246, 259, 262, 263, 264, 265, 267, 297, 298, 299, 300, 303, 312, 313, 314, 315, 318, 319, 320, 322, 323, 326, 327, 328, 329, 330, 331, 332, 333, 334, 337, 338, 339, 340, 341, 342, 343, 346, 347, 348, 349, 350, 351, 352, 353, 354, 355, 356, 359, 360, 361, 362, 363, 364, 366, 367, 368, 369, 370, 371, 372, 376, 377, 379, 380, 381, 382, 383, 384, 386, 389, 431, 432, 434, 435, 436, 437, 438, 439, 440, 442, 443, 444, 445, 447, 448, 449, 450, 451, 452, 453, 455, 456, 457, 458, 459, 465, 467, 468, 471, 472], "summary": {"covered_lines": 183, "num_statements": 183, "percent_covered": 100.0, "percent_covered_display": "100", "missing_lines": 0, "excluded_lines": 0, "percent_statements_covered": 100.0, "percent_statements_covered_display": "100"}, "missing_lines": [], "excluded_lines": [], "start_line": 1}}}, "src/bnsyn/config.py": {"executed_lines": [21, 23, 26, 62, 63, 64, 65, 66, 67, 68, 69, 70, 71, 74, 105, 106, 107, 109, 110, 111, 113, 114, 117, 148, 149, 150, 151, 152, 153, 154, 155, 158, 181, 182, 183, 184, 187, 212, 213, 214, 215, 216, 219, 246, 247, 248, 249, 250, 251, 254, 277, 278, 279, 280], "summary": {"covered_lines": 54, "num_statements": 54, "percent_covered": 100.0, "percent_covered_display": "100", "missing_lines": 0, "excluded_lines": 0, "percent_statements_covered": 100.0, "percent_statements_covered_display": "100"}, "missing_lines": [], "excluded_lines": [], "functions": {"": {"executed_lines": [21, 23, 26, 62, 63, 64, 65, 66, 67, 68, 69, 70, 71, 74, 105, 106, 107, 109, 110, 111, 113, 114, 117, 148, 149, 150, 151, 152, 153, 154, 155, 158, 181, 182, 183, 184, 187, 212, 213, 214, 215, 216, 219, 246, 247, 248, 249, 250, 251, 254, 277, 278, 279, 280], "summary": {"covered_lines": 54, "num_statements": 54, "percent_covered": 100.0, "percent_covered_display": "100", "missing_lines": 0, "excluded_lines": 0, "percent_statements_covered": 100.0, "percent_statements_covered_display": "100"}, "missing_lines": [], "excluded_lines": [], "start_line": 1}}, "classes": {"AdExParams": {"executed_lines": [], "summary": {"covered_lines": 0, "num_statements": 0, "percent_covered": 100.0, "percent_covered_display": "100", "missing_lines": 0, "excluded_lines": 0, "percent_statements_covered": 100.0, "percent_statements_covered_display": "100"}, "missing_lines": [], "excluded_lines": [], "start_line": 26}, "SynapseParams": {"executed_lines": [], "summary": {"covered_lines": 0, "num_statements": 0, "percent_covered": 100.0, "percent_covered_display": "100", "missing_lines": 0, "excluded_lines": 0, "percent_statements_covered": 100.0, "percent_statements_covered_display": "100"}, "missing_lines": [], "excluded_lines": [], "start_line": 74}, "PlasticityParams": {"executed_lines": [], "summary": {"covered_lines": 0, "num_statements": 0, "percent_covered": 100.0, "percent_covered_display": "100", "missing_lines": 0, "excluded_lines": 0, "percent_statements_covered": 100.0, "percent_statements_covered_display": "100"}, "missing_lines": [], "excluded_lines": [], "start_line": 117}, "CriticalityParams": {"executed_lines": [], "summary": {"covered_lines": 0, "num_statements": 0, "percent_covered": 100.0, "percent_covered_display": "100", "missing_lines": 0, "excluded_lines": 0, "percent_statements_covered": 100.0, "percent_statements_covered_display": "100"}, "missing_lines": [], "excluded_lines": [], "start_line": 158}, "TemperatureParams": {"executed_lines": [], "summary": {"covered_lines": 0, "num_statements": 0, "percent_covered": 100.0, "percent_covered_display": "100", "missing_lines": 0, "excluded_lines": 0, "percent_statements_covered": 100.0, "percent_statements_covered_display": "100"}, "missing_lines": [], "excluded_lines": [], "start_line": 187}, "DualWeightParams": {"executed_lines": [], "summary": {"covered_lines": 0, "num_statements": 0, "percent_covered": 100.0, "percent_covered_display": "100", "missing_lines": 0, "excluded_lines": 0, "percent_statements_covered": 100.0, "percent_statements_covered_display": "100"}, "missing_lines": [], "excluded_lines": [], "start_line": 219}, "EnergyParams": {"executed_lines": [], "summary": {"covered_lines": 0, "num_statements": 0, "percent_covered": 100.0, "percent_covered_display": "100", "missing_lines": 0, "excluded_lines": 0, "percent_statements_covered": 100.0, "percent_statements_covered_display": "100"}, "missing_lines": [], "excluded_lines": [], "start_line": 254}, "": {"executed_lines": [21, 23, 26, 62, 63, 64, 65, 66, 67, 68, 69, 70, 71, 74, 105, 106, 107, 109, 110, 111, 113, 114, 117, 148, 149, 150, 151, 152, 153, 154, 155, 158, 181, 182, 183, 184, 187, 212, 213, 214, 215, 216, 219, 246, 247, 248, 249, 250, 251, 254, 277, 278, 279, 280], "summary": {"covered_lines": 54, "num_statements": 54, "percent_covered": 100.0, "percent_covered_display": "100", "missing_lines": 0, "excluded_lines": 0, "percent_statements_covered": 100.0, "percent_statements_covered_display": "100"}, "missing_lines": [], "excluded_lines": [], "start_line": 1}}}, "src/bnsyn/connectivity/__init__.py": {"executed_lines": [20, 22, 24], "summary": {"covered_lines": 3, "num_statements": 3, "percent_covered": 100.0, "percent_covered_display": "100", "missing_lines": 0, "excluded_lines": 0, "percent_statements_covered": 100.0, "percent_statements_covered_display": "100"}, "missing_lines": [], "excluded_lines": [], "functions": {"": {"executed_lines": [20, 22, 24], "summary": {"covered_lines": 3, "num_statements": 3, "percent_covered": 100.0, "percent_covered_display": "100", "missing_lines": 0, "excluded_lines": 0, "percent_statements_covered": 100.0, "percent_statements_covered_display": "100"}, "missing_lines": [], "excluded_lines": [], "start_line": 1}}, "classes": {"": {"executed_lines": [20, 22, 24], "summary": {"covered_lines": 3, "num_statements": 3, "percent_covered": 100.0, "percent_covered_display": "100", "missing_lines": 0, "excluded_lines": 0, "percent_statements_covered": 100.0, "percent_statements_covered_display": "100"}, "missing_lines": [], "excluded_lines": [], "start_line": 1}}}, "src/bnsyn/connectivity/sparse.py": {"executed_lines": [21, 23, 24, 26, 27, 28, 30, 33, 34, 61, 62, 63, 64, 65, 66, 69, 95, 101, 102, 103, 104, 106, 107, 108, 109, 111, 112, 116, 118, 119, 121, 123, 132, 133, 134, 135, 137, 138, 139, 140, 141, 143, 160, 161, 162, 163, 164, 165, 166, 167, 169, 181, 182, 183, 184, 185, 187, 199, 200, 201, 203, 204, 211, 255, 256, 257, 258, 259, 260, 261, 262], "summary": {"covered_lines": 71, "num_statements": 71, "percent_covered": 100.0, "percent_covered_display": "100", "missing_lines": 0, "excluded_lines": 0, "percent_statements_covered": 100.0, "percent_statements_covered_display": "100"}, "missing_lines": [], "excluded_lines": [], "functions": {"SparseConnectivity.__init__": {"executed_lines": [101, 102, 103, 104, 106, 107, 108, 109, 111, 112, 116, 118, 119, 121, 123], "summary": {"covered_lines": 15, "num_statements": 15, "percent_covered": 100.0, "percent_covered_display": "100", "missing_lines": 0, "excluded_lines": 0, "percent_statements_covered": 100.0, "percent_statements_covered_display": "100"}, "missing_lines": [], "excluded_lines": [], "start_line": 95}, "SparseConnectivity._estimate_sparse_size": {"executed_lines": [134, 135], "summary": {"covered_lines": 2, "num_statements": 2, "percent_covered": 100.0, "percent_covered_display": "100", "missing_lines": 0, "excluded_lines": 0, "percent_statements_covered": 100.0, "percent_statements_covered_display": "100"}, "missing_lines": [], "excluded_lines": [], "start_line": 133}, "SparseConnectivity._estimate_speedup": {"executed_lines": [139, 140, 141], "summary": {"covered_lines": 3, "num_statements": 3, "percent_covered": 100.0, "percent_covered_display": "100", "missing_lines": 0, "excluded_lines": 0, "percent_statements_covered": 100.0, "percent_statements_covered_display": "100"}, "missing_lines": [], "excluded_lines": [], "start_line": 138}, "SparseConnectivity.apply": {"executed_lines": [160, 161, 162, 163, 164, 165, 166, 167], "summary": {"covered_lines": 8, "num_statements": 8, "percent_covered": 100.0, "percent_covered_display": "100", "missing_lines": 0, "excluded_lines": 0, "percent_statements_covered": 100.0, "percent_statements_covered_display": "100"}, "missing_lines": [], "excluded_lines": [], "start_line": 143}, "SparseConnectivity.to_dense": {"executed_lines": [181, 182, 183, 184, 185], "summary": {"covered_lines": 5, "num_statements": 5, "percent_covered": 100.0, "percent_covered_display": "100", "missing_lines": 0, "excluded_lines": 0, "percent_statements_covered": 100.0, "percent_statements_covered_display": "100"}, "missing_lines": [], "excluded_lines": [], "start_line": 169}, "SparseConnectivity.to_sparse": {"executed_lines": [199, 200, 201], "summary": {"covered_lines": 3, "num_statements": 3, "percent_covered": 100.0, "percent_covered_display": "100", "missing_lines": 0, "excluded_lines": 0, "percent_statements_covered": 100.0, "percent_statements_covered_display": "100"}, "missing_lines": [], "excluded_lines": [], "start_line": 187}, "SparseConnectivity.__repr__": {"executed_lines": [204], "summary": {"covered_lines": 1, "num_statements": 1, "percent_covered": 100.0, "percent_covered_display": "100", "missing_lines": 0, "excluded_lines": 0, "percent_statements_covered": 100.0, "percent_statements_covered_display": "100"}, "missing_lines": [], "excluded_lines": [], "start_line": 203}, "build_random_connectivity": {"executed_lines": [255, 256, 257, 258, 259, 260, 261, 262], "summary": {"covered_lines": 8, "num_statements": 8, "percent_covered": 100.0, "percent_covered_display": "100", "missing_lines": 0, "excluded_lines": 0, "percent_statements_covered": 100.0, "percent_statements_covered_display": "100"}, "missing_lines": [], "excluded_lines": [], "start_line": 211}, "": {"executed_lines": [21, 23, 24, 26, 27, 28, 30, 33, 34, 61, 62, 63, 64, 65, 66, 69, 95, 132, 133, 137, 138, 143, 169, 187, 203, 211], "summary": {"covered_lines": 26, "num_statements": 26, "percent_covered": 100.0, "percent_covered_display": "100", "missing_lines": 0, "excluded_lines": 0, "percent_statements_covered": 100.0, "percent_statements_covered_display": "100"}, "missing_lines": [], "excluded_lines": [], "start_line": 1}}, "classes": {"SparseConnectivityMetrics": {"executed_lines": [], "summary": {"covered_lines": 0, "num_statements": 0, "percent_covered": 100.0, "percent_covered_display": "100", "missing_lines": 0, "excluded_lines": 0, "percent_statements_covered": 100.0, "percent_statements_covered_display": "100"}, "missing_lines": [], "excluded_lines": [], "start_line": 34}, "SparseConnectivity": {"executed_lines": [101, 102, 103, 104, 106, 107, 108, 109, 111, 112, 116, 118, 119, 121, 123, 134, 135, 139, 140, 141, 160, 161, 162, 163, 164, 165, 166, 167, 181, 182, 183, 184, 185, 199, 200, 201, 204], "summary": {"covered_lines": 37, "num_statements": 37, "percent_covered": 100.0, "percent_covered_display": "100", "missing_lines": 0, "excluded_lines": 0, "percent_statements_covered": 100.0, "percent_statements_covered_display": "100"}, "missing_lines": [], "excluded_lines": [], "start_line": 69}, "": {"executed_lines": [21, 23, 24, 26, 27, 28, 30, 33, 34, 61, 62, 63, 64, 65, 66, 69, 95, 132, 133, 137, 138, 143, 169, 187, 203, 211, 255, 256, 257, 258, 259, 260, 261, 262], "summary": {"covered_lines": 34, "num_statements": 34, "percent_covered": 100.0, "percent_covered_display": "100", "missing_lines": 0, "excluded_lines": 0, "percent_statements_covered": 100.0, "percent_statements_covered_display": "100"}, "missing_lines": [], "excluded_lines": [], "start_line": 1}}}, "src/bnsyn/consolidation/__init__.py": {"executed_lines": [20, 22], "summary": {"covered_lines": 2, "num_statements": 2, "percent_covered": 100.0, "percent_covered_display": "100", "missing_lines": 0, "excluded_lines": 0, "percent_statements_covered": 100.0, "percent_statements_covered_display": "100"}, "missing_lines": [], "excluded_lines": [], "functions": {"": {"executed_lines": [20, 22], "summary": {"covered_lines": 2, "num_statements": 2, "percent_covered": 100.0, "percent_covered_display": "100", "missing_lines": 0, "excluded_lines": 0, "percent_statements_covered": 100.0, "percent_statements_covered_display": "100"}, "missing_lines": [], "excluded_lines": [], "start_line": 1}}, "classes": {"": {"executed_lines": [20, 22], "summary": {"covered_lines": 2, "num_statements": 2, "percent_covered": 100.0, "percent_covered_display": "100", "missing_lines": 0, "excluded_lines": 0, "percent_statements_covered": 100.0, "percent_statements_covered_display": "100"}, "missing_lines": [], "excluded_lines": [], "start_line": 1}}}, "src/bnsyn/consolidation/dual_weight.py": {"executed_lines": [21, 23, 25, 27, 30, 31, 59, 60, 61, 62, 63, 65, 66, 81, 89, 123, 124, 125, 126, 129, 130, 133, 136, 137, 138, 139, 140, 143, 144, 146, 147, 155], "summary": {"covered_lines": 32, "num_statements": 32, "percent_covered": 100.0, "percent_covered_display": "100", "missing_lines": 0, "excluded_lines": 0, "percent_statements_covered": 100.0, "percent_statements_covered_display": "100"}, "missing_lines": [], "excluded_lines": [], "functions": {"DualWeights.init": {"executed_lines": [81], "summary": {"covered_lines": 1, "num_statements": 1, "percent_covered": 100.0, "percent_covered_display": "100", "missing_lines": 0, "excluded_lines": 0, "percent_statements_covered": 100.0, "percent_statements_covered_display": "100"}, "missing_lines": [], "excluded_lines": [], "start_line": 66}, "DualWeights.step": {"executed_lines": [123, 124, 125, 126, 129, 130, 133, 136, 137, 138, 139, 140, 143, 144], "summary": {"covered_lines": 14, "num_statements": 14, "percent_covered": 100.0, "percent_covered_display": "100", "missing_lines": 0, "excluded_lines": 0, "percent_statements_covered": 100.0, "percent_statements_covered_display": "100"}, "missing_lines": [], "excluded_lines": [], "start_line": 89}, "DualWeights.w_total": {"executed_lines": [155], "summary": {"covered_lines": 1, "num_statements": 1, "percent_covered": 100.0, "percent_covered_display": "100", "missing_lines": 0, "excluded_lines": 0, "percent_statements_covered": 100.0, "percent_statements_covered_display": "100"}, "missing_lines": [], "excluded_lines": [], "start_line": 147}, "": {"executed_lines": [21, 23, 25, 27, 30, 31, 59, 60, 61, 62, 63, 65, 66, 89, 146, 147], "summary": {"covered_lines": 16, "num_statements": 16, "percent_covered": 100.0, "percent_covered_display": "100", "missing_lines": 0, "excluded_lines": 0, "percent_statements_covered": 100.0, "percent_statements_covered_display": "100"}, "missing_lines": [], "excluded_lines": [], "start_line": 1}}, "classes": {"DualWeights": {"executed_lines": [81, 123, 124, 125, 126, 129, 130, 133, 136, 137, 138, 139, 140, 143, 144, 155], "summary": {"covered_lines": 16, "num_statements": 16, "percent_covered": 100.0, "percent_covered_display": "100", "missing_lines": 0, "excluded_lines": 0, "percent_statements_covered": 100.0, "percent_statements_covered_display": "100"}, "missing_lines": [], "excluded_lines": [], "start_line": 31}, "": {"executed_lines": [21, 23, 25, 27, 30, 31, 59, 60, 61, 62, 63, 65, 66, 89, 146, 147], "summary": {"covered_lines": 16, "num_statements": 16, "percent_covered": 100.0, "percent_covered_display": "100", "missing_lines": 0, "excluded_lines": 0, "percent_statements_covered": 100.0, "percent_statements_covered_display": "100"}, "missing_lines": [], "excluded_lines": [], "start_line": 1}}}, "src/bnsyn/control.py": {"executed_lines": [21, 23, 24, 25, 27], "summary": {"covered_lines": 5, "num_statements": 5, "percent_covered": 100.0, "percent_covered_display": "100", "missing_lines": 0, "excluded_lines": 0, "percent_statements_covered": 100.0, "percent_statements_covered_display": "100"}, "missing_lines": [], "excluded_lines": [], "functions": {"": {"executed_lines": [21, 23, 24, 25, 27], "summary": {"covered_lines": 5, "num_statements": 5, "percent_covered": 100.0, "percent_covered_display": "100", "missing_lines": 0, "excluded_lines": 0, "percent_statements_covered": 100.0, "percent_statements_covered_display": "100"}, "missing_lines": [], "excluded_lines": [], "start_line": 1}}, "classes": {"": {"executed_lines": [21, 23, 24, 25, 27], "summary": {"covered_lines": 5, "num_statements": 5, "percent_covered": 100.0, "percent_covered_display": "100", "missing_lines": 0, "excluded_lines": 0, "percent_statements_covered": 100.0, "percent_statements_covered_display": "100"}, "missing_lines": [], "excluded_lines": [], "start_line": 1}}}, "src/bnsyn/criticality/__init__.py": {"executed_lines": [20, 21, 22, 24], "summary": {"covered_lines": 4, "num_statements": 4, "percent_covered": 100.0, "percent_covered_display": "100", "missing_lines": 0, "excluded_lines": 0, "percent_statements_covered": 100.0, "percent_statements_covered_display": "100"}, "missing_lines": [], "excluded_lines": [], "functions": {"": {"executed_lines": [20, 21, 22, 24], "summary": {"covered_lines": 4, "num_statements": 4, "percent_covered": 100.0, "percent_covered_display": "100", "missing_lines": 0, "excluded_lines": 0, "percent_statements_covered": 100.0, "percent_statements_covered_display": "100"}, "missing_lines": [], "excluded_lines": [], "start_line": 1}}, "classes": {"": {"executed_lines": [20, 21, 22, 24], "summary": {"covered_lines": 4, "num_statements": 4, "percent_covered": 100.0, "percent_covered_display": "100", "missing_lines": 0, "excluded_lines": 0, "percent_statements_covered": 100.0, "percent_statements_covered_display": "100"}, "missing_lines": [], "excluded_lines": [], "start_line": 1}}}, "src/bnsyn/criticality/analysis.py": {"executed_lines": [21, 23, 25, 28, 29, 48, 49, 52, 81, 82, 83, 84, 85, 86, 88, 89, 90, 91, 92, 93, 94, 95, 96, 97, 98, 99, 100, 101, 104, 132, 133, 134, 135, 136, 137, 138, 139, 140, 141, 142], "summary": {"covered_lines": 40, "num_statements": 40, "percent_covered": 100.0, "percent_covered_display": "100", "missing_lines": 0, "excluded_lines": 0, "percent_statements_covered": 100.0, "percent_statements_covered_display": "100"}, "missing_lines": [], "excluded_lines": [], "functions": {"mr_branching_ratio": {"executed_lines": [81, 82, 83, 84, 85, 86, 88, 89, 90, 91, 92, 93, 94, 95, 96, 97, 98, 99, 100, 101], "summary": {"covered_lines": 20, "num_statements": 20, "percent_covered": 100.0, "percent_covered_display": "100", "missing_lines": 0, "excluded_lines": 0, "percent_statements_covered": 100.0, "percent_statements_covered_display": "100"}, "missing_lines": [], "excluded_lines": [], "start_line": 52}, "fit_power_law_mle": {"executed_lines": [132, 133, 134, 135, 136, 137, 138, 139, 140, 141, 142], "summary": {"covered_lines": 11, "num_statements": 11, "percent_covered": 100.0, "percent_covered_display": "100", "missing_lines": 0, "excluded_lines": 0, "percent_statements_covered": 100.0, "percent_statements_covered_display": "100"}, "missing_lines": [], "excluded_lines": [], "start_line": 104}, "": {"executed_lines": [21, 23, 25, 28, 29, 48, 49, 52, 104], "summary": {"covered_lines": 9, "num_statements": 9, "percent_covered": 100.0, "percent_covered_display": "100", "missing_lines": 0, "excluded_lines": 0, "percent_statements_covered": 100.0, "percent_statements_covered_display": "100"}, "missing_lines": [], "excluded_lines": [], "start_line": 1}}, "classes": {"PowerLawFit": {"executed_lines": [], "summary": {"covered_lines": 0, "num_statements": 0, "percent_covered": 100.0, "percent_covered_display": "100", "missing_lines": 0, "excluded_lines": 0, "percent_statements_covered": 100.0, "percent_statements_covered_display": "100"}, "missing_lines": [], "excluded_lines": [], "start_line": 29}, "": {"executed_lines": [21, 23, 25, 28, 29, 48, 49, 52, 81, 82, 83, 84, 85, 86, 88, 89, 90, 91, 92, 93, 94, 95, 96, 97, 98, 99, 100, 101, 104, 132, 133, 134, 135, 136, 137, 138, 139, 140, 141, 142], "summary": {"covered_lines": 40, "num_statements": 40, "percent_covered": 100.0, "percent_covered_display": "100", "missing_lines": 0, "excluded_lines": 0, "percent_statements_covered": 100.0, "percent_statements_covered_display": "100"}, "missing_lines": [], "excluded_lines": [], "start_line": 1}}}, "src/bnsyn/criticality/branching.py": {"executed_lines": [21, 23, 25, 27, 30, 31, 51, 52, 53, 55, 78, 79, 80, 81, 82, 85, 86, 106, 107, 109, 126, 127, 128, 129], "summary": {"covered_lines": 24, "num_statements": 24, "percent_covered": 100.0, "percent_covered_display": "100", "missing_lines": 0, "excluded_lines": 0, "percent_statements_covered": 100.0, "percent_statements_covered_display": "100"}, "missing_lines": [], "excluded_lines": [], "functions": {"BranchingEstimator.update": {"executed_lines": [78, 79, 80, 81, 82], "summary": {"covered_lines": 5, "num_statements": 5, "percent_covered": 100.0, "percent_covered_display": "100", "missing_lines": 0, "excluded_lines": 0, "percent_statements_covered": 100.0, "percent_statements_covered_display": "100"}, "missing_lines": [], "excluded_lines": [], "start_line": 55}, "SigmaController.step": {"executed_lines": [126, 127, 128, 129], "summary": {"covered_lines": 4, "num_statements": 4, "percent_covered": 100.0, "percent_covered_display": "100", "missing_lines": 0, "excluded_lines": 0, "percent_statements_covered": 100.0, "percent_statements_covered_display": "100"}, "missing_lines": [], "excluded_lines": [], "start_line": 109}, "": {"executed_lines": [21, 23, 25, 27, 30, 31, 51, 52, 53, 55, 85, 86, 106, 107, 109], "summary": {"covered_lines": 15, "num_statements": 15, "percent_covered": 100.0, "percent_covered_display": "100", "missing_lines": 0, "excluded_lines": 0, "percent_statements_covered": 100.0, "percent_statements_covered_display": "100"}, "missing_lines": [], "excluded_lines": [], "start_line": 1}}, "classes": {"BranchingEstimator": {"executed_lines": [78, 79, 80, 81, 82], "summary": {"covered_lines": 5, "num_statements": 5, "percent_covered": 100.0, "percent_covered_display": "100", "missing_lines": 0, "excluded_lines": 0, "percent_statements_covered": 100.0, "percent_statements_covered_display": "100"}, "missing_lines": [], "excluded_lines": [], "start_line": 31}, "SigmaController": {"executed_lines": [126, 127, 128, 129], "summary": {"covered_lines": 4, "num_statements": 4, "percent_covered": 100.0, "percent_covered_display": "100", "missing_lines": 0, "excluded_lines": 0, "percent_statements_covered": 100.0, "percent_statements_covered_display": "100"}, "missing_lines": [], "excluded_lines": [], "start_line": 86}, "": {"executed_lines": [21, 23, 25, 27, 30, 31, 51, 52, 53, 55, 85, 86, 106, 107, 109], "summary": {"covered_lines": 15, "num_statements": 15, "percent_covered": 100.0, "percent_covered_display": "100", "missing_lines": 0, "excluded_lines": 0, "percent_statements_covered": 100.0, "percent_statements_covered_display": "100"}, "missing_lines": [], "excluded_lines": [], "start_line": 1}}}, "src/bnsyn/criticality/phase_transition.py": {"executed_lines": [20, 22, 23, 24, 25, 28, 43, 44, 45, 46, 49, 50, 69, 70, 71, 72, 73, 74, 77, 98, 104, 105, 106, 107, 109, 110, 111, 113, 114, 115, 116, 117, 118, 120, 133, 134, 135, 136, 138, 140, 160, 163, 164, 167, 169, 170, 172, 180, 183, 184, 187, 188, 190, 193, 194, 195, 197, 199, 207, 209, 217, 219, 231, 232, 235, 236, 237, 238, 241, 242, 244, 245, 247, 248, 250, 252, 265, 267, 275, 277, 285, 287, 295], "summary": {"covered_lines": 83, "num_statements": 83, "percent_covered": 100.0, "percent_covered_display": "100", "missing_lines": 0, "excluded_lines": 0, "percent_statements_covered": 100.0, "percent_statements_covered_display": "100"}, "missing_lines": [], "excluded_lines": [], "functions": {"PhaseTransitionDetector.__init__": {"executed_lines": [104, 105, 106, 107, 109, 110, 111, 113, 114, 115, 116, 117, 118], "summary": {"covered_lines": 13, "num_statements": 13, "percent_covered": 100.0, "percent_covered_display": "100", "missing_lines": 0, "excluded_lines": 0, "percent_statements_covered": 100.0, "percent_statements_covered_display": "100"}, "missing_lines": [], "excluded_lines": [], "start_line": 98}, "PhaseTransitionDetector._classify_phase": {"executed_lines": [133, 134, 135, 136, 138], "summary": {"covered_lines": 5, "num_statements": 5, "percent_covered": 100.0, "percent_covered_display": "100", "missing_lines": 0, "excluded_lines": 0, "percent_statements_covered": 100.0, "percent_statements_covered_display": "100"}, "missing_lines": [], "excluded_lines": [], "start_line": 120}, "PhaseTransitionDetector.observe": {"executed_lines": [160, 163, 164, 167, 169, 170, 172, 180, 183, 184, 187, 188, 190, 193, 194, 195, 197], "summary": {"covered_lines": 17, "num_statements": 17, "percent_covered": 100.0, "percent_covered_display": "100", "missing_lines": 0, "excluded_lines": 0, "percent_statements_covered": 100.0, "percent_statements_covered_display": "100"}, "missing_lines": [], "excluded_lines": [], "start_line": 140}, "PhaseTransitionDetector.on_transition": {"executed_lines": [207], "summary": {"covered_lines": 1, "num_statements": 1, "percent_covered": 100.0, "percent_covered_display": "100", "missing_lines": 0, "excluded_lines": 0, "percent_statements_covered": 100.0, "percent_statements_covered_display": "100"}, "missing_lines": [], "excluded_lines": [], "start_line": 199}, "PhaseTransitionDetector.current_phase": {"executed_lines": [217], "summary": {"covered_lines": 1, "num_statements": 1, "percent_covered": 100.0, "percent_covered_display": "100", "missing_lines": 0, "excluded_lines": 0, "percent_statements_covered": 100.0, "percent_statements_covered_display": "100"}, "missing_lines": [], "excluded_lines": [], "start_line": 209}, "PhaseTransitionDetector.sigma_derivative": {"executed_lines": [231, 232, 235, 236, 237, 238, 241, 242, 244, 245, 247, 248, 250], "summary": {"covered_lines": 13, "num_statements": 13, "percent_covered": 100.0, "percent_covered_display": "100", "missing_lines": 0, "excluded_lines": 0, "percent_statements_covered": 100.0, "percent_statements_covered_display": "100"}, "missing_lines": [], "excluded_lines": [], "start_line": 219}, "PhaseTransitionDetector.time_in_phase": {"executed_lines": [265], "summary": {"covered_lines": 1, "num_statements": 1, "percent_covered": 100.0, "percent_covered_display": "100", "missing_lines": 0, "excluded_lines": 0, "percent_statements_covered": 100.0, "percent_statements_covered_display": "100"}, "missing_lines": [], "excluded_lines": [], "start_line": 252}, "PhaseTransitionDetector.get_transitions": {"executed_lines": [275], "summary": {"covered_lines": 1, "num_statements": 1, "percent_covered": 100.0, "percent_covered_display": "100", "missing_lines": 0, "excluded_lines": 0, "percent_statements_covered": 100.0, "percent_statements_covered_display": "100"}, "missing_lines": [], "excluded_lines": [], "start_line": 267}, "PhaseTransitionDetector.get_sigma_history": {"executed_lines": [285], "summary": {"covered_lines": 1, "num_statements": 1, "percent_covered": 100.0, "percent_covered_display": "100", "missing_lines": 0, "excluded_lines": 0, "percent_statements_covered": 100.0, "percent_statements_covered_display": "100"}, "missing_lines": [], "excluded_lines": [], "start_line": 277}, "PhaseTransitionDetector.get_phase_history": {"executed_lines": [295], "summary": {"covered_lines": 1, "num_statements": 1, "percent_covered": 100.0, "percent_covered_display": "100", "missing_lines": 0, "excluded_lines": 0, "percent_statements_covered": 100.0, "percent_statements_covered_display": "100"}, "missing_lines": [], "excluded_lines": [], "start_line": 287}, "": {"executed_lines": [20, 22, 23, 24, 25, 28, 43, 44, 45, 46, 49, 50, 69, 70, 71, 72, 73, 74, 77, 98, 120, 140, 199, 209, 219, 252, 267, 277, 287], "summary": {"covered_lines": 29, "num_statements": 29, "percent_covered": 100.0, "percent_covered_display": "100", "missing_lines": 0, "excluded_lines": 0, "percent_statements_covered": 100.0, "percent_statements_covered_display": "100"}, "missing_lines": [], "excluded_lines": [], "start_line": 1}}, "classes": {"CriticalPhase": {"executed_lines": [], "summary": {"covered_lines": 0, "num_statements": 0, "percent_covered": 100.0, "percent_covered_display": "100", "missing_lines": 0, "excluded_lines": 0, "percent_statements_covered": 100.0, "percent_statements_covered_display": "100"}, "missing_lines": [], "excluded_lines": [], "start_line": 28}, "PhaseTransition": {"executed_lines": [], "summary": {"covered_lines": 0, "num_statements": 0, "percent_covered": 100.0, "percent_covered_display": "100", "missing_lines": 0, "excluded_lines": 0, "percent_statements_covered": 100.0, "percent_statements_covered_display": "100"}, "missing_lines": [], "excluded_lines": [], "start_line": 50}, "PhaseTransitionDetector": {"executed_lines": [104, 105, 106, 107, 109, 110, 111, 113, 114, 115, 116, 117, 118, 133, 134, 135, 136, 138, 160, 163, 164, 167, 169, 170, 172, 180, 183, 184, 187, 188, 190, 193, 194, 195, 197, 207, 217, 231, 232, 235, 236, 237, 238, 241, 242, 244, 245, 247, 248, 250, 265, 275, 285, 295], "summary": {"covered_lines": 54, "num_statements": 54, "percent_covered": 100.0, "percent_covered_display": "100", "missing_lines": 0, "excluded_lines": 0, "percent_statements_covered": 100.0, "percent_statements_covered_display": "100"}, "missing_lines": [], "excluded_lines": [], "start_line": 77}, "": {"executed_lines": [20, 22, 23, 24, 25, 28, 43, 44, 45, 46, 49, 50, 69, 70, 71, 72, 73, 74, 77, 98, 120, 140, 199, 209, 219, 252, 267, 277, 287], "summary": {"covered_lines": 29, "num_statements": 29, "percent_covered": 100.0, "percent_covered_display": "100", "missing_lines": 0, "excluded_lines": 0, "percent_statements_covered": 100.0, "percent_statements_covered_display": "100"}, "missing_lines": [], "excluded_lines": [], "start_line": 1}}}, "src/bnsyn/emergence/__init__.py": {"executed_lines": [20, 27], "summary": {"covered_lines": 2, "num_statements": 2, "percent_covered": 100.0, "percent_covered_display": "100", "missing_lines": 0, "excluded_lines": 0, "percent_statements_covered": 100.0, "percent_statements_covered_display": "100"}, "missing_lines": [], "excluded_lines": [], "functions": {"": {"executed_lines": [20, 27], "summary": {"covered_lines": 2, "num_statements": 2, "percent_covered": 100.0, "percent_covered_display": "100", "missing_lines": 0, "excluded_lines": 0, "percent_statements_covered": 100.0, "percent_statements_covered_display": "100"}, "missing_lines": [], "excluded_lines": [], "start_line": 1}}, "classes": {"": {"executed_lines": [20, 27], "summary": {"covered_lines": 2, "num_statements": 2, "percent_covered": 100.0, "percent_covered_display": "100", "missing_lines": 0, "excluded_lines": 0, "percent_statements_covered": 100.0, "percent_statements_covered_display": "100"}, "missing_lines": [], "excluded_lines": [], "start_line": 1}}}, "src/bnsyn/emergence/crystallizer.py": {"executed_lines": [21, 23, 24, 25, 26, 28, 29, 30, 32, 34, 37, 53, 54, 55, 56, 59, 60, 85, 86, 87, 88, 89, 92, 93, 118, 119, 120, 121, 122, 125, 126, 154, 155, 156, 157, 158, 159, 161, 162, 163, 164, 165, 166, 167, 168, 169, 170, 173, 177, 197, 198, 199, 200, 201, 202, 205, 206, 207, 208, 209, 210, 212, 218, 240, 241, 243, 244, 247, 248, 250, 266, 267, 269, 271, 272, 275, 276, 279, 280, 281, 282, 283, 285, 290, 292, 309, 310, 312, 313, 315, 333, 334, 336, 337, 338, 340, 341, 342, 344, 346, 347, 348, 351, 352, 354, 355, 356, 357, 359, 360, 362, 363, 364, 366, 367, 369, 371, 388, 389, 391, 393, 394, 397, 398, 400, 403, 405, 406, 407, 410, 411, 412, 413, 414, 416, 423, 425, 427, 442, 443, 445, 446, 447, 448, 449, 450, 453, 454, 455, 457, 459, 461, 462, 463, 465, 489, 490, 492, 495, 496, 498, 499, 500, 502, 505, 506, 509, 510, 513, 514, 515, 516, 517, 518, 519, 521, 522, 523, 524, 526, 528, 544, 546, 562, 563, 566, 567, 569, 571, 587, 588, 589, 590, 592, 600, 616, 618, 634], "summary": {"covered_lines": 198, "num_statements": 198, "percent_covered": 100.0, "percent_covered_display": "100", "missing_lines": 0, "excluded_lines": 0, "percent_statements_covered": 100.0, "percent_statements_covered_display": "100"}, "missing_lines": [], "excluded_lines": [], "functions": {"AttractorCrystallizer.__post_init__": {"executed_lines": [197, 198, 199, 200, 201, 202, 205, 206, 207, 208, 209, 210, 212], "summary": {"covered_lines": 13, "num_statements": 13, "percent_covered": 100.0, "percent_covered_display": "100", "missing_lines": 0, "excluded_lines": 0, "percent_statements_covered": 100.0, "percent_statements_covered_display": "100"}, "missing_lines": [], "excluded_lines": [], "start_line": 177}, "AttractorCrystallizer._subsample_state": {"executed_lines": [240, 241, 243, 244, 247, 248], "summary": {"covered_lines": 6, "num_statements": 6, "percent_covered": 100.0, "percent_covered_display": "100", "missing_lines": 0, "excluded_lines": 0, "percent_statements_covered": 100.0, "percent_statements_covered_display": "100"}, "missing_lines": [], "excluded_lines": [], "start_line": 218}, "AttractorCrystallizer._update_pca": {"executed_lines": [266, 267, 269, 271, 272, 275, 276, 279, 280, 281, 282, 283, 285, 290], "summary": {"covered_lines": 14, "num_statements": 14, "percent_covered": 100.0, "percent_covered_display": "100", "missing_lines": 0, "excluded_lines": 0, "percent_statements_covered": 100.0, "percent_statements_covered_display": "100"}, "missing_lines": [], "excluded_lines": [], "start_line": 250}, "AttractorCrystallizer._transform_to_pca": {"executed_lines": [309, 310, 312, 313], "summary": {"covered_lines": 4, "num_statements": 4, "percent_covered": 100.0, "percent_covered_display": "100", "missing_lines": 0, "excluded_lines": 0, "percent_statements_covered": 100.0, "percent_statements_covered_display": "100"}, "missing_lines": [], "excluded_lines": [], "start_line": 292}, "AttractorCrystallizer._dbscan_lite": {"executed_lines": [333, 334, 336, 337, 338, 340, 341, 342, 344, 346, 347, 348, 351, 352, 354, 355, 356, 357, 359, 360, 362, 363, 364, 366, 367, 369], "summary": {"covered_lines": 26, "num_statements": 26, "percent_covered": 100.0, "percent_covered_display": "100", "missing_lines": 0, "excluded_lines": 0, "percent_statements_covered": 100.0, "percent_statements_covered_display": "100"}, "missing_lines": [], "excluded_lines": [], "start_line": 315}, "AttractorCrystallizer._detect_attractors": {"executed_lines": [388, 389, 391, 393, 394, 397, 398, 400, 403, 405, 406, 407, 410, 411, 412, 413, 414, 416, 423, 425], "summary": {"covered_lines": 20, "num_statements": 20, "percent_covered": 100.0, "percent_covered_display": "100", "missing_lines": 0, "excluded_lines": 0, "percent_statements_covered": 100.0, "percent_statements_covered_display": "100"}, "missing_lines": [], "excluded_lines": [], "start_line": 371}, "AttractorCrystallizer._update_phase": {"executed_lines": [442, 443, 445, 446, 447, 448, 449, 450, 453, 454, 455, 457, 459, 461, 462, 463], "summary": {"covered_lines": 16, "num_statements": 16, "percent_covered": 100.0, "percent_covered_display": "100", "missing_lines": 0, "excluded_lines": 0, "percent_statements_covered": 100.0, "percent_statements_covered_display": "100"}, "missing_lines": [], "excluded_lines": [], "start_line": 427}, "AttractorCrystallizer.observe": {"executed_lines": [489, 490, 492, 495, 496, 498, 499, 500, 502, 505, 506, 509, 510, 513, 514, 515, 516, 517, 518, 519, 521, 522, 523, 524, 526], "summary": {"covered_lines": 25, "num_statements": 25, "percent_covered": 100.0, "percent_covered_display": "100", "missing_lines": 0, "excluded_lines": 0, "percent_statements_covered": 100.0, "percent_statements_covered_display": "100"}, "missing_lines": [], "excluded_lines": [], "start_line": 465}, "AttractorCrystallizer.get_attractors": {"executed_lines": [544], "summary": {"covered_lines": 1, "num_statements": 1, "percent_covered": 100.0, "percent_covered_display": "100", "missing_lines": 0, "excluded_lines": 0, "percent_statements_covered": 100.0, "percent_statements_covered_display": "100"}, "missing_lines": [], "excluded_lines": [], "start_line": 528}, "AttractorCrystallizer.crystallization_progress": {"executed_lines": [562, 563, 566, 567, 569], "summary": {"covered_lines": 5, "num_statements": 5, "percent_covered": 100.0, "percent_covered_display": "100", "missing_lines": 0, "excluded_lines": 0, "percent_statements_covered": 100.0, "percent_statements_covered_display": "100"}, "missing_lines": [], "excluded_lines": [], "start_line": 546}, "AttractorCrystallizer.get_crystallization_state": {"executed_lines": [587, 588, 589, 590, 592], "summary": {"covered_lines": 5, "num_statements": 5, "percent_covered": 100.0, "percent_covered_display": "100", "missing_lines": 0, "excluded_lines": 0, "percent_statements_covered": 100.0, "percent_statements_covered_display": "100"}, "missing_lines": [], "excluded_lines": [], "start_line": 571}, "AttractorCrystallizer.on_attractor_formed": {"executed_lines": [616], "summary": {"covered_lines": 1, "num_statements": 1, "percent_covered": 100.0, "percent_covered_display": "100", "missing_lines": 0, "excluded_lines": 0, "percent_statements_covered": 100.0, "percent_statements_covered_display": "100"}, "missing_lines": [], "excluded_lines": [], "start_line": 600}, "AttractorCrystallizer.on_phase_transition": {"executed_lines": [634], "summary": {"covered_lines": 1, "num_statements": 1, "percent_covered": 100.0, "percent_covered_display": "100", "missing_lines": 0, "excluded_lines": 0, "percent_statements_covered": 100.0, "percent_statements_covered_display": "100"}, "missing_lines": [], "excluded_lines": [], "start_line": 618}, "": {"executed_lines": [21, 23, 24, 25, 26, 28, 29, 30, 32, 34, 37, 53, 54, 55, 56, 59, 60, 85, 86, 87, 88, 89, 92, 93, 118, 119, 120, 121, 122, 125, 126, 154, 155, 156, 157, 158, 159, 161, 162, 163, 164, 165, 166, 167, 168, 169, 170, 173, 177, 218, 250, 292, 315, 371, 427, 465, 528, 546, 571, 600, 618], "summary": {"covered_lines": 61, "num_statements": 61, "percent_covered": 100.0, "percent_covered_display": "100", "missing_lines": 0, "excluded_lines": 0, "percent_statements_covered": 100.0, "percent_statements_covered_display": "100"}, "missing_lines": [], "excluded_lines": [], "start_line": 1}}, "classes": {"Phase": {"executed_lines": [], "summary": {"covered_lines": 0, "num_statements": 0, "percent_covered": 100.0, "percent_covered_display": "100", "missing_lines": 0, "excluded_lines": 0, "percent_statements_covered": 100.0, "percent_statements_covered_display": "100"}, "missing_lines": [], "excluded_lines": [], "start_line": 37}, "Attractor": {"executed_lines": [], "summary": {"covered_lines": 0, "num_statements": 0, "percent_covered": 100.0, "percent_covered_display": "100", "missing_lines": 0, "excluded_lines": 0, "percent_statements_covered": 100.0, "percent_statements_covered_display": "100"}, "missing_lines": [], "excluded_lines": [], "start_line": 60}, "CrystallizationState": {"executed_lines": [], "summary": {"covered_lines": 0, "num_statements": 0, "percent_covered": 100.0, "percent_covered_display": "100", "missing_lines": 0, "excluded_lines": 0, "percent_statements_covered": 100.0, "percent_statements_covered_display": "100"}, "missing_lines": [], "excluded_lines": [], "start_line": 93}, "AttractorCrystallizer": {"executed_lines": [197, 198, 199, 200, 201, 202, 205, 206, 207, 208, 209, 210, 212, 240, 241, 243, 244, 247, 248, 266, 267, 269, 271, 272, 275, 276, 279, 280, 281, 282, 283, 285, 290, 309, 310, 312, 313, 333, 334, 336, 337, 338, 340, 341, 342, 344, 346, 347, 348, 351, 352, 354, 355, 356, 357, 359, 360, 362, 363, 364, 366, 367, 369, 388, 389, 391, 393, 394, 397, 398, 400, 403, 405, 406, 407, 410, 411, 412, 413, 414, 416, 423, 425, 442, 443, 445, 446, 447, 448, 449, 450, 453, 454, 455, 457, 459, 461, 462, 463, 489, 490, 492, 495, 496, 498, 499, 500, 502, 505, 506, 509, 510, 513, 514, 515, 516, 517, 518, 519, 521, 522, 523, 524, 526, 544, 562, 563, 566, 567, 569, 587, 588, 589, 590, 592, 616, 634], "summary": {"covered_lines": 137, "num_statements": 137, "percent_covered": 100.0, "percent_covered_display": "100", "missing_lines": 0, "excluded_lines": 0, "percent_statements_covered": 100.0, "percent_statements_covered_display": "100"}, "missing_lines": [], "excluded_lines": [], "start_line": 126}, "": {"executed_lines": [21, 23, 24, 25, 26, 28, 29, 30, 32, 34, 37, 53, 54, 55, 56, 59, 60, 85, 86, 87, 88, 89, 92, 93, 118, 119, 120, 121, 122, 125, 126, 154, 155, 156, 157, 158, 159, 161, 162, 163, 164, 165, 166, 167, 168, 169, 170, 173, 177, 218, 250, 292, 315, 371, 427, 465, 528, 546, 571, 600, 618], "summary": {"covered_lines": 61, "num_statements": 61, "percent_covered": 100.0, "percent_covered_display": "100", "missing_lines": 0, "excluded_lines": 0, "percent_statements_covered": 100.0, "percent_statements_covered_display": "100"}, "missing_lines": [], "excluded_lines": [], "start_line": 1}}}, "src/bnsyn/energy/__init__.py": {"executed_lines": [20, 22], "summary": {"covered_lines": 2, "num_statements": 2, "percent_covered": 100.0, "percent_covered_display": "100", "missing_lines": 0, "excluded_lines": 0, "percent_statements_covered": 100.0, "percent_statements_covered_display": "100"}, "missing_lines": [], "excluded_lines": [], "functions": {"": {"executed_lines": [20, 22], "summary": {"covered_lines": 2, "num_statements": 2, "percent_covered": 100.0, "percent_covered_display": "100", "missing_lines": 0, "excluded_lines": 0, "percent_statements_covered": 100.0, "percent_statements_covered_display": "100"}, "missing_lines": [], "excluded_lines": [], "start_line": 1}}, "classes": {"": {"executed_lines": [20, 22], "summary": {"covered_lines": 2, "num_statements": 2, "percent_covered": 100.0, "percent_covered_display": "100", "missing_lines": 0, "excluded_lines": 0, "percent_statements_covered": 100.0, "percent_statements_covered_display": "100"}, "missing_lines": [], "excluded_lines": [], "start_line": 1}}}, "src/bnsyn/energy/regularization.py": {"executed_lines": [21, 23, 25, 28, 55, 56, 57, 58, 61, 88, 89], "summary": {"covered_lines": 11, "num_statements": 11, "percent_covered": 100.0, "percent_covered_display": "100", "missing_lines": 0, "excluded_lines": 0, "percent_statements_covered": 100.0, "percent_statements_covered_display": "100"}, "missing_lines": [], "excluded_lines": [], "functions": {"energy_cost": {"executed_lines": [55, 56, 57, 58], "summary": {"covered_lines": 4, "num_statements": 4, "percent_covered": 100.0, "percent_covered_display": "100", "missing_lines": 0, "excluded_lines": 0, "percent_statements_covered": 100.0, "percent_statements_covered_display": "100"}, "missing_lines": [], "excluded_lines": [], "start_line": 28}, "total_reward": {"executed_lines": [88, 89], "summary": {"covered_lines": 2, "num_statements": 2, "percent_covered": 100.0, "percent_covered_display": "100", "missing_lines": 0, "excluded_lines": 0, "percent_statements_covered": 100.0, "percent_statements_covered_display": "100"}, "missing_lines": [], "excluded_lines": [], "start_line": 61}, "": {"executed_lines": [21, 23, 25, 28, 61], "summary": {"covered_lines": 5, "num_statements": 5, "percent_covered": 100.0, "percent_covered_display": "100", "missing_lines": 0, "excluded_lines": 0, "percent_statements_covered": 100.0, "percent_statements_covered_display": "100"}, "missing_lines": [], "excluded_lines": [], "start_line": 1}}, "classes": {"": {"executed_lines": [21, 23, 25, 28, 55, 56, 57, 58, 61, 88, 89], "summary": {"covered_lines": 11, "num_statements": 11, "percent_covered": 100.0, "percent_covered_display": "100", "missing_lines": 0, "excluded_lines": 0, "percent_statements_covered": 100.0, "percent_statements_covered_display": "100"}, "missing_lines": [], "excluded_lines": [], "start_line": 1}}}, "src/bnsyn/experiments/__init__.py": {"executed_lines": [3, 5, 7], "summary": {"covered_lines": 3, "num_statements": 3, "percent_covered": 100.0, "percent_covered_display": "100", "missing_lines": 0, "excluded_lines": 0, "percent_statements_covered": 100.0, "percent_statements_covered_display": "100"}, "missing_lines": [], "excluded_lines": [], "functions": {"": {"executed_lines": [3, 5, 7], "summary": {"covered_lines": 3, "num_statements": 3, "percent_covered": 100.0, "percent_covered_display": "100", "missing_lines": 0, "excluded_lines": 0, "percent_statements_covered": 100.0, "percent_statements_covered_display": "100"}, "missing_lines": [], "excluded_lines": [], "start_line": 1}}, "classes": {"": {"executed_lines": [3, 5, 7], "summary": {"covered_lines": 3, "num_statements": 3, "percent_covered": 100.0, "percent_covered_display": "100", "missing_lines": 0, "excluded_lines": 0, "percent_statements_covered": 100.0, "percent_statements_covered_display": "100"}, "missing_lines": [], "excluded_lines": [], "start_line": 1}}}, "src/bnsyn/experiments/declarative.py": {"executed_lines": [11, 13, 14, 15, 17, 19, 20, 23, 52, 53, 54, 56, 57, 58, 59, 60, 62, 63, 65, 66, 67, 69, 70, 73, 100, 111, 113, 114, 117, 119, 122, 147, 148, 149, 154, 156, 158, 159, 160, 161, 162, 163, 165], "summary": {"covered_lines": 43, "num_statements": 43, "percent_covered": 100.0, "percent_covered_display": "100", "missing_lines": 0, "excluded_lines": 0, "percent_statements_covered": 100.0, "percent_statements_covered_display": "100"}, "missing_lines": [], "excluded_lines": [], "functions": {"load_config": {"executed_lines": [52, 53, 54, 56, 57, 58, 59, 60, 62, 63, 65, 66, 67, 69, 70], "summary": {"covered_lines": 15, "num_statements": 15, "percent_covered": 100.0, "percent_covered_display": "100", "missing_lines": 0, "excluded_lines": 0, "percent_statements_covered": 100.0, "percent_statements_covered_display": "100"}, "missing_lines": [], "excluded_lines": [], "start_line": 23}, "run_experiment": {"executed_lines": [100, 111, 113, 114, 117, 119], "summary": {"covered_lines": 6, "num_statements": 6, "percent_covered": 100.0, "percent_covered_display": "100", "missing_lines": 0, "excluded_lines": 0, "percent_statements_covered": 100.0, "percent_statements_covered_display": "100"}, "missing_lines": [], "excluded_lines": [], "start_line": 73}, "run_from_yaml": {"executed_lines": [147, 148, 149, 154, 156, 158, 159, 160, 161, 162, 163, 165], "summary": {"covered_lines": 12, "num_statements": 12, "percent_covered": 100.0, "percent_covered_display": "100", "missing_lines": 0, "excluded_lines": 0, "percent_statements_covered": 100.0, "percent_statements_covered_display": "100"}, "missing_lines": [], "excluded_lines": [], "start_line": 122}, "": {"executed_lines": [11, 13, 14, 15, 17, 19, 20, 23, 73, 122], "summary": {"covered_lines": 10, "num_statements": 10, "percent_covered": 100.0, "percent_covered_display": "100", "missing_lines": 0, "excluded_lines": 0, "percent_statements_covered": 100.0, "percent_statements_covered_display": "100"}, "missing_lines": [], "excluded_lines": [], "start_line": 1}}, "classes": {"": {"executed_lines": [11, 13, 14, 15, 17, 19, 20, 23, 52, 53, 54, 56, 57, 58, 59, 60, 62, 63, 65, 66, 67, 69, 70, 73, 100, 111, 113, 114, 117, 119, 122, 147, 148, 149, 154, 156, 158, 159, 160, 161, 162, 163, 165], "summary": {"covered_lines": 43, "num_statements": 43, "percent_covered": 100.0, "percent_covered_display": "100", "missing_lines": 0, "excluded_lines": 0, "percent_statements_covered": 100.0, "percent_statements_covered_display": "100"}, "missing_lines": [], "excluded_lines": [], "start_line": 1}}}, "src/bnsyn/incremental.py": {"executed_lines": [11, 13, 14, 15, 16, 18, 21, 22, 25, 27, 30, 52, 53, 54, 56, 57, 58, 59, 60, 63, 107, 108, 110, 111, 113, 114, 115, 116, 118, 120, 122, 125, 144], "summary": {"covered_lines": 33, "num_statements": 33, "percent_covered": 100.0, "percent_covered_display": "100", "missing_lines": 0, "excluded_lines": 0, "percent_statements_covered": 100.0, "percent_statements_covered_display": "100"}, "missing_lines": [], "excluded_lines": [], "functions": {"compute_file_hash": {"executed_lines": [52, 53, 54, 56, 57, 58, 59, 60], "summary": {"covered_lines": 8, "num_statements": 8, "percent_covered": 100.0, "percent_covered_display": "100", "missing_lines": 0, "excluded_lines": 0, "percent_statements_covered": 100.0, "percent_statements_covered_display": "100"}, "missing_lines": [], "excluded_lines": [], "start_line": 30}, "cached": {"executed_lines": [107, 122], "summary": {"covered_lines": 2, "num_statements": 2, "percent_covered": 100.0, "percent_covered_display": "100", "missing_lines": 0, "excluded_lines": 0, "percent_statements_covered": 100.0, "percent_statements_covered_display": "100"}, "missing_lines": [], "excluded_lines": [], "start_line": 63}, "cached.decorator": {"executed_lines": [108, 110, 111, 120], "summary": {"covered_lines": 4, "num_statements": 4, "percent_covered": 100.0, "percent_covered_display": "100", "missing_lines": 0, "excluded_lines": 0, "percent_statements_covered": 100.0, "percent_statements_covered_display": "100"}, "missing_lines": [], "excluded_lines": [], "start_line": 107}, "cached.decorator.wrapper": {"executed_lines": [113, 114, 115, 116, 118], "summary": {"covered_lines": 5, "num_statements": 5, "percent_covered": 100.0, "percent_covered_display": "100", "missing_lines": 0, "excluded_lines": 0, "percent_statements_covered": 100.0, "percent_statements_covered_display": "100"}, "missing_lines": [], "excluded_lines": [], "start_line": 111}, "clear_cache": {"executed_lines": [144], "summary": {"covered_lines": 1, "num_statements": 1, "percent_covered": 100.0, "percent_covered_display": "100", "missing_lines": 0, "excluded_lines": 0, "percent_statements_covered": 100.0, "percent_statements_covered_display": "100"}, "missing_lines": [], "excluded_lines": [], "start_line": 125}, "": {"executed_lines": [11, 13, 14, 15, 16, 18, 21, 22, 25, 27, 30, 63, 125], "summary": {"covered_lines": 13, "num_statements": 13, "percent_covered": 100.0, "percent_covered_display": "100", "missing_lines": 0, "excluded_lines": 0, "percent_statements_covered": 100.0, "percent_statements_covered_display": "100"}, "missing_lines": [], "excluded_lines": [], "start_line": 1}}, "classes": {"": {"executed_lines": [11, 13, 14, 15, 16, 18, 21, 22, 25, 27, 30, 52, 53, 54, 56, 57, 58, 59, 60, 63, 107, 108, 110, 111, 113, 114, 115, 116, 118, 120, 122, 125, 144], "summary": {"covered_lines": 33, "num_statements": 33, "percent_covered": 100.0, "percent_covered_display": "100", "missing_lines": 0, "excluded_lines": 0, "percent_statements_covered": 100.0, "percent_statements_covered_display": "100"}, "missing_lines": [], "excluded_lines": [], "start_line": 1}}}, "src/bnsyn/memory/__init__.py": {"executed_lines": [21, 22, 23, 25], "summary": {"covered_lines": 4, "num_statements": 4, "percent_covered": 100.0, "percent_covered_display": "100", "missing_lines": 0, "excluded_lines": 0, "percent_statements_covered": 100.0, "percent_statements_covered_display": "100"}, "missing_lines": [], "excluded_lines": [], "functions": {"": {"executed_lines": [21, 22, 23, 25], "summary": {"covered_lines": 4, "num_statements": 4, "percent_covered": 100.0, "percent_covered_display": "100", "missing_lines": 0, "excluded_lines": 0, "percent_statements_covered": 100.0, "percent_statements_covered_display": "100"}, "missing_lines": [], "excluded_lines": [], "start_line": 1}}, "classes": {"": {"executed_lines": [21, 22, 23, 25], "summary": {"covered_lines": 4, "num_statements": 4, "percent_covered": 100.0, "percent_covered_display": "100", "missing_lines": 0, "excluded_lines": 0, "percent_statements_covered": 100.0, "percent_statements_covered_display": "100"}, "missing_lines": [], "excluded_lines": [], "start_line": 1}}}, "src/bnsyn/memory/consolidator.py": {"executed_lines": [21, 23, 25, 26, 28, 30, 33, 34, 61, 62, 63, 64, 65, 66, 69, 88, 89, 90, 92, 93, 94, 95, 96, 97, 99, 124, 125, 126, 127, 130, 132, 133, 134, 137, 138, 139, 140, 141, 144, 145, 154, 167, 168, 169, 170, 178, 180, 183, 184, 186, 194, 195, 196, 197, 198, 199, 200, 202, 226, 227, 228, 229, 231, 234, 235, 237, 238, 241, 242, 243, 244, 255, 257, 281, 282, 283, 284, 285, 286, 288, 290, 291, 294, 295, 304, 317, 318, 319, 327, 328, 329, 330, 332], "summary": {"covered_lines": 93, "num_statements": 93, "percent_covered": 100.0, "percent_covered_display": "100", "missing_lines": 0, "excluded_lines": 0, "percent_statements_covered": 100.0, "percent_statements_covered_display": "100"}, "missing_lines": [], "excluded_lines": [], "functions": {"MemoryConsolidator.__init__": {"executed_lines": [89, 90, 92, 93, 94, 95, 96, 97], "summary": {"covered_lines": 8, "num_statements": 8, "percent_covered": 100.0, "percent_covered_display": "100", "missing_lines": 0, "excluded_lines": 0, "percent_statements_covered": 100.0, "percent_statements_covered_display": "100"}, "missing_lines": [], "excluded_lines": [], "start_line": 88}, "MemoryConsolidator.tag": {"executed_lines": [124, 125, 126, 127, 130, 132, 133, 134, 137, 138, 139, 140, 141, 144, 145], "summary": {"covered_lines": 15, "num_statements": 15, "percent_covered": 100.0, "percent_covered_display": "100", "missing_lines": 0, "excluded_lines": 0, "percent_statements_covered": 100.0, "percent_statements_covered_display": "100"}, "missing_lines": [], "excluded_lines": [], "start_line": 99}, "MemoryConsolidator._find_eviction_candidate": {"executed_lines": [167, 168, 169, 170, 178, 180, 183, 184], "summary": {"covered_lines": 8, "num_statements": 8, "percent_covered": 100.0, "percent_covered_display": "100", "missing_lines": 0, "excluded_lines": 0, "percent_statements_covered": 100.0, "percent_statements_covered_display": "100"}, "missing_lines": [], "excluded_lines": [], "start_line": 154}, "MemoryConsolidator._evict": {"executed_lines": [194, 195, 196, 197, 198, 199, 200], "summary": {"covered_lines": 7, "num_statements": 7, "percent_covered": 100.0, "percent_covered_display": "100", "missing_lines": 0, "excluded_lines": 0, "percent_statements_covered": 100.0, "percent_statements_covered_display": "100"}, "missing_lines": [], "excluded_lines": [], "start_line": 186}, "MemoryConsolidator.consolidate": {"executed_lines": [226, 227, 228, 229, 231, 234, 235, 237, 238, 241, 242, 243, 244, 255], "summary": {"covered_lines": 14, "num_statements": 14, "percent_covered": 100.0, "percent_covered_display": "100", "missing_lines": 0, "excluded_lines": 0, "percent_statements_covered": 100.0, "percent_statements_covered_display": "100"}, "missing_lines": [], "excluded_lines": [], "start_line": 202}, "MemoryConsolidator.recall": {"executed_lines": [281, 282, 283, 284, 285, 286, 288, 290, 291, 294, 295], "summary": {"covered_lines": 11, "num_statements": 11, "percent_covered": 100.0, "percent_covered_display": "100", "missing_lines": 0, "excluded_lines": 0, "percent_statements_covered": 100.0, "percent_statements_covered_display": "100"}, "missing_lines": [], "excluded_lines": [], "start_line": 257}, "MemoryConsolidator.stats": {"executed_lines": [317, 318, 319, 327, 328, 329, 330, 332], "summary": {"covered_lines": 8, "num_statements": 8, "percent_covered": 100.0, "percent_covered_display": "100", "missing_lines": 0, "excluded_lines": 0, "percent_statements_covered": 100.0, "percent_statements_covered_display": "100"}, "missing_lines": [], "excluded_lines": [], "start_line": 304}, "": {"executed_lines": [21, 23, 25, 26, 28, 30, 33, 34, 61, 62, 63, 64, 65, 66, 69, 88, 99, 154, 186, 202, 257, 304], "summary": {"covered_lines": 22, "num_statements": 22, "percent_covered": 100.0, "percent_covered_display": "100", "missing_lines": 0, "excluded_lines": 0, "percent_statements_covered": 100.0, "percent_statements_covered_display": "100"}, "missing_lines": [], "excluded_lines": [], "start_line": 1}}, "classes": {"ConsolidatedMemory": {"executed_lines": [], "summary": {"covered_lines": 0, "num_statements": 0, "percent_covered": 100.0, "percent_covered_display": "100", "missing_lines": 0, "excluded_lines": 0, "percent_statements_covered": 100.0, "percent_statements_covered_display": "100"}, "missing_lines": [], "excluded_lines": [], "start_line": 34}, "MemoryConsolidator": {"executed_lines": [89, 90, 92, 93, 94, 95, 96, 97, 124, 125, 126, 127, 130, 132, 133, 134, 137, 138, 139, 140, 141, 144, 145, 167, 168, 169, 170, 178, 180, 183, 184, 194, 195, 196, 197, 198, 199, 200, 226, 227, 228, 229, 231, 234, 235, 237, 238, 241, 242, 243, 244, 255, 281, 282, 283, 284, 285, 286, 288, 290, 291, 294, 295, 317, 318, 319, 327, 328, 329, 330, 332], "summary": {"covered_lines": 71, "num_statements": 71, "percent_covered": 100.0, "percent_covered_display": "100", "missing_lines": 0, "excluded_lines": 0, "percent_statements_covered": 100.0, "percent_statements_covered_display": "100"}, "missing_lines": [], "excluded_lines": [], "start_line": 69}, "": {"executed_lines": [21, 23, 25, 26, 28, 30, 33, 34, 61, 62, 63, 64, 65, 66, 69, 88, 99, 154, 186, 202, 257, 304], "summary": {"covered_lines": 22, "num_statements": 22, "percent_covered": 100.0, "percent_covered_display": "100", "missing_lines": 0, "excluded_lines": 0, "percent_statements_covered": 100.0, "percent_statements_covered_display": "100"}, "missing_lines": [], "excluded_lines": [], "start_line": 1}}}, "src/bnsyn/memory/ledger.py": {"executed_lines": [22, 24, 25, 26, 28, 29, 31, 32, 35, 36, 61, 62, 63, 64, 65, 66, 67, 70, 71, 90, 92, 132, 133, 134, 135, 136, 137, 138, 139, 142, 143, 144, 145, 146, 147, 149, 158, 160, 173, 186, 209, 211, 213, 222, 224, 226, 238], "summary": {"covered_lines": 47, "num_statements": 47, "percent_covered": 100.0, "percent_covered_display": "100", "missing_lines": 0, "excluded_lines": 0, "percent_statements_covered": 100.0, "percent_statements_covered_display": "100"}, "missing_lines": [], "excluded_lines": [], "functions": {"ConsolidationLedger.record_event": {"executed_lines": [132, 133, 134, 135, 136, 137, 138, 139, 142, 143, 144, 145, 146, 147, 149, 158], "summary": {"covered_lines": 16, "num_statements": 16, "percent_covered": 100.0, "percent_covered_display": "100", "missing_lines": 0, "excluded_lines": 0, "percent_statements_covered": 100.0, "percent_statements_covered_display": "100"}, "missing_lines": [], "excluded_lines": [], "start_line": 92}, "ConsolidationLedger.get_history": {"executed_lines": [173], "summary": {"covered_lines": 1, "num_statements": 1, "percent_covered": 100.0, "percent_covered_display": "100", "missing_lines": 0, "excluded_lines": 0, "percent_statements_covered": 100.0, "percent_statements_covered_display": "100"}, "missing_lines": [], "excluded_lines": [], "start_line": 160}, "ConsolidationLedger.compute_hash": {"executed_lines": [209, 211, 213, 222, 224], "summary": {"covered_lines": 5, "num_statements": 5, "percent_covered": 100.0, "percent_covered_display": "100", "missing_lines": 0, "excluded_lines": 0, "percent_statements_covered": 100.0, "percent_statements_covered_display": "100"}, "missing_lines": [], "excluded_lines": [], "start_line": 186}, "ConsolidationLedger.get_state": {"executed_lines": [238], "summary": {"covered_lines": 1, "num_statements": 1, "percent_covered": 100.0, "percent_covered_display": "100", "missing_lines": 0, "excluded_lines": 0, "percent_statements_covered": 100.0, "percent_statements_covered_display": "100"}, "missing_lines": [], "excluded_lines": [], "start_line": 226}, "": {"executed_lines": [22, 24, 25, 26, 28, 29, 31, 32, 35, 36, 61, 62, 63, 64, 65, 66, 67, 70, 71, 90, 92, 160, 186, 226], "summary": {"covered_lines": 24, "num_statements": 24, "percent_covered": 100.0, "percent_covered_display": "100", "missing_lines": 0, "excluded_lines": 0, "percent_statements_covered": 100.0, "percent_statements_covered_display": "100"}, "missing_lines": [], "excluded_lines": [], "start_line": 1}}, "classes": {"ConsolidationEvent": {"executed_lines": [], "summary": {"covered_lines": 0, "num_statements": 0, "percent_covered": 100.0, "percent_covered_display": "100", "missing_lines": 0, "excluded_lines": 0, "percent_statements_covered": 100.0, "percent_statements_covered_display": "100"}, "missing_lines": [], "excluded_lines": [], "start_line": 36}, "ConsolidationLedger": {"executed_lines": [132, 133, 134, 135, 136, 137, 138, 139, 142, 143, 144, 145, 146, 147, 149, 158, 173, 209, 211, 213, 222, 224, 238], "summary": {"covered_lines": 23, "num_statements": 23, "percent_covered": 100.0, "percent_covered_display": "100", "missing_lines": 0, "excluded_lines": 0, "percent_statements_covered": 100.0, "percent_statements_covered_display": "100"}, "missing_lines": [], "excluded_lines": [], "start_line": 71}, "": {"executed_lines": [22, 24, 25, 26, 28, 29, 31, 32, 35, 36, 61, 62, 63, 64, 65, 66, 67, 70, 71, 90, 92, 160, 186, 226], "summary": {"covered_lines": 24, "num_statements": 24, "percent_covered": 100.0, "percent_covered_display": "100", "missing_lines": 0, "excluded_lines": 0, "percent_statements_covered": 100.0, "percent_statements_covered_display": "100"}, "missing_lines": [], "excluded_lines": [], "start_line": 1}}}, "src/bnsyn/memory/trace.py": {"executed_lines": [23, 25, 26, 28, 29, 31, 34, 35, 62, 63, 64, 65, 66, 68, 76, 77, 79, 104, 105, 106, 107, 110, 111, 112, 113, 114, 117, 118, 119, 120, 121, 123, 149, 150, 151, 152, 153, 154, 155, 157, 158, 161, 162, 163, 164, 165, 166, 167, 168, 169, 170, 171, 174, 175, 176, 179, 180, 182, 184, 209, 210, 211, 212, 214, 215, 218, 219, 221, 234], "summary": {"covered_lines": 69, "num_statements": 69, "percent_covered": 100.0, "percent_covered_display": "100", "missing_lines": 0, "excluded_lines": 0, "percent_statements_covered": 100.0, "percent_statements_covered_display": "100"}, "missing_lines": [], "excluded_lines": [], "functions": {"MemoryTrace.__post_init__": {"executed_lines": [76, 77], "summary": {"covered_lines": 2, "num_statements": 2, "percent_covered": 100.0, "percent_covered_display": "100", "missing_lines": 0, "excluded_lines": 0, "percent_statements_covered": 100.0, "percent_statements_covered_display": "100"}, "missing_lines": [], "excluded_lines": [], "start_line": 68}, "MemoryTrace.tag": {"executed_lines": [104, 105, 106, 107, 110, 111, 112, 113, 114, 117, 118, 119, 120, 121], "summary": {"covered_lines": 14, "num_statements": 14, "percent_covered": 100.0, "percent_covered_display": "100", "missing_lines": 0, "excluded_lines": 0, "percent_statements_covered": 100.0, "percent_statements_covered_display": "100"}, "missing_lines": [], "excluded_lines": [], "start_line": 79}, "MemoryTrace.recall": {"executed_lines": [149, 150, 151, 152, 153, 154, 155, 157, 158, 161, 162, 163, 164, 165, 166, 167, 168, 169, 170, 171, 174, 175, 176, 179, 180, 182], "summary": {"covered_lines": 26, "num_statements": 26, "percent_covered": 100.0, "percent_covered_display": "100", "missing_lines": 0, "excluded_lines": 0, "percent_statements_covered": 100.0, "percent_statements_covered_display": "100"}, "missing_lines": [], "excluded_lines": [], "start_line": 123}, "MemoryTrace.consolidate": {"executed_lines": [209, 210, 211, 212, 214, 215, 218, 219], "summary": {"covered_lines": 8, "num_statements": 8, "percent_covered": 100.0, "percent_covered_display": "100", "missing_lines": 0, "excluded_lines": 0, "percent_statements_covered": 100.0, "percent_statements_covered_display": "100"}, "missing_lines": [], "excluded_lines": [], "start_line": 184}, "MemoryTrace.get_state": {"executed_lines": [234], "summary": {"covered_lines": 1, "num_statements": 1, "percent_covered": 100.0, "percent_covered_display": "100", "missing_lines": 0, "excluded_lines": 0, "percent_statements_covered": 100.0, "percent_statements_covered_display": "100"}, "missing_lines": [], "excluded_lines": [], "start_line": 221}, "": {"executed_lines": [23, 25, 26, 28, 29, 31, 34, 35, 62, 63, 64, 65, 66, 68, 79, 123, 184, 221], "summary": {"covered_lines": 18, "num_statements": 18, "percent_covered": 100.0, "percent_covered_display": "100", "missing_lines": 0, "excluded_lines": 0, "percent_statements_covered": 100.0, "percent_statements_covered_display": "100"}, "missing_lines": [], "excluded_lines": [], "start_line": 1}}, "classes": {"MemoryTrace": {"executed_lines": [76, 77, 104, 105, 106, 107, 110, 111, 112, 113, 114, 117, 118, 119, 120, 121, 149, 150, 151, 152, 153, 154, 155, 157, 158, 161, 162, 163, 164, 165, 166, 167, 168, 169, 170, 171, 174, 175, 176, 179, 180, 182, 209, 210, 211, 212, 214, 215, 218, 219, 234], "summary": {"covered_lines": 51, "num_statements": 51, "percent_covered": 100.0, "percent_covered_display": "100", "missing_lines": 0, "excluded_lines": 0, "percent_statements_covered": 100.0, "percent_statements_covered_display": "100"}, "missing_lines": [], "excluded_lines": [], "start_line": 35}, "": {"executed_lines": [23, 25, 26, 28, 29, 31, 34, 35, 62, 63, 64, 65, 66, 68, 79, 123, 184, 221], "summary": {"covered_lines": 18, "num_statements": 18, "percent_covered": 100.0, "percent_covered_display": "100", "missing_lines": 0, "excluded_lines": 0, "percent_statements_covered": 100.0, "percent_statements_covered_display": "100"}, "missing_lines": [], "excluded_lines": [], "start_line": 1}}}, "src/bnsyn/neuron/__init__.py": {"executed_lines": [20, 27], "summary": {"covered_lines": 2, "num_statements": 2, "percent_covered": 100.0, "percent_covered_display": "100", "missing_lines": 0, "excluded_lines": 0, "percent_statements_covered": 100.0, "percent_statements_covered_display": "100"}, "missing_lines": [], "excluded_lines": [], "functions": {"": {"executed_lines": [20, 27], "summary": {"covered_lines": 2, "num_statements": 2, "percent_covered": 100.0, "percent_covered_display": "100", "missing_lines": 0, "excluded_lines": 0, "percent_statements_covered": 100.0, "percent_statements_covered_display": "100"}, "missing_lines": [], "excluded_lines": [], "start_line": 1}}, "classes": {"": {"executed_lines": [20, 27], "summary": {"covered_lines": 2, "num_statements": 2, "percent_covered": 100.0, "percent_covered_display": "100", "missing_lines": 0, "excluded_lines": 0, "percent_statements_covered": 100.0, "percent_statements_covered_display": "100"}, "missing_lines": [], "excluded_lines": [], "start_line": 1}}}, "src/bnsyn/neuron/adex.py": {"executed_lines": [21, 23, 25, 26, 27, 29, 30, 32, 33, 36, 37, 58, 59, 60, 63, 64, 85, 86, 87, 90, 157, 158, 159, 160, 163, 164, 165, 166, 168, 169, 170, 171, 172, 173, 175, 176, 177, 181, 182, 183, 184, 185, 188, 189, 191, 192, 193, 194, 196, 199, 247, 248, 249, 250, 252, 253, 254, 256, 257, 258, 259, 260, 261, 262, 263, 265, 266, 267, 268, 269, 271, 276, 279, 328, 329, 330, 331, 332, 333, 334, 335, 337, 338, 339, 340, 341, 343, 344, 345, 346, 347, 348, 349, 350, 351, 353, 362, 363, 364, 366, 367, 368, 369, 371], "summary": {"covered_lines": 104, "num_statements": 104, "percent_covered": 100.0, "percent_covered_display": "100", "missing_lines": 0, "excluded_lines": 0, "percent_statements_covered": 100.0, "percent_statements_covered_display": "100"}, "missing_lines": [], "excluded_lines": [], "functions": {"adex_step": {"executed_lines": [157, 158, 159, 160, 163, 164, 165, 166, 168, 169, 170, 171, 172, 173, 175, 176, 177, 181, 182, 183, 184, 185, 188, 189, 191, 192, 193, 194, 196], "summary": {"covered_lines": 29, "num_statements": 29, "percent_covered": 100.0, "percent_covered_display": "100", "missing_lines": 0, "excluded_lines": 0, "percent_statements_covered": 100.0, "percent_statements_covered_display": "100"}, "missing_lines": [], "excluded_lines": [], "start_line": 90}, "adex_step_with_error_tracking": {"executed_lines": [247, 248, 249, 250, 252, 253, 254, 256, 257, 258, 259, 260, 261, 262, 263, 265, 266, 267, 268, 269, 271, 276], "summary": {"covered_lines": 22, "num_statements": 22
[...]
excluded_lines": 0, "percent_statements_covered": 100.0, "percent_statements_covered_display": "100"}, "missing_lines": [], "excluded_lines": [], "start_line": 108}, "validate_spike_array": {"executed_lines": [159, 160, 161, 162, 163], "summary": {"covered_lines": 5, "num_statements": 5, "percent_covered": 100.0, "percent_covered_display": "100", "missing_lines": 0, "excluded_lines": 0, "percent_statements_covered": 100.0, "percent_statements_covered_display": "100"}, "missing_lines": [], "excluded_lines": [], "start_line": 138}, "validate_connectivity_matrix": {"executed_lines": [191, 192, 193, 194, 195, 196, 197], "summary": {"covered_lines": 7, "num_statements": 7, "percent_covered": 100.0, "percent_covered_display": "100", "missing_lines": 0, "excluded_lines": 0, "percent_statements_covered": 100.0, "percent_statements_covered_display": "100"}, "missing_lines": [], "excluded_lines": [], "start_line": 166}, "": {"executed_lines": [20, 22, 24, 25, 26, 28, 30, 31, 34, 67, 69, 70, 71, 72, 73, 74, 75, 76, 78, 79, 80, 83, 108, 138, 166], "summary": {"covered_lines": 25, "num_statements": 25, "percent_covered": 100.0, "percent_covered_display": "100", "missing_lines": 0, "excluded_lines": 0, "percent_statements_covered": 100.0, "percent_statements_covered_display": "100"}, "missing_lines": [], "excluded_lines": [], "start_line": 1}}, "classes": {"NetworkValidationConfig": {"executed_lines": [], "summary": {"covered_lines": 0, "num_statements": 0, "percent_covered": 100.0, "percent_covered_display": "100", "missing_lines": 0, "excluded_lines": 0, "percent_statements_covered": 100.0, "percent_statements_covered_display": "100"}, "missing_lines": [], "excluded_lines": [], "start_line": 34}, "": {"executed_lines": [20, 22, 24, 25, 26, 28, 30, 31, 34, 67, 69, 70, 71, 72, 73, 74, 75, 76, 78, 79, 80, 83, 103, 104, 105, 108, 129, 130, 131, 132, 133, 134, 135, 138, 159, 160, 161, 162, 163, 166, 191, 192, 193, 194, 195, 196, 197], "summary": {"covered_lines": 47, "num_statements": 47, "percent_covered": 100.0, "percent_covered_display": "100", "missing_lines": 0, "excluded_lines": 0, "percent_statements_covered": 100.0, "percent_statements_covered_display": "100"}, "missing_lines": [], "excluded_lines": [], "start_line": 1}}}, "src/bnsyn/vcg.py": {"executed_lines": [20, 22, 24, 27, 28, 47, 48, 49, 50, 52, 53, 54, 55, 56, 57, 58, 61, 83, 84, 85, 86, 87, 90, 110, 111, 112, 115, 139, 140, 141, 146], "summary": {"covered_lines": 31, "num_statements": 31, "percent_covered": 100.0, "percent_covered_display": "100", "missing_lines": 0, "excluded_lines": 0, "percent_statements_covered": 100.0, "percent_statements_covered_display": "100"}, "missing_lines": [], "excluded_lines": [], "functions": {"VCGParams.__post_init__": {"executed_lines": [53, 54, 55, 56, 57, 58], "summary": {"covered_lines": 6, "num_statements": 6, "percent_covered": 100.0, "percent_covered_display": "100", "missing_lines": 0, "excluded_lines": 0, "percent_statements_covered": 100.0, "percent_statements_covered_display": "100"}, "missing_lines": [], "excluded_lines": [], "start_line": 52}, "update_support_level": {"executed_lines": [83, 84, 85, 86, 87], "summary": {"covered_lines": 5, "num_statements": 5, "percent_covered": 100.0, "percent_covered_display": "100", "missing_lines": 0, "excluded_lines": 0, "percent_statements_covered": 100.0, "percent_statements_covered_display": "100"}, "missing_lines": [], "excluded_lines": [], "start_line": 61}, "allocation_multiplier": {"executed_lines": [110, 111, 112], "summary": {"covered_lines": 3, "num_statements": 3, "percent_covered": 100.0, "percent_covered_display": "100", "missing_lines": 0, "excluded_lines": 0, "percent_statements_covered": 100.0, "percent_statements_covered_display": "100"}, "missing_lines": [], "excluded_lines": [], "start_line": 90}, "update_support_vector": {"executed_lines": [139, 140, 141, 146], "summary": {"covered_lines": 4, "num_statements": 4, "percent_covered": 100.0, "percent_covered_display": "100", "missing_lines": 0, "excluded_lines": 0, "percent_statements_covered": 100.0, "percent_statements_covered_display": "100"}, "missing_lines": [], "excluded_lines": [], "start_line": 115}, "": {"executed_lines": [20, 22, 24, 27, 28, 47, 48, 49, 50, 52, 61, 90, 115], "summary": {"covered_lines": 13, "num_statements": 13, "percent_covered": 100.0, "percent_covered_display": "100", "missing_lines": 0, "excluded_lines": 0, "percent_statements_covered": 100.0, "percent_statements_covered_display": "100"}, "missing_lines": [], "excluded_lines": [], "start_line": 1}}, "classes": {"VCGParams": {"executed_lines": [53, 54, 55, 56, 57, 58], "summary": {"covered_lines": 6, "num_statements": 6, "percent_covered": 100.0, "percent_covered_display": "100", "missing_lines": 0, "excluded_lines": 0, "percent_statements_covered": 100.0, "percent_statements_covered_display": "100"}, "missing_lines": [], "excluded_lines": [], "start_line": 28}, "": {"executed_lines": [20, 22, 24, 27, 28, 47, 48, 49, 50, 52, 61, 83, 84, 85, 86, 87, 90, 110, 111, 112, 115, 139, 140, 141, 146], "summary": {"covered_lines": 25, "num_statements": 25, "percent_covered": 100.0, "percent_covered_display": "100", "missing_lines": 0, "excluded_lines": 0, "percent_statements_covered": 100.0, "percent_statements_covered_display": "100"}, "missing_lines": [], "excluded_lines": [], "start_line": 1}}}, "src/bnsyn/viz/__init__.py": {"executed_lines": [14, 16], "summary": {"covered_lines": 2, "num_statements": 2, "percent_covered": 100.0, "percent_covered_display": "100", "missing_lines": 0, "excluded_lines": 0, "percent_statements_covered": 100.0, "percent_statements_covered_display": "100"}, "missing_lines": [], "excluded_lines": [], "functions": {"": {"executed_lines": [14, 16], "summary": {"covered_lines": 2, "num_statements": 2, "percent_covered": 100.0, "percent_covered_display": "100", "missing_lines": 0, "excluded_lines": 0, "percent_statements_covered": 100.0, "percent_statements_covered_display": "100"}, "missing_lines": [], "excluded_lines": [], "start_line": 1}}, "classes": {"": {"executed_lines": [14, 16], "summary": {"covered_lines": 2, "num_statements": 2, "percent_covered": 100.0, "percent_covered_display": "100", "missing_lines": 0, "excluded_lines": 0, "percent_statements_covered": 100.0, "percent_statements_covered_display": "100"}, "missing_lines": [], "excluded_lines": [], "start_line": 1}}}, "src/bnsyn/viz/dashboard.py": {"executed_lines": [14, 16, 17, 19, 20, 28, 31, 32, 35, 55, 56, 58, 59, 60, 62, 63, 64, 68, 71, 110, 126, 127, 128, 129, 130, 131, 132, 135, 136, 137, 138, 139, 140, 141, 143, 171, 172, 173, 174, 176, 199, 201, 202, 204, 205, 207, 208, 210, 211, 213, 214, 216, 217, 218, 219, 221, 237, 238, 239, 241, 242, 244, 261, 262, 263, 265, 266, 268, 283, 284, 286, 288, 291, 292, 293, 294, 295, 296, 298, 313, 314, 315, 316, 317, 318, 320, 335, 336, 338, 340, 341, 342, 350, 361, 362, 363, 364, 365, 366, 378, 379, 380, 381, 382, 384, 399, 400, 402, 403, 404, 405, 407, 408, 409, 410, 411, 413, 428, 429, 431, 432, 433, 435, 436, 437, 438, 440, 455, 456, 458, 460, 468, 469, 471, 472, 473, 475, 476, 477, 478, 480, 495, 496, 498, 499, 500, 502, 503, 504, 505, 507, 522, 523, 525, 527, 528, 530, 531, 532, 533, 536, 537, 547, 548, 549, 550], "summary": {"covered_lines": 166, "num_statements": 166, "percent_covered": 100.0, "percent_covered_display": "100", "missing_lines": 0, "excluded_lines": 6, "percent_statements_covered": 100.0, "percent_statements_covered_display": "100"}, "missing_lines": [], "excluded_lines": [22, 23, 24, 25, 26, 72], "functions": {"_load_matplotlib": {"executed_lines": [55, 56, 58, 59, 60, 62, 63, 64, 68], "summary": {"covered_lines": 9, "num_statements": 9, "percent_covered": 100.0, "percent_covered_display": "100", "missing_lines": 0, "excluded_lines": 0, "percent_statements_covered": 100.0, "percent_statements_covered_display": "100"}, "missing_lines": [], "excluded_lines": [], "start_line": 35}, "EmergenceDashboard.__init__": {"executed_lines": [126, 127, 128, 129, 130, 131, 132, 135, 136, 137, 138, 139, 140, 141], "summary": {"covered_lines": 14, "num_statements": 14, "percent_covered": 100.0, "percent_covered_display": "100", "missing_lines": 0, "excluded_lines": 0, "percent_statements_covered": 100.0, "percent_statements_covered_display": "100"}, "missing_lines": [], "excluded_lines": [], "start_line": 110}, "EmergenceDashboard.attach": {"executed_lines": [171, 172, 173, 174], "summary": {"covered_lines": 4, "num_statements": 4, "percent_covered": 100.0, "percent_covered_display": "100", "missing_lines": 0, "excluded_lines": 0, "percent_statements_covered": 100.0, "percent_statements_covered_display": "100"}, "missing_lines": [], "excluded_lines": [], "start_line": 143}, "EmergenceDashboard.update": {"executed_lines": [199, 201, 202, 204, 205, 207, 208, 210, 211, 213, 214, 216, 217, 218, 219], "summary": {"covered_lines": 15, "num_statements": 15, "percent_covered": 100.0, "percent_covered_display": "100", "missing_lines": 0, "excluded_lines": 0, "percent_statements_covered": 100.0, "percent_statements_covered_display": "100"}, "missing_lines": [], "excluded_lines": [], "start_line": 176}, "EmergenceDashboard.show": {"executed_lines": [237, 238, 239, 241, 242], "summary": {"covered_lines": 5, "num_statements": 5, "percent_covered": 100.0, "percent_covered_display": "100", "missing_lines": 0, "excluded_lines": 0, "percent_statements_covered": 100.0, "percent_statements_covered_display": "100"}, "missing_lines": [], "excluded_lines": [], "start_line": 221}, "EmergenceDashboard.save_animation": {"executed_lines": [261, 262, 263, 265, 266], "summary": {"covered_lines": 5, "num_statements": 5, "percent_covered": 100.0, "percent_covered_display": "100", "missing_lines": 0, "excluded_lines": 0, "percent_statements_covered": 100.0, "percent_statements_covered_display": "100"}, "missing_lines": [], "excluded_lines": [], "start_line": 244}, "EmergenceDashboard._ensure_figure": {"executed_lines": [283, 284, 286, 288, 291, 292, 293, 294, 295, 296], "summary": {"covered_lines": 10, "num_statements": 10, "percent_covered": 100.0, "percent_covered_display": "100", "missing_lines": 0, "excluded_lines": 0, "percent_statements_covered": 100.0, "percent_statements_covered_display": "100"}, "missing_lines": [], "excluded_lines": [], "start_line": 268}, "EmergenceDashboard._render": {"executed_lines": [313, 314, 315, 316, 317, 318], "summary": {"covered_lines": 6, "num_statements": 6, "percent_covered": 100.0, "percent_covered_display": "100", "missing_lines": 0, "excluded_lines": 0, "percent_statements_covered": 100.0, "percent_statements_covered_display": "100"}, "missing_lines": [], "excluded_lines": [], "start_line": 298}, "EmergenceDashboard._render_attractor": {"executed_lines": [335, 336, 338, 340, 341, 342, 350, 361, 362, 363, 364, 365, 366, 378, 379, 380, 381, 382], "summary": {"covered_lines": 18, "num_statements": 18, "percent_covered": 100.0, "percent_covered_display": "100", "missing_lines": 0, "excluded_lines": 0, "percent_statements_covered": 100.0, "percent_statements_covered_display": "100"}, "missing_lines": [], "excluded_lines": [], "start_line": 320}, "EmergenceDashboard._render_sigma": {"executed_lines": [399, 400, 402, 403, 404, 405, 407, 408, 409, 410, 411], "summary": {"covered_lines": 11, "num_statements": 11, "percent_covered": 100.0, "percent_covered_display": "100", "missing_lines": 0, "excluded_lines": 0, "percent_statements_covered": 100.0, "percent_statements_covered_display": "100"}, "missing_lines": [], "excluded_lines": [], "start_line": 384}, "EmergenceDashboard._render_temperature": {"executed_lines": [428, 429, 431, 432, 433, 435, 436, 437, 438], "summary": {"covered_lines": 9, "num_statements": 9, "percent_covered": 100.0, "percent_covered_display": "100", "missing_lines": 0, "excluded_lines": 0, "percent_statements_covered": 100.0, "percent_statements_covered_display": "100"}, "missing_lines": [], "excluded_lines": [], "start_line": 413}, "EmergenceDashboard._render_sleep": {"executed_lines": [455, 456, 458, 460, 468, 469, 471, 472, 473, 475, 476, 477, 478], "summary": {"covered_lines": 13, "num_statements": 13, "percent_covered": 100.0, "percent_covered_display": "100", "missing_lines": 0, "excluded_lines": 0, "percent_statements_covered": 100.0, "percent_statements_covered_display": "100"}, "missing_lines": [], "excluded_lines": [], "start_line": 440}, "EmergenceDashboard._render_consolidation": {"executed_lines": [495, 496, 498, 499, 500, 502, 503, 504, 505], "summary": {"covered_lines": 9, "num_statements": 9, "percent_covered": 100.0, "percent_covered_display": "100", "missing_lines": 0, "excluded_lines": 0, "percent_statements_covered": 100.0, "percent_statements_covered_display": "100"}, "missing_lines": [], "excluded_lines": [], "start_line": 480}, "EmergenceDashboard._render_avalanche": {"executed_lines": [522, 523, 525, 527, 528, 530, 531, 532, 533, 536, 537, 547, 548, 549, 550], "summary": {"covered_lines": 15, "num_statements": 15, "percent_covered": 100.0, "percent_covered_display": "100", "missing_lines": 0, "excluded_lines": 0, "percent_statements_covered": 100.0, "percent_statements_covered_display": "100"}, "missing_lines": [], "excluded_lines": [], "start_line": 507}, "": {"executed_lines": [14, 16, 17, 19, 20, 28, 31, 32, 35, 71, 110, 143, 176, 221, 244, 268, 298, 320, 384, 413, 440, 480, 507], "summary": {"covered_lines": 23, "num_statements": 23, "percent_covered": 100.0, "percent_covered_display": "100", "missing_lines": 0, "excluded_lines": 6, "percent_statements_covered": 100.0, "percent_statements_covered_display": "100"}, "missing_lines": [], "excluded_lines": [22, 23, 24, 25, 26, 72], "start_line": 1}}, "classes": {"EmergenceDashboard": {"executed_lines": [126, 127, 128, 129, 130, 131, 132, 135, 136, 137, 138, 139, 140, 141, 171, 172, 173, 174, 199, 201, 202, 204, 205, 207, 208, 210, 211, 213, 214, 216, 217, 218, 219, 237, 238, 239, 241, 242, 261, 262, 263, 265, 266, 283, 284, 286, 288, 291, 292, 293, 294, 295, 296, 313, 314, 315, 316, 317, 318, 335, 336, 338, 340, 341, 342, 350, 361, 362, 363, 364, 365, 366, 378, 379, 380, 381, 382, 399, 400, 402, 403, 404, 405, 407, 408, 409, 410, 411, 428, 429, 431, 432, 433, 435, 436, 437, 438, 455, 456, 458, 460, 468, 469, 471, 472, 473, 475, 476, 477, 478, 495, 496, 498, 499, 500, 502, 503, 504, 505, 522, 523, 525, 527, 528, 530, 531, 532, 533, 536, 537, 547, 548, 549, 550], "summary": {"covered_lines": 134, "num_statements": 134, "percent_covered": 100.0, "percent_covered_display": "100", "missing_lines": 0, "excluded_lines": 0, "percent_statements_covered": 100.0, "percent_statements_covered_display": "100"}, "missing_lines": [], "excluded_lines": [], "start_line": 71}, "": {"executed_lines": [14, 16, 17, 19, 20, 28, 31, 32, 35, 55, 56, 58, 59, 60, 62, 63, 64, 68, 71, 110, 143, 176, 221, 244, 268, 298, 320, 384, 413, 440, 480, 507], "summary": {"covered_lines": 32, "num_statements": 32, "percent_covered": 100.0, "percent_covered_display": "100", "missing_lines": 0, "excluded_lines": 6, "percent_statements_covered": 100.0, "percent_statements_covered_display": "100"}, "missing_lines": [], "excluded_lines": [22, 23, 24, 25, 26, 72], "start_line": 1}}}, "src/bnsyn/viz/interactive.py": {"executed_lines": [14, 16, 18, 20, 21, 23, 24, 25, 27, 28, 29, 32, 58, 59, 64, 66, 67, 70, 71, 72, 75, 78, 83, 84, 86, 87, 88, 91, 92, 101, 102, 103, 104, 106, 107, 108, 111, 112, 115, 118, 121, 122, 124, 127, 131, 132, 133, 134, 136, 137, 138, 139, 141, 142, 143, 144, 146, 147, 148, 149, 152, 153, 154, 155, 156, 157, 158, 159, 160, 161, 162, 163, 166, 169, 172, 196, 197, 202, 203, 204, 205, 206, 207, 209, 210, 219, 226, 229, 249, 250, 255, 256, 258, 259, 260, 270, 276, 279, 299, 300, 305, 306, 308, 309, 311, 316, 319, 339, 340, 345, 347, 348, 349, 351, 358, 363, 366, 372, 373, 374, 375, 377, 378, 381, 382], "summary": {"covered_lines": 125, "num_statements": 125, "percent_covered": 100.0, "percent_covered_display": "100", "missing_lines": 0, "excluded_lines": 0, "percent_statements_covered": 100.0, "percent_statements_covered_display": "100"}, "missing_lines": [], "excluded_lines": [], "functions": {"main": {"executed_lines": [58, 59, 64, 66, 67, 70, 71, 72, 75, 78, 83, 84, 86, 87, 88, 91, 92, 101, 102, 103, 104, 106, 107, 108, 111, 112, 115, 118, 121, 122, 124, 127, 131, 132, 133, 134, 136, 137, 138, 139, 141, 142, 143, 144, 146, 147, 148, 149, 152, 153, 154, 155, 156, 157, 158, 159, 160, 161, 162, 163, 166, 169], "summary": {"covered_lines": 62, "num_statements": 62, "percent_covered": 100.0, "percent_covered_display": "100", "missing_lines": 0, "excluded_lines": 0, "percent_statements_covered": 100.0, "percent_statements_covered_display": "100"}, "missing_lines": [], "excluded_lines": [], "start_line": 32}, "create_raster_plot": {"executed_lines": [196, 197, 202, 203, 204, 205, 206, 207, 209, 210, 219, 226], "summary": {"covered_lines": 12, "num_statements": 12, "percent_covered": 100.0, "percent_covered_display": "100", "missing_lines": 0, "excluded_lines": 0, "percent_statements_covered": 100.0, "percent_statements_covered_display": "100"}, "missing_lines": [], "excluded_lines": [], "start_line": 172}, "create_voltage_plot": {"executed_lines": [249, 250, 255, 256, 258, 259, 260, 270, 276], "summary": {"covered_lines": 9, "num_statements": 9, "percent_covered": 100.0, "percent_covered_display": "100", "missing_lines": 0, "excluded_lines": 0, "percent_statements_covered": 100.0, "percent_statements_covered_display": "100"}, "missing_lines": [], "excluded_lines": [], "start_line": 229}, "create_firing_rate_plot": {"executed_lines": [299, 300, 305, 306, 308, 309, 311, 316], "summary": {"covered_lines": 8, "num_statements": 8, "percent_covered": 100.0, "percent_covered_display": "100", "missing_lines": 0, "excluded_lines": 0, "percent_statements_covered": 100.0, "percent_statements_covered_display": "100"}, "missing_lines": [], "excluded_lines": [], "start_line": 279}, "create_stats_plot": {"executed_lines": [339, 340, 345, 347, 348, 349, 351, 358, 363, 366, 372, 373, 374, 375, 377, 378], "summary": {"covered_lines": 16, "num_statements": 16, "percent_covered": 100.0, "percent_covered_display": "100", "missing_lines": 0, "excluded_lines": 0, "percent_statements_covered": 100.0, "percent_statements_covered_display": "100"}, "missing_lines": [], "excluded_lines": [], "start_line": 319}, "": {"executed_lines": [14, 16, 18, 20, 21, 23, 24, 25, 27, 28, 29, 32, 172, 229, 279, 319, 381, 382], "summary": {"covered_lines": 18, "num_statements": 18, "percent_covered": 100.0, "percent_covered_display": "100", "missing_lines": 0, "excluded_lines": 0, "percent_statements_covered": 100.0, "percent_statements_covered_display": "100"}, "missing_lines": [], "excluded_lines": [], "start_line": 1}}, "classes": {"": {"executed_lines": [14, 16, 18, 20, 21, 23, 24, 25, 27, 28, 29, 32, 58, 59, 64, 66, 67, 70, 71, 72, 75, 78, 83, 84, 86, 87, 88, 91, 92, 101, 102, 103, 104, 106, 107, 108, 111, 112, 115, 118, 121, 122, 124, 127, 131, 132, 133, 134, 136, 137, 138, 139, 141, 142, 143, 144, 146, 147, 148, 149, 152, 153, 154, 155, 156, 157, 158, 159, 160, 161, 162, 163, 166, 169, 172, 196, 197, 202, 203, 204, 205, 206, 207, 209, 210, 219, 226, 229, 249, 250, 255, 256, 258, 259, 260, 270, 276, 279, 299, 300, 305, 306, 308, 309, 311, 316, 319, 339, 340, 345, 347, 348, 349, 351, 358, 363, 366, 372, 373, 374, 375, 377, 378, 381, 382], "summary": {"covered_lines": 125, "num_statements": 125, "percent_covered": 100.0, "percent_covered_display": "100", "missing_lines": 0, "excluded_lines": 0, "percent_statements_covered": 100.0, "percent_statements_covered_display": "100"}, "missing_lines": [], "excluded_lines": [], "start_line": 1}}}}, "totals": {"covered_lines": 2458, "num_statements": 2458, "percent_covered": 100.0, "percent_covered_display": "100", "missing_lines": 0, "excluded_lines": 11, "percent_statements_covered": 100.0, "percent_statements_covered_display": "100"}}